[2025-07-09T22:31:20.490+0000] {local_task_job_runner.py:123} INFO - ::group::Pre task execution logs
[2025-07-09T22:31:20.515+0000] {taskinstance.py:2614} INFO - Dependencies all met for dep_context=non-requeueable deps ti=<TaskInstance: list_s3_files.list_files_in_s3_bucket manual__2025-07-09T22:31:19.041221+00:00 [queued]>
[2025-07-09T22:31:20.530+0000] {taskinstance.py:2614} INFO - Dependencies all met for dep_context=requeueable deps ti=<TaskInstance: list_s3_files.list_files_in_s3_bucket manual__2025-07-09T22:31:19.041221+00:00 [queued]>
[2025-07-09T22:31:20.530+0000] {taskinstance.py:2867} INFO - Starting attempt 1 of 1
[2025-07-09T22:31:20.552+0000] {taskinstance.py:2890} INFO - Executing <Task(PythonOperator): list_files_in_s3_bucket> on 2025-07-09 22:31:19.041221+00:00
[2025-07-09T22:31:20.561+0000] {standard_task_runner.py:72} INFO - Started process 233314 to run task
[2025-07-09T22:31:20.565+0000] {standard_task_runner.py:104} INFO - Running: ['***', 'tasks', 'run', 'list_s3_files', 'list_files_in_s3_bucket', 'manual__2025-07-09T22:31:19.041221+00:00', '--job-id', '27', '--raw', '--subdir', 'DAGS_FOLDER/aws.py', '--cfg-path', '/tmp/tmpjynrsw1m']
[2025-07-09T22:31:20.569+0000] {standard_task_runner.py:105} INFO - Job 27: Subtask list_files_in_s3_bucket
[2025-07-09T22:31:20.625+0000] {task_command.py:467} INFO - Running <TaskInstance: list_s3_files.list_files_in_s3_bucket manual__2025-07-09T22:31:19.041221+00:00 [running]> on host dd8713d3b969
[2025-07-09T22:31:20.733+0000] {taskinstance.py:3134} INFO - Exporting env vars: AIRFLOW_CTX_DAG_OWNER='***' AIRFLOW_CTX_DAG_ID='list_s3_files' AIRFLOW_CTX_TASK_ID='list_files_in_s3_bucket' AIRFLOW_CTX_EXECUTION_DATE='2025-07-09T22:31:19.041221+00:00' AIRFLOW_CTX_TRY_NUMBER='1' AIRFLOW_CTX_DAG_RUN_ID='manual__2025-07-09T22:31:19.041221+00:00'
[2025-07-09T22:31:20.735+0000] {taskinstance.py:732} INFO - ::endgroup::
[2025-07-09T22:31:22.117+0000] {base.py:84} INFO - Retrieving connection 'aws_s3'
[2025-07-09T22:31:22.117+0000] {connection_wrapper.py:325} INFO - AWS Connection (conn_id='aws_s3', conn_type='aws') credentials retrieved from login and password.
[2025-07-09T22:32:01.445+0000] {logging_mixin.py:190} INFO - test output
[2025-07-09T22:32:02.744+0000] {logging_mixin.py:190} INFO - +---------+------------------+-------+------------+-----------+------------+---------------+---------+--------------+--------+------------------+------------------+--------+------------------+-------------------+------------------+---------------------------+-----------------+--------------------------+
|     City|             Price|    Day|   Room Type|Shared Room|Private Room|Person Capacity|Superhost|Multiple Rooms|Business|Cleanliness Rating|Guest Satisfaction|Bedrooms|  City Center (km)|Metro Distance (km)|  Attraction Index|Normalised Attraction Index|  Restraunt Index|Normalised Restraunt Index|
+---------+------------------+-------+------------+-----------+------------+---------------+---------+--------------+--------+------------------+------------------+--------+------------------+-------------------+------------------+---------------------------+-----------------+--------------------------+
|Amsterdam|194.03369812293488|Weekday|Private room|      false|        true|            2.0|    false|             1|       0|              10.0|              93.0|       1| 5.022963798088291|  2.539380002594493| 78.69037927190317|          4.166707868490748|98.25389587009934|         6.846472824200016|
|Amsterdam| 344.2457760176224|Weekday|Private room|      false|        true|            4.0|    false|             0|       0|               8.0|              85.0|       1|0.4883892888289836| 0.2394039228349863| 631.1763782503964|         33.421208615275404|837.2807567422693|         58.34292774344904|
|Amsterdam| 264.1014224451058|Weekday|Private room|      false|        true|            2.0|    false|             0|       1|               9.0|              87.0|       1| 5.748311915159562|  3.651621288793656| 75.27587691428164|         3.9859076998790086| 95.3869549262145|         6.646700254501156|
|Amsterdam| 433.5293979799874|Weekday|Private room|      false|        true|            4.0|    false|             0|       1|               9.0|              90.0|       2| 0.384862012821602| 0.4398760761319157|493.27253443070873|          26.11910845442667|875.0330975776227|         60.97356516795285|
|Amsterdam| 485.5529257375859|Weekday|Private room|      false|        true|            2.0|     true|             0|       0|              10.0|              98.0|       1|0.5447381834292384| 0.3186926468416831| 552.8303243593364|         29.272733004488263|815.3057399687838|         56.81167695874816|
+---------+------------------+-------+------------+-----------+------------+---------------+---------+--------------+--------+------------------+------------------+--------+------------------+-------------------+------------------+---------------------------+-----------------+--------------------------+
only showing top 5 rows
[2025-07-09T22:32:02.745+0000] {python.py:240} INFO - Done. Returned value was: None
[2025-07-09T22:32:02.765+0000] {taskinstance.py:341} INFO - ::group::Post task execution logs
[2025-07-09T22:32:02.766+0000] {taskinstance.py:353} INFO - Marking task as SUCCESS. dag_id=list_s3_files, task_id=list_files_in_s3_bucket, run_id=manual__2025-07-09T22:31:19.041221+00:00, execution_date=20250709T223119, start_date=20250709T223120, end_date=20250709T223202
[2025-07-09T22:32:02.861+0000] {local_task_job_runner.py:266} INFO - Task exited with return code 0
[2025-07-09T22:32:02.892+0000] {taskinstance.py:3901} INFO - 0 downstream tasks scheduled from follow-on schedule check
[2025-07-09T22:32:02.893+0000] {local_task_job_runner.py:245} INFO - ::endgroup::
