[2025-07-11T00:00:06.152+0000] {processor.py:186} INFO - Started process (PID=14676) to work on /opt/airflow/dags/api.py
[2025-07-11T00:00:06.153+0000] {processor.py:914} INFO - Processing file /opt/airflow/dags/api.py for tasks to queue
[2025-07-11T00:00:06.156+0000] {logging_mixin.py:190} INFO - [2025-07-11T00:00:06.156+0000] {dagbag.py:588} INFO - Filling up the DagBag from /opt/airflow/dags/api.py
[2025-07-11T00:00:06.169+0000] {processor.py:925} INFO - DAG(s) 'API_data' retrieved from /opt/airflow/dags/api.py
[2025-07-11T00:00:06.202+0000] {logging_mixin.py:190} INFO - [2025-07-11T00:00:06.201+0000] {dag.py:3239} INFO - Sync 1 DAGs
[2025-07-11T00:00:06.234+0000] {logging_mixin.py:190} INFO - [2025-07-11T00:00:06.234+0000] {dag.py:4180} INFO - Setting next_dagrun for API_data to 2025-07-10 00:00:00+00:00, run_after=2025-07-11 00:00:00+00:00
[2025-07-11T00:00:06.260+0000] {processor.py:208} INFO - Processing /opt/airflow/dags/api.py took 0.119 seconds
[2025-07-11T00:00:36.981+0000] {processor.py:186} INFO - Started process (PID=14994) to work on /opt/airflow/dags/api.py
[2025-07-11T00:00:36.982+0000] {processor.py:914} INFO - Processing file /opt/airflow/dags/api.py for tasks to queue
[2025-07-11T00:00:36.984+0000] {logging_mixin.py:190} INFO - [2025-07-11T00:00:36.984+0000] {dagbag.py:588} INFO - Filling up the DagBag from /opt/airflow/dags/api.py
[2025-07-11T00:00:36.996+0000] {processor.py:925} INFO - DAG(s) 'API_data' retrieved from /opt/airflow/dags/api.py
[2025-07-11T00:00:37.020+0000] {logging_mixin.py:190} INFO - [2025-07-11T00:00:37.020+0000] {dag.py:3239} INFO - Sync 1 DAGs
[2025-07-11T00:00:37.049+0000] {logging_mixin.py:190} INFO - [2025-07-11T00:00:37.048+0000] {dag.py:4180} INFO - Setting next_dagrun for API_data to 2025-07-10 00:00:00+00:00, run_after=2025-07-11 00:00:00+00:00
[2025-07-11T00:00:37.068+0000] {processor.py:208} INFO - Processing /opt/airflow/dags/api.py took 0.095 seconds
[2025-07-11T00:01:07.733+0000] {processor.py:186} INFO - Started process (PID=15030) to work on /opt/airflow/dags/api.py
[2025-07-11T00:01:07.734+0000] {processor.py:914} INFO - Processing file /opt/airflow/dags/api.py for tasks to queue
[2025-07-11T00:01:07.738+0000] {logging_mixin.py:190} INFO - [2025-07-11T00:01:07.738+0000] {dagbag.py:588} INFO - Filling up the DagBag from /opt/airflow/dags/api.py
[2025-07-11T00:01:07.757+0000] {processor.py:925} INFO - DAG(s) 'API_data' retrieved from /opt/airflow/dags/api.py
[2025-07-11T00:01:07.785+0000] {logging_mixin.py:190} INFO - [2025-07-11T00:01:07.785+0000] {dag.py:3239} INFO - Sync 1 DAGs
[2025-07-11T00:01:07.811+0000] {logging_mixin.py:190} INFO - [2025-07-11T00:01:07.811+0000] {dag.py:4180} INFO - Setting next_dagrun for API_data to 2025-07-10 00:00:00+00:00, run_after=2025-07-11 00:00:00+00:00
[2025-07-11T00:01:07.829+0000] {processor.py:208} INFO - Processing /opt/airflow/dags/api.py took 0.108 seconds
[2025-07-11T00:01:38.543+0000] {processor.py:186} INFO - Started process (PID=15066) to work on /opt/airflow/dags/api.py
[2025-07-11T00:01:38.544+0000] {processor.py:914} INFO - Processing file /opt/airflow/dags/api.py for tasks to queue
[2025-07-11T00:01:38.546+0000] {logging_mixin.py:190} INFO - [2025-07-11T00:01:38.546+0000] {dagbag.py:588} INFO - Filling up the DagBag from /opt/airflow/dags/api.py
[2025-07-11T00:01:38.558+0000] {processor.py:925} INFO - DAG(s) 'API_data' retrieved from /opt/airflow/dags/api.py
[2025-07-11T00:01:38.581+0000] {logging_mixin.py:190} INFO - [2025-07-11T00:01:38.581+0000] {dag.py:3239} INFO - Sync 1 DAGs
[2025-07-11T00:01:38.606+0000] {logging_mixin.py:190} INFO - [2025-07-11T00:01:38.606+0000] {dag.py:4180} INFO - Setting next_dagrun for API_data to 2025-07-10 00:00:00+00:00, run_after=2025-07-11 00:00:00+00:00
[2025-07-11T00:01:38.625+0000] {processor.py:208} INFO - Processing /opt/airflow/dags/api.py took 0.091 seconds
[2025-07-11T00:02:09.260+0000] {processor.py:186} INFO - Started process (PID=15102) to work on /opt/airflow/dags/api.py
[2025-07-11T00:02:09.261+0000] {processor.py:914} INFO - Processing file /opt/airflow/dags/api.py for tasks to queue
[2025-07-11T00:02:09.264+0000] {logging_mixin.py:190} INFO - [2025-07-11T00:02:09.263+0000] {dagbag.py:588} INFO - Filling up the DagBag from /opt/airflow/dags/api.py
[2025-07-11T00:02:09.275+0000] {processor.py:925} INFO - DAG(s) 'API_data' retrieved from /opt/airflow/dags/api.py
[2025-07-11T00:02:09.298+0000] {logging_mixin.py:190} INFO - [2025-07-11T00:02:09.298+0000] {dag.py:3239} INFO - Sync 1 DAGs
[2025-07-11T00:02:09.323+0000] {logging_mixin.py:190} INFO - [2025-07-11T00:02:09.323+0000] {dag.py:4180} INFO - Setting next_dagrun for API_data to 2025-07-10 00:00:00+00:00, run_after=2025-07-11 00:00:00+00:00
[2025-07-11T00:02:09.342+0000] {processor.py:208} INFO - Processing /opt/airflow/dags/api.py took 0.091 seconds
[2025-07-11T00:02:40.043+0000] {processor.py:186} INFO - Started process (PID=15138) to work on /opt/airflow/dags/api.py
[2025-07-11T00:02:40.044+0000] {processor.py:914} INFO - Processing file /opt/airflow/dags/api.py for tasks to queue
[2025-07-11T00:02:40.046+0000] {logging_mixin.py:190} INFO - [2025-07-11T00:02:40.046+0000] {dagbag.py:588} INFO - Filling up the DagBag from /opt/airflow/dags/api.py
[2025-07-11T00:02:40.058+0000] {processor.py:925} INFO - DAG(s) 'API_data' retrieved from /opt/airflow/dags/api.py
[2025-07-11T00:02:40.083+0000] {logging_mixin.py:190} INFO - [2025-07-11T00:02:40.082+0000] {dag.py:3239} INFO - Sync 1 DAGs
[2025-07-11T00:02:40.108+0000] {logging_mixin.py:190} INFO - [2025-07-11T00:02:40.108+0000] {dag.py:4180} INFO - Setting next_dagrun for API_data to 2025-07-10 00:00:00+00:00, run_after=2025-07-11 00:00:00+00:00
[2025-07-11T00:02:40.129+0000] {processor.py:208} INFO - Processing /opt/airflow/dags/api.py took 0.094 seconds
[2025-07-11T00:03:10.839+0000] {processor.py:186} INFO - Started process (PID=15174) to work on /opt/airflow/dags/api.py
[2025-07-11T00:03:10.840+0000] {processor.py:914} INFO - Processing file /opt/airflow/dags/api.py for tasks to queue
[2025-07-11T00:03:10.842+0000] {logging_mixin.py:190} INFO - [2025-07-11T00:03:10.842+0000] {dagbag.py:588} INFO - Filling up the DagBag from /opt/airflow/dags/api.py
[2025-07-11T00:03:10.856+0000] {processor.py:925} INFO - DAG(s) 'API_data' retrieved from /opt/airflow/dags/api.py
[2025-07-11T00:03:10.880+0000] {logging_mixin.py:190} INFO - [2025-07-11T00:03:10.880+0000] {dag.py:3239} INFO - Sync 1 DAGs
[2025-07-11T00:03:10.909+0000] {logging_mixin.py:190} INFO - [2025-07-11T00:03:10.909+0000] {dag.py:4180} INFO - Setting next_dagrun for API_data to 2025-07-10 00:00:00+00:00, run_after=2025-07-11 00:00:00+00:00
[2025-07-11T00:03:10.927+0000] {processor.py:208} INFO - Processing /opt/airflow/dags/api.py took 0.097 seconds
[2025-07-11T00:03:41.623+0000] {processor.py:186} INFO - Started process (PID=15210) to work on /opt/airflow/dags/api.py
[2025-07-11T00:03:41.623+0000] {processor.py:914} INFO - Processing file /opt/airflow/dags/api.py for tasks to queue
[2025-07-11T00:03:41.626+0000] {logging_mixin.py:190} INFO - [2025-07-11T00:03:41.625+0000] {dagbag.py:588} INFO - Filling up the DagBag from /opt/airflow/dags/api.py
[2025-07-11T00:03:41.638+0000] {processor.py:925} INFO - DAG(s) 'API_data' retrieved from /opt/airflow/dags/api.py
[2025-07-11T00:03:41.662+0000] {logging_mixin.py:190} INFO - [2025-07-11T00:03:41.662+0000] {dag.py:3239} INFO - Sync 1 DAGs
[2025-07-11T00:03:41.687+0000] {logging_mixin.py:190} INFO - [2025-07-11T00:03:41.687+0000] {dag.py:4180} INFO - Setting next_dagrun for API_data to 2025-07-10 00:00:00+00:00, run_after=2025-07-11 00:00:00+00:00
[2025-07-11T00:03:41.704+0000] {processor.py:208} INFO - Processing /opt/airflow/dags/api.py took 0.091 seconds
[2025-07-11T00:04:12.391+0000] {processor.py:186} INFO - Started process (PID=15246) to work on /opt/airflow/dags/api.py
[2025-07-11T00:04:12.392+0000] {processor.py:914} INFO - Processing file /opt/airflow/dags/api.py for tasks to queue
[2025-07-11T00:04:12.394+0000] {logging_mixin.py:190} INFO - [2025-07-11T00:04:12.394+0000] {dagbag.py:588} INFO - Filling up the DagBag from /opt/airflow/dags/api.py
[2025-07-11T00:04:12.407+0000] {processor.py:925} INFO - DAG(s) 'API_data' retrieved from /opt/airflow/dags/api.py
[2025-07-11T00:04:12.431+0000] {logging_mixin.py:190} INFO - [2025-07-11T00:04:12.430+0000] {dag.py:3239} INFO - Sync 1 DAGs
[2025-07-11T00:04:12.456+0000] {logging_mixin.py:190} INFO - [2025-07-11T00:04:12.456+0000] {dag.py:4180} INFO - Setting next_dagrun for API_data to 2025-07-10 00:00:00+00:00, run_after=2025-07-11 00:00:00+00:00
[2025-07-11T00:04:12.474+0000] {processor.py:208} INFO - Processing /opt/airflow/dags/api.py took 0.092 seconds
[2025-07-11T00:04:43.164+0000] {processor.py:186} INFO - Started process (PID=15282) to work on /opt/airflow/dags/api.py
[2025-07-11T00:04:43.164+0000] {processor.py:914} INFO - Processing file /opt/airflow/dags/api.py for tasks to queue
[2025-07-11T00:04:43.167+0000] {logging_mixin.py:190} INFO - [2025-07-11T00:04:43.167+0000] {dagbag.py:588} INFO - Filling up the DagBag from /opt/airflow/dags/api.py
[2025-07-11T00:04:43.180+0000] {processor.py:925} INFO - DAG(s) 'API_data' retrieved from /opt/airflow/dags/api.py
[2025-07-11T00:04:43.204+0000] {logging_mixin.py:190} INFO - [2025-07-11T00:04:43.204+0000] {dag.py:3239} INFO - Sync 1 DAGs
[2025-07-11T00:04:43.229+0000] {logging_mixin.py:190} INFO - [2025-07-11T00:04:43.229+0000] {dag.py:4180} INFO - Setting next_dagrun for API_data to 2025-07-10 00:00:00+00:00, run_after=2025-07-11 00:00:00+00:00
[2025-07-11T00:04:43.247+0000] {processor.py:208} INFO - Processing /opt/airflow/dags/api.py took 0.093 seconds
[2025-07-11T00:05:13.854+0000] {processor.py:186} INFO - Started process (PID=15318) to work on /opt/airflow/dags/api.py
[2025-07-11T00:05:13.855+0000] {processor.py:914} INFO - Processing file /opt/airflow/dags/api.py for tasks to queue
[2025-07-11T00:05:13.857+0000] {logging_mixin.py:190} INFO - [2025-07-11T00:05:13.857+0000] {dagbag.py:588} INFO - Filling up the DagBag from /opt/airflow/dags/api.py
[2025-07-11T00:05:13.868+0000] {processor.py:925} INFO - DAG(s) 'API_data' retrieved from /opt/airflow/dags/api.py
[2025-07-11T00:05:13.890+0000] {logging_mixin.py:190} INFO - [2025-07-11T00:05:13.890+0000] {dag.py:3239} INFO - Sync 1 DAGs
[2025-07-11T00:05:13.915+0000] {logging_mixin.py:190} INFO - [2025-07-11T00:05:13.915+0000] {dag.py:4180} INFO - Setting next_dagrun for API_data to 2025-07-10 00:00:00+00:00, run_after=2025-07-11 00:00:00+00:00
[2025-07-11T00:05:13.931+0000] {processor.py:208} INFO - Processing /opt/airflow/dags/api.py took 0.086 seconds
[2025-07-11T00:05:44.527+0000] {processor.py:186} INFO - Started process (PID=15354) to work on /opt/airflow/dags/api.py
[2025-07-11T00:05:44.527+0000] {processor.py:914} INFO - Processing file /opt/airflow/dags/api.py for tasks to queue
[2025-07-11T00:05:44.530+0000] {logging_mixin.py:190} INFO - [2025-07-11T00:05:44.529+0000] {dagbag.py:588} INFO - Filling up the DagBag from /opt/airflow/dags/api.py
[2025-07-11T00:05:44.542+0000] {processor.py:925} INFO - DAG(s) 'API_data' retrieved from /opt/airflow/dags/api.py
[2025-07-11T00:05:44.566+0000] {logging_mixin.py:190} INFO - [2025-07-11T00:05:44.566+0000] {dag.py:3239} INFO - Sync 1 DAGs
[2025-07-11T00:05:44.591+0000] {logging_mixin.py:190} INFO - [2025-07-11T00:05:44.591+0000] {dag.py:4180} INFO - Setting next_dagrun for API_data to 2025-07-10 00:00:00+00:00, run_after=2025-07-11 00:00:00+00:00
[2025-07-11T00:05:44.608+0000] {processor.py:208} INFO - Processing /opt/airflow/dags/api.py took 0.090 seconds
[2025-07-11T00:06:15.309+0000] {processor.py:186} INFO - Started process (PID=15390) to work on /opt/airflow/dags/api.py
[2025-07-11T00:06:15.310+0000] {processor.py:914} INFO - Processing file /opt/airflow/dags/api.py for tasks to queue
[2025-07-11T00:06:15.314+0000] {logging_mixin.py:190} INFO - [2025-07-11T00:06:15.313+0000] {dagbag.py:588} INFO - Filling up the DagBag from /opt/airflow/dags/api.py
[2025-07-11T00:06:15.329+0000] {processor.py:925} INFO - DAG(s) 'API_data' retrieved from /opt/airflow/dags/api.py
[2025-07-11T00:06:15.351+0000] {logging_mixin.py:190} INFO - [2025-07-11T00:06:15.350+0000] {dag.py:3239} INFO - Sync 1 DAGs
[2025-07-11T00:06:15.376+0000] {logging_mixin.py:190} INFO - [2025-07-11T00:06:15.376+0000] {dag.py:4180} INFO - Setting next_dagrun for API_data to 2025-07-10 00:00:00+00:00, run_after=2025-07-11 00:00:00+00:00
[2025-07-11T00:06:15.395+0000] {processor.py:208} INFO - Processing /opt/airflow/dags/api.py took 0.096 seconds
[2025-07-11T00:06:45.984+0000] {processor.py:186} INFO - Started process (PID=15426) to work on /opt/airflow/dags/api.py
[2025-07-11T00:06:45.985+0000] {processor.py:914} INFO - Processing file /opt/airflow/dags/api.py for tasks to queue
[2025-07-11T00:06:45.988+0000] {logging_mixin.py:190} INFO - [2025-07-11T00:06:45.988+0000] {dagbag.py:588} INFO - Filling up the DagBag from /opt/airflow/dags/api.py
[2025-07-11T00:06:46.002+0000] {processor.py:925} INFO - DAG(s) 'API_data' retrieved from /opt/airflow/dags/api.py
[2025-07-11T00:06:46.024+0000] {logging_mixin.py:190} INFO - [2025-07-11T00:06:46.024+0000] {dag.py:3239} INFO - Sync 1 DAGs
[2025-07-11T00:06:46.049+0000] {logging_mixin.py:190} INFO - [2025-07-11T00:06:46.048+0000] {dag.py:4180} INFO - Setting next_dagrun for API_data to 2025-07-10 00:00:00+00:00, run_after=2025-07-11 00:00:00+00:00
[2025-07-11T00:06:46.066+0000] {processor.py:208} INFO - Processing /opt/airflow/dags/api.py took 0.093 seconds
[2025-07-11T00:07:16.781+0000] {processor.py:186} INFO - Started process (PID=15462) to work on /opt/airflow/dags/api.py
[2025-07-11T00:07:16.781+0000] {processor.py:914} INFO - Processing file /opt/airflow/dags/api.py for tasks to queue
[2025-07-11T00:07:16.784+0000] {logging_mixin.py:190} INFO - [2025-07-11T00:07:16.783+0000] {dagbag.py:588} INFO - Filling up the DagBag from /opt/airflow/dags/api.py
[2025-07-11T00:07:16.795+0000] {processor.py:925} INFO - DAG(s) 'API_data' retrieved from /opt/airflow/dags/api.py
[2025-07-11T00:07:16.820+0000] {logging_mixin.py:190} INFO - [2025-07-11T00:07:16.819+0000] {dag.py:3239} INFO - Sync 1 DAGs
[2025-07-11T00:07:16.846+0000] {logging_mixin.py:190} INFO - [2025-07-11T00:07:16.845+0000] {dag.py:4180} INFO - Setting next_dagrun for API_data to 2025-07-10 00:00:00+00:00, run_after=2025-07-11 00:00:00+00:00
[2025-07-11T00:07:16.863+0000] {processor.py:208} INFO - Processing /opt/airflow/dags/api.py took 0.094 seconds
[2025-07-11T00:07:47.552+0000] {processor.py:186} INFO - Started process (PID=15498) to work on /opt/airflow/dags/api.py
[2025-07-11T00:07:47.552+0000] {processor.py:914} INFO - Processing file /opt/airflow/dags/api.py for tasks to queue
[2025-07-11T00:07:47.555+0000] {logging_mixin.py:190} INFO - [2025-07-11T00:07:47.555+0000] {dagbag.py:588} INFO - Filling up the DagBag from /opt/airflow/dags/api.py
[2025-07-11T00:07:47.569+0000] {processor.py:925} INFO - DAG(s) 'API_data' retrieved from /opt/airflow/dags/api.py
[2025-07-11T00:07:47.594+0000] {logging_mixin.py:190} INFO - [2025-07-11T00:07:47.594+0000] {dag.py:3239} INFO - Sync 1 DAGs
[2025-07-11T00:07:47.620+0000] {logging_mixin.py:190} INFO - [2025-07-11T00:07:47.619+0000] {dag.py:4180} INFO - Setting next_dagrun for API_data to 2025-07-10 00:00:00+00:00, run_after=2025-07-11 00:00:00+00:00
[2025-07-11T00:07:47.636+0000] {processor.py:208} INFO - Processing /opt/airflow/dags/api.py took 0.093 seconds
[2025-07-11T00:08:18.337+0000] {processor.py:186} INFO - Started process (PID=15534) to work on /opt/airflow/dags/api.py
[2025-07-11T00:08:18.338+0000] {processor.py:914} INFO - Processing file /opt/airflow/dags/api.py for tasks to queue
[2025-07-11T00:08:18.341+0000] {logging_mixin.py:190} INFO - [2025-07-11T00:08:18.341+0000] {dagbag.py:588} INFO - Filling up the DagBag from /opt/airflow/dags/api.py
[2025-07-11T00:08:18.356+0000] {processor.py:925} INFO - DAG(s) 'API_data' retrieved from /opt/airflow/dags/api.py
[2025-07-11T00:08:18.379+0000] {logging_mixin.py:190} INFO - [2025-07-11T00:08:18.378+0000] {dag.py:3239} INFO - Sync 1 DAGs
[2025-07-11T00:08:18.404+0000] {logging_mixin.py:190} INFO - [2025-07-11T00:08:18.403+0000] {dag.py:4180} INFO - Setting next_dagrun for API_data to 2025-07-10 00:00:00+00:00, run_after=2025-07-11 00:00:00+00:00
[2025-07-11T00:08:18.421+0000] {processor.py:208} INFO - Processing /opt/airflow/dags/api.py took 0.098 seconds
[2025-07-11T00:08:49.128+0000] {processor.py:186} INFO - Started process (PID=15570) to work on /opt/airflow/dags/api.py
[2025-07-11T00:08:49.129+0000] {processor.py:914} INFO - Processing file /opt/airflow/dags/api.py for tasks to queue
[2025-07-11T00:08:49.131+0000] {logging_mixin.py:190} INFO - [2025-07-11T00:08:49.131+0000] {dagbag.py:588} INFO - Filling up the DagBag from /opt/airflow/dags/api.py
[2025-07-11T00:08:49.145+0000] {processor.py:925} INFO - DAG(s) 'API_data' retrieved from /opt/airflow/dags/api.py
[2025-07-11T00:08:49.168+0000] {logging_mixin.py:190} INFO - [2025-07-11T00:08:49.167+0000] {dag.py:3239} INFO - Sync 1 DAGs
[2025-07-11T00:08:49.193+0000] {logging_mixin.py:190} INFO - [2025-07-11T00:08:49.192+0000] {dag.py:4180} INFO - Setting next_dagrun for API_data to 2025-07-10 00:00:00+00:00, run_after=2025-07-11 00:00:00+00:00
[2025-07-11T00:08:49.210+0000] {processor.py:208} INFO - Processing /opt/airflow/dags/api.py took 0.091 seconds
[2025-07-11T00:09:19.826+0000] {processor.py:186} INFO - Started process (PID=15606) to work on /opt/airflow/dags/api.py
[2025-07-11T00:09:19.827+0000] {processor.py:914} INFO - Processing file /opt/airflow/dags/api.py for tasks to queue
[2025-07-11T00:09:19.829+0000] {logging_mixin.py:190} INFO - [2025-07-11T00:09:19.829+0000] {dagbag.py:588} INFO - Filling up the DagBag from /opt/airflow/dags/api.py
[2025-07-11T00:09:19.841+0000] {processor.py:925} INFO - DAG(s) 'API_data' retrieved from /opt/airflow/dags/api.py
[2025-07-11T00:09:19.866+0000] {logging_mixin.py:190} INFO - [2025-07-11T00:09:19.866+0000] {dag.py:3239} INFO - Sync 1 DAGs
[2025-07-11T00:09:19.892+0000] {logging_mixin.py:190} INFO - [2025-07-11T00:09:19.891+0000] {dag.py:4180} INFO - Setting next_dagrun for API_data to 2025-07-10 00:00:00+00:00, run_after=2025-07-11 00:00:00+00:00
[2025-07-11T00:09:19.912+0000] {processor.py:208} INFO - Processing /opt/airflow/dags/api.py took 0.095 seconds
[2025-07-11T00:09:50.613+0000] {processor.py:186} INFO - Started process (PID=15642) to work on /opt/airflow/dags/api.py
[2025-07-11T00:09:50.614+0000] {processor.py:914} INFO - Processing file /opt/airflow/dags/api.py for tasks to queue
[2025-07-11T00:09:50.616+0000] {logging_mixin.py:190} INFO - [2025-07-11T00:09:50.616+0000] {dagbag.py:588} INFO - Filling up the DagBag from /opt/airflow/dags/api.py
[2025-07-11T00:09:50.628+0000] {processor.py:925} INFO - DAG(s) 'API_data' retrieved from /opt/airflow/dags/api.py
[2025-07-11T00:09:50.652+0000] {logging_mixin.py:190} INFO - [2025-07-11T00:09:50.651+0000] {dag.py:3239} INFO - Sync 1 DAGs
[2025-07-11T00:09:50.677+0000] {logging_mixin.py:190} INFO - [2025-07-11T00:09:50.676+0000] {dag.py:4180} INFO - Setting next_dagrun for API_data to 2025-07-10 00:00:00+00:00, run_after=2025-07-11 00:00:00+00:00
[2025-07-11T00:09:50.693+0000] {processor.py:208} INFO - Processing /opt/airflow/dags/api.py took 0.089 seconds
[2025-07-11T00:10:21.366+0000] {processor.py:186} INFO - Started process (PID=15678) to work on /opt/airflow/dags/api.py
[2025-07-11T00:10:21.367+0000] {processor.py:914} INFO - Processing file /opt/airflow/dags/api.py for tasks to queue
[2025-07-11T00:10:21.370+0000] {logging_mixin.py:190} INFO - [2025-07-11T00:10:21.370+0000] {dagbag.py:588} INFO - Filling up the DagBag from /opt/airflow/dags/api.py
[2025-07-11T00:10:21.382+0000] {processor.py:925} INFO - DAG(s) 'API_data' retrieved from /opt/airflow/dags/api.py
[2025-07-11T00:10:21.406+0000] {logging_mixin.py:190} INFO - [2025-07-11T00:10:21.406+0000] {dag.py:3239} INFO - Sync 1 DAGs
[2025-07-11T00:10:21.432+0000] {logging_mixin.py:190} INFO - [2025-07-11T00:10:21.431+0000] {dag.py:4180} INFO - Setting next_dagrun for API_data to 2025-07-10 00:00:00+00:00, run_after=2025-07-11 00:00:00+00:00
[2025-07-11T00:10:21.448+0000] {processor.py:208} INFO - Processing /opt/airflow/dags/api.py took 0.091 seconds
[2025-07-11T00:10:52.037+0000] {processor.py:186} INFO - Started process (PID=15714) to work on /opt/airflow/dags/api.py
[2025-07-11T00:10:52.038+0000] {processor.py:914} INFO - Processing file /opt/airflow/dags/api.py for tasks to queue
[2025-07-11T00:10:52.040+0000] {logging_mixin.py:190} INFO - [2025-07-11T00:10:52.040+0000] {dagbag.py:588} INFO - Filling up the DagBag from /opt/airflow/dags/api.py
[2025-07-11T00:10:52.052+0000] {processor.py:925} INFO - DAG(s) 'API_data' retrieved from /opt/airflow/dags/api.py
[2025-07-11T00:10:52.075+0000] {logging_mixin.py:190} INFO - [2025-07-11T00:10:52.075+0000] {dag.py:3239} INFO - Sync 1 DAGs
[2025-07-11T00:10:52.100+0000] {logging_mixin.py:190} INFO - [2025-07-11T00:10:52.100+0000] {dag.py:4180} INFO - Setting next_dagrun for API_data to 2025-07-10 00:00:00+00:00, run_after=2025-07-11 00:00:00+00:00
[2025-07-11T00:10:52.120+0000] {processor.py:208} INFO - Processing /opt/airflow/dags/api.py took 0.094 seconds
[2025-07-11T00:11:22.836+0000] {processor.py:186} INFO - Started process (PID=15750) to work on /opt/airflow/dags/api.py
[2025-07-11T00:11:22.837+0000] {processor.py:914} INFO - Processing file /opt/airflow/dags/api.py for tasks to queue
[2025-07-11T00:11:22.840+0000] {logging_mixin.py:190} INFO - [2025-07-11T00:11:22.839+0000] {dagbag.py:588} INFO - Filling up the DagBag from /opt/airflow/dags/api.py
[2025-07-11T00:11:22.852+0000] {processor.py:925} INFO - DAG(s) 'API_data' retrieved from /opt/airflow/dags/api.py
[2025-07-11T00:11:22.877+0000] {logging_mixin.py:190} INFO - [2025-07-11T00:11:22.877+0000] {dag.py:3239} INFO - Sync 1 DAGs
[2025-07-11T00:11:22.905+0000] {logging_mixin.py:190} INFO - [2025-07-11T00:11:22.905+0000] {dag.py:4180} INFO - Setting next_dagrun for API_data to 2025-07-10 00:00:00+00:00, run_after=2025-07-11 00:00:00+00:00
[2025-07-11T00:11:22.924+0000] {processor.py:208} INFO - Processing /opt/airflow/dags/api.py took 0.099 seconds
[2025-07-11T00:11:53.597+0000] {processor.py:186} INFO - Started process (PID=15786) to work on /opt/airflow/dags/api.py
[2025-07-11T00:11:53.598+0000] {processor.py:914} INFO - Processing file /opt/airflow/dags/api.py for tasks to queue
[2025-07-11T00:11:53.601+0000] {logging_mixin.py:190} INFO - [2025-07-11T00:11:53.600+0000] {dagbag.py:588} INFO - Filling up the DagBag from /opt/airflow/dags/api.py
[2025-07-11T00:11:53.613+0000] {processor.py:925} INFO - DAG(s) 'API_data' retrieved from /opt/airflow/dags/api.py
[2025-07-11T00:11:53.637+0000] {logging_mixin.py:190} INFO - [2025-07-11T00:11:53.637+0000] {dag.py:3239} INFO - Sync 1 DAGs
[2025-07-11T00:11:53.664+0000] {logging_mixin.py:190} INFO - [2025-07-11T00:11:53.664+0000] {dag.py:4180} INFO - Setting next_dagrun for API_data to 2025-07-10 00:00:00+00:00, run_after=2025-07-11 00:00:00+00:00
[2025-07-11T00:11:53.683+0000] {processor.py:208} INFO - Processing /opt/airflow/dags/api.py took 0.095 seconds
[2025-07-11T00:12:24.374+0000] {processor.py:186} INFO - Started process (PID=15822) to work on /opt/airflow/dags/api.py
[2025-07-11T00:12:24.375+0000] {processor.py:914} INFO - Processing file /opt/airflow/dags/api.py for tasks to queue
[2025-07-11T00:12:24.379+0000] {logging_mixin.py:190} INFO - [2025-07-11T00:12:24.378+0000] {dagbag.py:588} INFO - Filling up the DagBag from /opt/airflow/dags/api.py
[2025-07-11T00:12:24.396+0000] {processor.py:925} INFO - DAG(s) 'API_data' retrieved from /opt/airflow/dags/api.py
[2025-07-11T00:12:24.419+0000] {logging_mixin.py:190} INFO - [2025-07-11T00:12:24.419+0000] {dag.py:3239} INFO - Sync 1 DAGs
[2025-07-11T00:12:24.443+0000] {logging_mixin.py:190} INFO - [2025-07-11T00:12:24.443+0000] {dag.py:4180} INFO - Setting next_dagrun for API_data to 2025-07-10 00:00:00+00:00, run_after=2025-07-11 00:00:00+00:00
[2025-07-11T00:12:24.460+0000] {processor.py:208} INFO - Processing /opt/airflow/dags/api.py took 0.097 seconds
[2025-07-11T00:12:55.048+0000] {processor.py:186} INFO - Started process (PID=15858) to work on /opt/airflow/dags/api.py
[2025-07-11T00:12:55.049+0000] {processor.py:914} INFO - Processing file /opt/airflow/dags/api.py for tasks to queue
[2025-07-11T00:12:55.052+0000] {logging_mixin.py:190} INFO - [2025-07-11T00:12:55.051+0000] {dagbag.py:588} INFO - Filling up the DagBag from /opt/airflow/dags/api.py
[2025-07-11T00:12:55.064+0000] {processor.py:925} INFO - DAG(s) 'API_data' retrieved from /opt/airflow/dags/api.py
[2025-07-11T00:12:55.088+0000] {logging_mixin.py:190} INFO - [2025-07-11T00:12:55.088+0000] {dag.py:3239} INFO - Sync 1 DAGs
[2025-07-11T00:12:55.113+0000] {logging_mixin.py:190} INFO - [2025-07-11T00:12:55.113+0000] {dag.py:4180} INFO - Setting next_dagrun for API_data to 2025-07-10 00:00:00+00:00, run_after=2025-07-11 00:00:00+00:00
[2025-07-11T00:12:55.133+0000] {processor.py:208} INFO - Processing /opt/airflow/dags/api.py took 0.094 seconds
[2025-07-11T00:13:25.753+0000] {processor.py:186} INFO - Started process (PID=15894) to work on /opt/airflow/dags/api.py
[2025-07-11T00:13:25.754+0000] {processor.py:914} INFO - Processing file /opt/airflow/dags/api.py for tasks to queue
[2025-07-11T00:13:25.758+0000] {logging_mixin.py:190} INFO - [2025-07-11T00:13:25.757+0000] {dagbag.py:588} INFO - Filling up the DagBag from /opt/airflow/dags/api.py
[2025-07-11T00:13:25.770+0000] {processor.py:925} INFO - DAG(s) 'API_data' retrieved from /opt/airflow/dags/api.py
[2025-07-11T00:13:25.825+0000] {logging_mixin.py:190} INFO - [2025-07-11T00:13:25.825+0000] {dag.py:3239} INFO - Sync 1 DAGs
[2025-07-11T00:13:25.854+0000] {logging_mixin.py:190} INFO - [2025-07-11T00:13:25.854+0000] {dag.py:4180} INFO - Setting next_dagrun for API_data to 2025-07-10 00:00:00+00:00, run_after=2025-07-11 00:00:00+00:00
[2025-07-11T00:13:25.871+0000] {processor.py:208} INFO - Processing /opt/airflow/dags/api.py took 0.130 seconds
[2025-07-11T00:13:56.551+0000] {processor.py:186} INFO - Started process (PID=15930) to work on /opt/airflow/dags/api.py
[2025-07-11T00:13:56.552+0000] {processor.py:914} INFO - Processing file /opt/airflow/dags/api.py for tasks to queue
[2025-07-11T00:13:56.554+0000] {logging_mixin.py:190} INFO - [2025-07-11T00:13:56.554+0000] {dagbag.py:588} INFO - Filling up the DagBag from /opt/airflow/dags/api.py
[2025-07-11T00:13:56.565+0000] {processor.py:925} INFO - DAG(s) 'API_data' retrieved from /opt/airflow/dags/api.py
[2025-07-11T00:13:56.588+0000] {logging_mixin.py:190} INFO - [2025-07-11T00:13:56.588+0000] {dag.py:3239} INFO - Sync 1 DAGs
[2025-07-11T00:13:56.613+0000] {logging_mixin.py:190} INFO - [2025-07-11T00:13:56.613+0000] {dag.py:4180} INFO - Setting next_dagrun for API_data to 2025-07-10 00:00:00+00:00, run_after=2025-07-11 00:00:00+00:00
[2025-07-11T00:13:56.633+0000] {processor.py:208} INFO - Processing /opt/airflow/dags/api.py took 0.090 seconds
[2025-07-11T00:14:27.323+0000] {processor.py:186} INFO - Started process (PID=15966) to work on /opt/airflow/dags/api.py
[2025-07-11T00:14:27.323+0000] {processor.py:914} INFO - Processing file /opt/airflow/dags/api.py for tasks to queue
[2025-07-11T00:14:27.326+0000] {logging_mixin.py:190} INFO - [2025-07-11T00:14:27.325+0000] {dagbag.py:588} INFO - Filling up the DagBag from /opt/airflow/dags/api.py
[2025-07-11T00:14:27.337+0000] {processor.py:925} INFO - DAG(s) 'API_data' retrieved from /opt/airflow/dags/api.py
[2025-07-11T00:14:27.364+0000] {logging_mixin.py:190} INFO - [2025-07-11T00:14:27.364+0000] {dag.py:3239} INFO - Sync 1 DAGs
[2025-07-11T00:14:27.394+0000] {logging_mixin.py:190} INFO - [2025-07-11T00:14:27.394+0000] {dag.py:4180} INFO - Setting next_dagrun for API_data to 2025-07-10 00:00:00+00:00, run_after=2025-07-11 00:00:00+00:00
[2025-07-11T00:14:27.419+0000] {processor.py:208} INFO - Processing /opt/airflow/dags/api.py took 0.107 seconds
[2025-07-11T00:14:58.154+0000] {processor.py:186} INFO - Started process (PID=16002) to work on /opt/airflow/dags/api.py
[2025-07-11T00:14:58.154+0000] {processor.py:914} INFO - Processing file /opt/airflow/dags/api.py for tasks to queue
[2025-07-11T00:14:58.157+0000] {logging_mixin.py:190} INFO - [2025-07-11T00:14:58.156+0000] {dagbag.py:588} INFO - Filling up the DagBag from /opt/airflow/dags/api.py
[2025-07-11T00:14:58.171+0000] {processor.py:925} INFO - DAG(s) 'API_data' retrieved from /opt/airflow/dags/api.py
[2025-07-11T00:14:58.204+0000] {logging_mixin.py:190} INFO - [2025-07-11T00:14:58.204+0000] {dag.py:3239} INFO - Sync 1 DAGs
[2025-07-11T00:14:58.230+0000] {logging_mixin.py:190} INFO - [2025-07-11T00:14:58.230+0000] {dag.py:4180} INFO - Setting next_dagrun for API_data to 2025-07-10 00:00:00+00:00, run_after=2025-07-11 00:00:00+00:00
[2025-07-11T00:14:58.247+0000] {processor.py:208} INFO - Processing /opt/airflow/dags/api.py took 0.106 seconds
[2025-07-11T00:15:28.958+0000] {processor.py:186} INFO - Started process (PID=16038) to work on /opt/airflow/dags/api.py
[2025-07-11T00:15:28.959+0000] {processor.py:914} INFO - Processing file /opt/airflow/dags/api.py for tasks to queue
[2025-07-11T00:15:28.961+0000] {logging_mixin.py:190} INFO - [2025-07-11T00:15:28.960+0000] {dagbag.py:588} INFO - Filling up the DagBag from /opt/airflow/dags/api.py
[2025-07-11T00:15:28.972+0000] {processor.py:925} INFO - DAG(s) 'API_data' retrieved from /opt/airflow/dags/api.py
[2025-07-11T00:15:28.995+0000] {logging_mixin.py:190} INFO - [2025-07-11T00:15:28.995+0000] {dag.py:3239} INFO - Sync 1 DAGs
[2025-07-11T00:15:29.021+0000] {logging_mixin.py:190} INFO - [2025-07-11T00:15:29.020+0000] {dag.py:4180} INFO - Setting next_dagrun for API_data to 2025-07-10 00:00:00+00:00, run_after=2025-07-11 00:00:00+00:00
[2025-07-11T00:15:29.039+0000] {processor.py:208} INFO - Processing /opt/airflow/dags/api.py took 0.093 seconds
[2025-07-11T00:15:59.736+0000] {processor.py:186} INFO - Started process (PID=16074) to work on /opt/airflow/dags/api.py
[2025-07-11T00:15:59.737+0000] {processor.py:914} INFO - Processing file /opt/airflow/dags/api.py for tasks to queue
[2025-07-11T00:15:59.741+0000] {logging_mixin.py:190} INFO - [2025-07-11T00:15:59.740+0000] {dagbag.py:588} INFO - Filling up the DagBag from /opt/airflow/dags/api.py
[2025-07-11T00:15:59.758+0000] {processor.py:925} INFO - DAG(s) 'API_data' retrieved from /opt/airflow/dags/api.py
[2025-07-11T00:15:59.793+0000] {logging_mixin.py:190} INFO - [2025-07-11T00:15:59.793+0000] {dag.py:3239} INFO - Sync 1 DAGs
[2025-07-11T00:15:59.819+0000] {logging_mixin.py:190} INFO - [2025-07-11T00:15:59.819+0000] {dag.py:4180} INFO - Setting next_dagrun for API_data to 2025-07-10 00:00:00+00:00, run_after=2025-07-11 00:00:00+00:00
[2025-07-11T00:15:59.838+0000] {processor.py:208} INFO - Processing /opt/airflow/dags/api.py took 0.116 seconds
[2025-07-11T00:16:30.504+0000] {processor.py:186} INFO - Started process (PID=16110) to work on /opt/airflow/dags/api.py
[2025-07-11T00:16:30.505+0000] {processor.py:914} INFO - Processing file /opt/airflow/dags/api.py for tasks to queue
[2025-07-11T00:16:30.508+0000] {logging_mixin.py:190} INFO - [2025-07-11T00:16:30.508+0000] {dagbag.py:588} INFO - Filling up the DagBag from /opt/airflow/dags/api.py
[2025-07-11T00:16:30.519+0000] {processor.py:925} INFO - DAG(s) 'API_data' retrieved from /opt/airflow/dags/api.py
[2025-07-11T00:16:30.542+0000] {logging_mixin.py:190} INFO - [2025-07-11T00:16:30.542+0000] {dag.py:3239} INFO - Sync 1 DAGs
[2025-07-11T00:16:30.568+0000] {logging_mixin.py:190} INFO - [2025-07-11T00:16:30.567+0000] {dag.py:4180} INFO - Setting next_dagrun for API_data to 2025-07-10 00:00:00+00:00, run_after=2025-07-11 00:00:00+00:00
[2025-07-11T00:16:30.585+0000] {processor.py:208} INFO - Processing /opt/airflow/dags/api.py took 0.093 seconds
[2025-07-11T00:17:01.257+0000] {processor.py:186} INFO - Started process (PID=16146) to work on /opt/airflow/dags/api.py
[2025-07-11T00:17:01.258+0000] {processor.py:914} INFO - Processing file /opt/airflow/dags/api.py for tasks to queue
[2025-07-11T00:17:01.261+0000] {logging_mixin.py:190} INFO - [2025-07-11T00:17:01.260+0000] {dagbag.py:588} INFO - Filling up the DagBag from /opt/airflow/dags/api.py
[2025-07-11T00:17:01.273+0000] {processor.py:925} INFO - DAG(s) 'API_data' retrieved from /opt/airflow/dags/api.py
[2025-07-11T00:17:01.297+0000] {logging_mixin.py:190} INFO - [2025-07-11T00:17:01.297+0000] {dag.py:3239} INFO - Sync 1 DAGs
[2025-07-11T00:17:01.325+0000] {logging_mixin.py:190} INFO - [2025-07-11T00:17:01.325+0000] {dag.py:4180} INFO - Setting next_dagrun for API_data to 2025-07-10 00:00:00+00:00, run_after=2025-07-11 00:00:00+00:00
[2025-07-11T00:17:01.343+0000] {processor.py:208} INFO - Processing /opt/airflow/dags/api.py took 0.095 seconds
[2025-07-11T00:17:31.999+0000] {processor.py:186} INFO - Started process (PID=16182) to work on /opt/airflow/dags/api.py
[2025-07-11T00:17:32.001+0000] {processor.py:914} INFO - Processing file /opt/airflow/dags/api.py for tasks to queue
[2025-07-11T00:17:32.004+0000] {logging_mixin.py:190} INFO - [2025-07-11T00:17:32.004+0000] {dagbag.py:588} INFO - Filling up the DagBag from /opt/airflow/dags/api.py
[2025-07-11T00:17:32.018+0000] {processor.py:925} INFO - DAG(s) 'API_data' retrieved from /opt/airflow/dags/api.py
[2025-07-11T00:17:32.043+0000] {logging_mixin.py:190} INFO - [2025-07-11T00:17:32.043+0000] {dag.py:3239} INFO - Sync 1 DAGs
[2025-07-11T00:17:32.070+0000] {logging_mixin.py:190} INFO - [2025-07-11T00:17:32.070+0000] {dag.py:4180} INFO - Setting next_dagrun for API_data to 2025-07-10 00:00:00+00:00, run_after=2025-07-11 00:00:00+00:00
[2025-07-11T00:17:32.087+0000] {processor.py:208} INFO - Processing /opt/airflow/dags/api.py took 0.102 seconds
[2025-07-11T00:18:02.643+0000] {processor.py:186} INFO - Started process (PID=16224) to work on /opt/airflow/dags/api.py
[2025-07-11T00:18:02.644+0000] {processor.py:914} INFO - Processing file /opt/airflow/dags/api.py for tasks to queue
[2025-07-11T00:18:02.647+0000] {logging_mixin.py:190} INFO - [2025-07-11T00:18:02.646+0000] {dagbag.py:588} INFO - Filling up the DagBag from /opt/airflow/dags/api.py
[2025-07-11T00:18:02.660+0000] {processor.py:925} INFO - DAG(s) 'API_data' retrieved from /opt/airflow/dags/api.py
[2025-07-11T00:18:02.694+0000] {logging_mixin.py:190} INFO - [2025-07-11T00:18:02.693+0000] {dag.py:3239} INFO - Sync 1 DAGs
[2025-07-11T00:18:02.733+0000] {logging_mixin.py:190} INFO - [2025-07-11T00:18:02.732+0000] {dag.py:4180} INFO - Setting next_dagrun for API_data to 2025-07-10 00:00:00+00:00, run_after=2025-07-11 00:00:00+00:00
[2025-07-11T00:18:02.755+0000] {processor.py:208} INFO - Processing /opt/airflow/dags/api.py took 0.121 seconds
[2025-07-11T00:18:33.334+0000] {processor.py:186} INFO - Started process (PID=16260) to work on /opt/airflow/dags/api.py
[2025-07-11T00:18:33.335+0000] {processor.py:914} INFO - Processing file /opt/airflow/dags/api.py for tasks to queue
[2025-07-11T00:18:33.337+0000] {logging_mixin.py:190} INFO - [2025-07-11T00:18:33.337+0000] {dagbag.py:588} INFO - Filling up the DagBag from /opt/airflow/dags/api.py
[2025-07-11T00:18:33.350+0000] {processor.py:925} INFO - DAG(s) 'API_data' retrieved from /opt/airflow/dags/api.py
[2025-07-11T00:18:33.375+0000] {logging_mixin.py:190} INFO - [2025-07-11T00:18:33.375+0000] {dag.py:3239} INFO - Sync 1 DAGs
[2025-07-11T00:18:33.400+0000] {logging_mixin.py:190} INFO - [2025-07-11T00:18:33.400+0000] {dag.py:4180} INFO - Setting next_dagrun for API_data to 2025-07-10 00:00:00+00:00, run_after=2025-07-11 00:00:00+00:00
[2025-07-11T00:18:33.418+0000] {processor.py:208} INFO - Processing /opt/airflow/dags/api.py took 0.094 seconds
[2025-07-11T00:19:04.111+0000] {processor.py:186} INFO - Started process (PID=16296) to work on /opt/airflow/dags/api.py
[2025-07-11T00:19:04.112+0000] {processor.py:914} INFO - Processing file /opt/airflow/dags/api.py for tasks to queue
[2025-07-11T00:19:04.115+0000] {logging_mixin.py:190} INFO - [2025-07-11T00:19:04.115+0000] {dagbag.py:588} INFO - Filling up the DagBag from /opt/airflow/dags/api.py
[2025-07-11T00:19:04.129+0000] {processor.py:925} INFO - DAG(s) 'API_data' retrieved from /opt/airflow/dags/api.py
[2025-07-11T00:19:04.158+0000] {logging_mixin.py:190} INFO - [2025-07-11T00:19:04.158+0000] {dag.py:3239} INFO - Sync 1 DAGs
[2025-07-11T00:19:04.191+0000] {logging_mixin.py:190} INFO - [2025-07-11T00:19:04.190+0000] {dag.py:4180} INFO - Setting next_dagrun for API_data to 2025-07-10 00:00:00+00:00, run_after=2025-07-11 00:00:00+00:00
[2025-07-11T00:19:04.214+0000] {processor.py:208} INFO - Processing /opt/airflow/dags/api.py took 0.112 seconds
[2025-07-11T00:19:34.837+0000] {processor.py:186} INFO - Started process (PID=16333) to work on /opt/airflow/dags/api.py
[2025-07-11T00:19:34.838+0000] {processor.py:914} INFO - Processing file /opt/airflow/dags/api.py for tasks to queue
[2025-07-11T00:19:34.841+0000] {logging_mixin.py:190} INFO - [2025-07-11T00:19:34.840+0000] {dagbag.py:588} INFO - Filling up the DagBag from /opt/airflow/dags/api.py
[2025-07-11T00:19:34.853+0000] {processor.py:925} INFO - DAG(s) 'API_data' retrieved from /opt/airflow/dags/api.py
[2025-07-11T00:19:34.876+0000] {logging_mixin.py:190} INFO - [2025-07-11T00:19:34.876+0000] {dag.py:3239} INFO - Sync 1 DAGs
[2025-07-11T00:19:34.905+0000] {logging_mixin.py:190} INFO - [2025-07-11T00:19:34.905+0000] {dag.py:4180} INFO - Setting next_dagrun for API_data to 2025-07-10 00:00:00+00:00, run_after=2025-07-11 00:00:00+00:00
[2025-07-11T00:19:34.926+0000] {processor.py:208} INFO - Processing /opt/airflow/dags/api.py took 0.098 seconds
[2025-07-11T00:20:05.504+0000] {processor.py:186} INFO - Started process (PID=16369) to work on /opt/airflow/dags/api.py
[2025-07-11T00:20:05.504+0000] {processor.py:914} INFO - Processing file /opt/airflow/dags/api.py for tasks to queue
[2025-07-11T00:20:05.507+0000] {logging_mixin.py:190} INFO - [2025-07-11T00:20:05.506+0000] {dagbag.py:588} INFO - Filling up the DagBag from /opt/airflow/dags/api.py
[2025-07-11T00:20:05.518+0000] {processor.py:925} INFO - DAG(s) 'API_data' retrieved from /opt/airflow/dags/api.py
[2025-07-11T00:20:05.542+0000] {logging_mixin.py:190} INFO - [2025-07-11T00:20:05.542+0000] {dag.py:3239} INFO - Sync 1 DAGs
[2025-07-11T00:20:05.567+0000] {logging_mixin.py:190} INFO - [2025-07-11T00:20:05.567+0000] {dag.py:4180} INFO - Setting next_dagrun for API_data to 2025-07-10 00:00:00+00:00, run_after=2025-07-11 00:00:00+00:00
[2025-07-11T00:20:05.586+0000] {processor.py:208} INFO - Processing /opt/airflow/dags/api.py took 0.089 seconds
[2025-07-11T00:20:36.285+0000] {processor.py:186} INFO - Started process (PID=16405) to work on /opt/airflow/dags/api.py
[2025-07-11T00:20:36.286+0000] {processor.py:914} INFO - Processing file /opt/airflow/dags/api.py for tasks to queue
[2025-07-11T00:20:36.288+0000] {logging_mixin.py:190} INFO - [2025-07-11T00:20:36.288+0000] {dagbag.py:588} INFO - Filling up the DagBag from /opt/airflow/dags/api.py
[2025-07-11T00:20:36.301+0000] {processor.py:925} INFO - DAG(s) 'API_data' retrieved from /opt/airflow/dags/api.py
[2025-07-11T00:20:36.328+0000] {logging_mixin.py:190} INFO - [2025-07-11T00:20:36.328+0000] {dag.py:3239} INFO - Sync 1 DAGs
[2025-07-11T00:20:36.357+0000] {logging_mixin.py:190} INFO - [2025-07-11T00:20:36.356+0000] {dag.py:4180} INFO - Setting next_dagrun for API_data to 2025-07-10 00:00:00+00:00, run_after=2025-07-11 00:00:00+00:00
[2025-07-11T00:20:36.375+0000] {processor.py:208} INFO - Processing /opt/airflow/dags/api.py took 0.101 seconds
[2025-07-11T00:21:07.037+0000] {processor.py:186} INFO - Started process (PID=16441) to work on /opt/airflow/dags/api.py
[2025-07-11T00:21:07.038+0000] {processor.py:914} INFO - Processing file /opt/airflow/dags/api.py for tasks to queue
[2025-07-11T00:21:07.041+0000] {logging_mixin.py:190} INFO - [2025-07-11T00:21:07.040+0000] {dagbag.py:588} INFO - Filling up the DagBag from /opt/airflow/dags/api.py
[2025-07-11T00:21:07.055+0000] {processor.py:925} INFO - DAG(s) 'API_data' retrieved from /opt/airflow/dags/api.py
[2025-07-11T00:21:07.082+0000] {logging_mixin.py:190} INFO - [2025-07-11T00:21:07.082+0000] {dag.py:3239} INFO - Sync 1 DAGs
[2025-07-11T00:21:07.109+0000] {logging_mixin.py:190} INFO - [2025-07-11T00:21:07.109+0000] {dag.py:4180} INFO - Setting next_dagrun for API_data to 2025-07-10 00:00:00+00:00, run_after=2025-07-11 00:00:00+00:00
[2025-07-11T00:21:07.127+0000] {processor.py:208} INFO - Processing /opt/airflow/dags/api.py took 0.104 seconds
[2025-07-11T00:21:37.815+0000] {processor.py:186} INFO - Started process (PID=16477) to work on /opt/airflow/dags/api.py
[2025-07-11T00:21:37.816+0000] {processor.py:914} INFO - Processing file /opt/airflow/dags/api.py for tasks to queue
[2025-07-11T00:21:37.820+0000] {logging_mixin.py:190} INFO - [2025-07-11T00:21:37.819+0000] {dagbag.py:588} INFO - Filling up the DagBag from /opt/airflow/dags/api.py
[2025-07-11T00:21:37.838+0000] {processor.py:925} INFO - DAG(s) 'API_data' retrieved from /opt/airflow/dags/api.py
[2025-07-11T00:21:37.868+0000] {logging_mixin.py:190} INFO - [2025-07-11T00:21:37.867+0000] {dag.py:3239} INFO - Sync 1 DAGs
[2025-07-11T00:21:37.954+0000] {logging_mixin.py:190} INFO - [2025-07-11T00:21:37.953+0000] {dag.py:4180} INFO - Setting next_dagrun for API_data to 2025-07-10 00:00:00+00:00, run_after=2025-07-11 00:00:00+00:00
[2025-07-11T00:21:37.982+0000] {processor.py:208} INFO - Processing /opt/airflow/dags/api.py took 0.181 seconds
[2025-07-11T00:22:08.488+0000] {processor.py:186} INFO - Started process (PID=16513) to work on /opt/airflow/dags/api.py
[2025-07-11T00:22:08.489+0000] {processor.py:914} INFO - Processing file /opt/airflow/dags/api.py for tasks to queue
[2025-07-11T00:22:08.492+0000] {logging_mixin.py:190} INFO - [2025-07-11T00:22:08.492+0000] {dagbag.py:588} INFO - Filling up the DagBag from /opt/airflow/dags/api.py
[2025-07-11T00:22:08.508+0000] {processor.py:925} INFO - DAG(s) 'API_data' retrieved from /opt/airflow/dags/api.py
[2025-07-11T00:22:08.543+0000] {logging_mixin.py:190} INFO - [2025-07-11T00:22:08.542+0000] {dag.py:3239} INFO - Sync 1 DAGs
[2025-07-11T00:22:08.581+0000] {logging_mixin.py:190} INFO - [2025-07-11T00:22:08.580+0000] {dag.py:4180} INFO - Setting next_dagrun for API_data to 2025-07-10 00:00:00+00:00, run_after=2025-07-11 00:00:00+00:00
[2025-07-11T00:22:08.611+0000] {processor.py:208} INFO - Processing /opt/airflow/dags/api.py took 0.135 seconds
[2025-07-11T00:22:39.327+0000] {processor.py:186} INFO - Started process (PID=16549) to work on /opt/airflow/dags/api.py
[2025-07-11T00:22:39.329+0000] {processor.py:914} INFO - Processing file /opt/airflow/dags/api.py for tasks to queue
[2025-07-11T00:22:39.332+0000] {logging_mixin.py:190} INFO - [2025-07-11T00:22:39.332+0000] {dagbag.py:588} INFO - Filling up the DagBag from /opt/airflow/dags/api.py
[2025-07-11T00:22:39.347+0000] {processor.py:925} INFO - DAG(s) 'API_data' retrieved from /opt/airflow/dags/api.py
[2025-07-11T00:22:39.371+0000] {logging_mixin.py:190} INFO - [2025-07-11T00:22:39.370+0000] {dag.py:3239} INFO - Sync 1 DAGs
[2025-07-11T00:22:39.396+0000] {logging_mixin.py:190} INFO - [2025-07-11T00:22:39.395+0000] {dag.py:4180} INFO - Setting next_dagrun for API_data to 2025-07-10 00:00:00+00:00, run_after=2025-07-11 00:00:00+00:00
[2025-07-11T00:22:39.414+0000] {processor.py:208} INFO - Processing /opt/airflow/dags/api.py took 0.101 seconds
[2025-07-11T00:23:09.974+0000] {processor.py:186} INFO - Started process (PID=16586) to work on /opt/airflow/dags/api.py
[2025-07-11T00:23:09.974+0000] {processor.py:914} INFO - Processing file /opt/airflow/dags/api.py for tasks to queue
[2025-07-11T00:23:09.977+0000] {logging_mixin.py:190} INFO - [2025-07-11T00:23:09.976+0000] {dagbag.py:588} INFO - Filling up the DagBag from /opt/airflow/dags/api.py
[2025-07-11T00:23:09.990+0000] {processor.py:925} INFO - DAG(s) 'API_data' retrieved from /opt/airflow/dags/api.py
[2025-07-11T00:23:10.014+0000] {logging_mixin.py:190} INFO - [2025-07-11T00:23:10.014+0000] {dag.py:3239} INFO - Sync 1 DAGs
[2025-07-11T00:23:10.041+0000] {logging_mixin.py:190} INFO - [2025-07-11T00:23:10.040+0000] {dag.py:4180} INFO - Setting next_dagrun for API_data to 2025-07-10 00:00:00+00:00, run_after=2025-07-11 00:00:00+00:00
[2025-07-11T00:23:10.060+0000] {processor.py:208} INFO - Processing /opt/airflow/dags/api.py took 0.096 seconds
[2025-07-11T00:23:40.735+0000] {processor.py:186} INFO - Started process (PID=16622) to work on /opt/airflow/dags/api.py
[2025-07-11T00:23:40.738+0000] {processor.py:914} INFO - Processing file /opt/airflow/dags/api.py for tasks to queue
[2025-07-11T00:23:40.740+0000] {logging_mixin.py:190} INFO - [2025-07-11T00:23:40.740+0000] {dagbag.py:588} INFO - Filling up the DagBag from /opt/airflow/dags/api.py
[2025-07-11T00:23:40.752+0000] {processor.py:925} INFO - DAG(s) 'API_data' retrieved from /opt/airflow/dags/api.py
[2025-07-11T00:23:40.780+0000] {logging_mixin.py:190} INFO - [2025-07-11T00:23:40.780+0000] {dag.py:3239} INFO - Sync 1 DAGs
[2025-07-11T00:23:40.810+0000] {logging_mixin.py:190} INFO - [2025-07-11T00:23:40.810+0000] {dag.py:4180} INFO - Setting next_dagrun for API_data to 2025-07-10 00:00:00+00:00, run_after=2025-07-11 00:00:00+00:00
[2025-07-11T00:23:40.829+0000] {processor.py:208} INFO - Processing /opt/airflow/dags/api.py took 0.103 seconds
[2025-07-11T00:24:11.359+0000] {processor.py:186} INFO - Started process (PID=16658) to work on /opt/airflow/dags/api.py
[2025-07-11T00:24:11.360+0000] {processor.py:914} INFO - Processing file /opt/airflow/dags/api.py for tasks to queue
[2025-07-11T00:24:11.362+0000] {logging_mixin.py:190} INFO - [2025-07-11T00:24:11.362+0000] {dagbag.py:588} INFO - Filling up the DagBag from /opt/airflow/dags/api.py
[2025-07-11T00:24:11.374+0000] {processor.py:925} INFO - DAG(s) 'API_data' retrieved from /opt/airflow/dags/api.py
[2025-07-11T00:24:11.400+0000] {logging_mixin.py:190} INFO - [2025-07-11T00:24:11.399+0000] {dag.py:3239} INFO - Sync 1 DAGs
[2025-07-11T00:24:11.425+0000] {logging_mixin.py:190} INFO - [2025-07-11T00:24:11.425+0000] {dag.py:4180} INFO - Setting next_dagrun for API_data to 2025-07-10 00:00:00+00:00, run_after=2025-07-11 00:00:00+00:00
[2025-07-11T00:24:11.444+0000] {processor.py:208} INFO - Processing /opt/airflow/dags/api.py took 0.094 seconds
[2025-07-11T00:24:42.022+0000] {processor.py:186} INFO - Started process (PID=16694) to work on /opt/airflow/dags/api.py
[2025-07-11T00:24:42.023+0000] {processor.py:914} INFO - Processing file /opt/airflow/dags/api.py for tasks to queue
[2025-07-11T00:24:42.026+0000] {logging_mixin.py:190} INFO - [2025-07-11T00:24:42.026+0000] {dagbag.py:588} INFO - Filling up the DagBag from /opt/airflow/dags/api.py
[2025-07-11T00:24:42.039+0000] {processor.py:925} INFO - DAG(s) 'API_data' retrieved from /opt/airflow/dags/api.py
[2025-07-11T00:24:42.063+0000] {logging_mixin.py:190} INFO - [2025-07-11T00:24:42.063+0000] {dag.py:3239} INFO - Sync 1 DAGs
[2025-07-11T00:24:42.092+0000] {logging_mixin.py:190} INFO - [2025-07-11T00:24:42.092+0000] {dag.py:4180} INFO - Setting next_dagrun for API_data to 2025-07-10 00:00:00+00:00, run_after=2025-07-11 00:00:00+00:00
[2025-07-11T00:24:42.115+0000] {processor.py:208} INFO - Processing /opt/airflow/dags/api.py took 0.104 seconds
[2025-07-11T00:25:12.842+0000] {processor.py:186} INFO - Started process (PID=16730) to work on /opt/airflow/dags/api.py
[2025-07-11T00:25:12.843+0000] {processor.py:914} INFO - Processing file /opt/airflow/dags/api.py for tasks to queue
[2025-07-11T00:25:12.846+0000] {logging_mixin.py:190} INFO - [2025-07-11T00:25:12.845+0000] {dagbag.py:588} INFO - Filling up the DagBag from /opt/airflow/dags/api.py
[2025-07-11T00:25:12.859+0000] {processor.py:925} INFO - DAG(s) 'API_data' retrieved from /opt/airflow/dags/api.py
[2025-07-11T00:25:12.887+0000] {logging_mixin.py:190} INFO - [2025-07-11T00:25:12.886+0000] {dag.py:3239} INFO - Sync 1 DAGs
[2025-07-11T00:25:12.914+0000] {logging_mixin.py:190} INFO - [2025-07-11T00:25:12.914+0000] {dag.py:4180} INFO - Setting next_dagrun for API_data to 2025-07-10 00:00:00+00:00, run_after=2025-07-11 00:00:00+00:00
[2025-07-11T00:25:12.932+0000] {processor.py:208} INFO - Processing /opt/airflow/dags/api.py took 0.099 seconds
[2025-07-11T00:25:43.653+0000] {processor.py:186} INFO - Started process (PID=16766) to work on /opt/airflow/dags/api.py
[2025-07-11T00:25:43.654+0000] {processor.py:914} INFO - Processing file /opt/airflow/dags/api.py for tasks to queue
[2025-07-11T00:25:43.657+0000] {logging_mixin.py:190} INFO - [2025-07-11T00:25:43.657+0000] {dagbag.py:588} INFO - Filling up the DagBag from /opt/airflow/dags/api.py
[2025-07-11T00:25:43.671+0000] {processor.py:925} INFO - DAG(s) 'API_data' retrieved from /opt/airflow/dags/api.py
[2025-07-11T00:25:43.698+0000] {logging_mixin.py:190} INFO - [2025-07-11T00:25:43.698+0000] {dag.py:3239} INFO - Sync 1 DAGs
[2025-07-11T00:25:43.732+0000] {logging_mixin.py:190} INFO - [2025-07-11T00:25:43.732+0000] {dag.py:4180} INFO - Setting next_dagrun for API_data to 2025-07-10 00:00:00+00:00, run_after=2025-07-11 00:00:00+00:00
[2025-07-11T00:25:43.753+0000] {processor.py:208} INFO - Processing /opt/airflow/dags/api.py took 0.110 seconds
[2025-07-11T00:26:14.456+0000] {processor.py:186} INFO - Started process (PID=16802) to work on /opt/airflow/dags/api.py
[2025-07-11T00:26:14.457+0000] {processor.py:914} INFO - Processing file /opt/airflow/dags/api.py for tasks to queue
[2025-07-11T00:26:14.461+0000] {logging_mixin.py:190} INFO - [2025-07-11T00:26:14.460+0000] {dagbag.py:588} INFO - Filling up the DagBag from /opt/airflow/dags/api.py
[2025-07-11T00:26:14.479+0000] {processor.py:925} INFO - DAG(s) 'API_data' retrieved from /opt/airflow/dags/api.py
[2025-07-11T00:26:14.506+0000] {logging_mixin.py:190} INFO - [2025-07-11T00:26:14.505+0000] {dag.py:3239} INFO - Sync 1 DAGs
[2025-07-11T00:26:14.533+0000] {logging_mixin.py:190} INFO - [2025-07-11T00:26:14.533+0000] {dag.py:4180} INFO - Setting next_dagrun for API_data to 2025-07-10 00:00:00+00:00, run_after=2025-07-11 00:00:00+00:00
[2025-07-11T00:26:14.554+0000] {processor.py:208} INFO - Processing /opt/airflow/dags/api.py took 0.112 seconds
[2025-07-11T00:26:45.133+0000] {processor.py:186} INFO - Started process (PID=16838) to work on /opt/airflow/dags/api.py
[2025-07-11T00:26:45.136+0000] {processor.py:914} INFO - Processing file /opt/airflow/dags/api.py for tasks to queue
[2025-07-11T00:26:45.139+0000] {logging_mixin.py:190} INFO - [2025-07-11T00:26:45.138+0000] {dagbag.py:588} INFO - Filling up the DagBag from /opt/airflow/dags/api.py
[2025-07-11T00:26:45.151+0000] {processor.py:925} INFO - DAG(s) 'API_data' retrieved from /opt/airflow/dags/api.py
[2025-07-11T00:26:45.186+0000] {logging_mixin.py:190} INFO - [2025-07-11T00:26:45.186+0000] {dag.py:3239} INFO - Sync 1 DAGs
[2025-07-11T00:26:45.222+0000] {logging_mixin.py:190} INFO - [2025-07-11T00:26:45.222+0000] {dag.py:4180} INFO - Setting next_dagrun for API_data to 2025-07-10 00:00:00+00:00, run_after=2025-07-11 00:00:00+00:00
[2025-07-11T00:26:45.244+0000] {processor.py:208} INFO - Processing /opt/airflow/dags/api.py took 0.118 seconds
[2025-07-11T00:27:15.959+0000] {processor.py:186} INFO - Started process (PID=16874) to work on /opt/airflow/dags/api.py
[2025-07-11T00:27:15.960+0000] {processor.py:914} INFO - Processing file /opt/airflow/dags/api.py for tasks to queue
[2025-07-11T00:27:15.963+0000] {logging_mixin.py:190} INFO - [2025-07-11T00:27:15.962+0000] {dagbag.py:588} INFO - Filling up the DagBag from /opt/airflow/dags/api.py
[2025-07-11T00:27:15.976+0000] {processor.py:925} INFO - DAG(s) 'API_data' retrieved from /opt/airflow/dags/api.py
[2025-07-11T00:27:16.002+0000] {logging_mixin.py:190} INFO - [2025-07-11T00:27:16.001+0000] {dag.py:3239} INFO - Sync 1 DAGs
[2025-07-11T00:27:16.030+0000] {logging_mixin.py:190} INFO - [2025-07-11T00:27:16.029+0000] {dag.py:4180} INFO - Setting next_dagrun for API_data to 2025-07-10 00:00:00+00:00, run_after=2025-07-11 00:00:00+00:00
[2025-07-11T00:27:16.048+0000] {processor.py:208} INFO - Processing /opt/airflow/dags/api.py took 0.098 seconds
