[2025-07-11T00:00:16.342+0000] {processor.py:186} INFO - Started process (PID=14823) to work on /opt/airflow/dags/aws.py
[2025-07-11T00:00:16.343+0000] {processor.py:914} INFO - Processing file /opt/airflow/dags/aws.py for tasks to queue
[2025-07-11T00:00:16.353+0000] {logging_mixin.py:190} INFO - [2025-07-11T00:00:16.353+0000] {dagbag.py:588} INFO - Filling up the DagBag from /opt/airflow/dags/aws.py
[2025-07-11T00:00:16.503+0000] {processor.py:925} INFO - DAG(s) 'list_s3_files' retrieved from /opt/airflow/dags/aws.py
[2025-07-11T00:00:16.540+0000] {logging_mixin.py:190} INFO - [2025-07-11T00:00:16.539+0000] {dag.py:3239} INFO - Sync 1 DAGs
[2025-07-11T00:00:16.563+0000] {logging_mixin.py:190} INFO - [2025-07-11T00:00:16.563+0000] {dag.py:4180} INFO - Setting next_dagrun for list_s3_files to None, run_after=None
[2025-07-11T00:00:16.588+0000] {processor.py:208} INFO - Processing /opt/airflow/dags/aws.py took 0.267 seconds
[2025-07-11T00:00:47.185+0000] {processor.py:186} INFO - Started process (PID=15001) to work on /opt/airflow/dags/aws.py
[2025-07-11T00:00:47.186+0000] {processor.py:914} INFO - Processing file /opt/airflow/dags/aws.py for tasks to queue
[2025-07-11T00:00:47.189+0000] {logging_mixin.py:190} INFO - [2025-07-11T00:00:47.188+0000] {dagbag.py:588} INFO - Filling up the DagBag from /opt/airflow/dags/aws.py
[2025-07-11T00:00:47.267+0000] {processor.py:925} INFO - DAG(s) 'list_s3_files' retrieved from /opt/airflow/dags/aws.py
[2025-07-11T00:00:47.289+0000] {logging_mixin.py:190} INFO - [2025-07-11T00:00:47.288+0000] {dag.py:3239} INFO - Sync 1 DAGs
[2025-07-11T00:00:47.305+0000] {logging_mixin.py:190} INFO - [2025-07-11T00:00:47.304+0000] {dag.py:4180} INFO - Setting next_dagrun for list_s3_files to None, run_after=None
[2025-07-11T00:00:47.327+0000] {processor.py:208} INFO - Processing /opt/airflow/dags/aws.py took 0.150 seconds
[2025-07-11T00:01:17.967+0000] {processor.py:186} INFO - Started process (PID=15037) to work on /opt/airflow/dags/aws.py
[2025-07-11T00:01:17.969+0000] {processor.py:914} INFO - Processing file /opt/airflow/dags/aws.py for tasks to queue
[2025-07-11T00:01:17.972+0000] {logging_mixin.py:190} INFO - [2025-07-11T00:01:17.972+0000] {dagbag.py:588} INFO - Filling up the DagBag from /opt/airflow/dags/aws.py
[2025-07-11T00:01:18.057+0000] {processor.py:925} INFO - DAG(s) 'list_s3_files' retrieved from /opt/airflow/dags/aws.py
[2025-07-11T00:01:18.079+0000] {logging_mixin.py:190} INFO - [2025-07-11T00:01:18.079+0000] {dag.py:3239} INFO - Sync 1 DAGs
[2025-07-11T00:01:18.095+0000] {logging_mixin.py:190} INFO - [2025-07-11T00:01:18.095+0000] {dag.py:4180} INFO - Setting next_dagrun for list_s3_files to None, run_after=None
[2025-07-11T00:01:18.113+0000] {processor.py:208} INFO - Processing /opt/airflow/dags/aws.py took 0.159 seconds
[2025-07-11T00:01:48.740+0000] {processor.py:186} INFO - Started process (PID=15073) to work on /opt/airflow/dags/aws.py
[2025-07-11T00:01:48.741+0000] {processor.py:914} INFO - Processing file /opt/airflow/dags/aws.py for tasks to queue
[2025-07-11T00:01:48.744+0000] {logging_mixin.py:190} INFO - [2025-07-11T00:01:48.743+0000] {dagbag.py:588} INFO - Filling up the DagBag from /opt/airflow/dags/aws.py
[2025-07-11T00:01:48.821+0000] {processor.py:925} INFO - DAG(s) 'list_s3_files' retrieved from /opt/airflow/dags/aws.py
[2025-07-11T00:01:48.850+0000] {logging_mixin.py:190} INFO - [2025-07-11T00:01:48.849+0000] {dag.py:3239} INFO - Sync 1 DAGs
[2025-07-11T00:01:48.868+0000] {logging_mixin.py:190} INFO - [2025-07-11T00:01:48.867+0000] {dag.py:4180} INFO - Setting next_dagrun for list_s3_files to None, run_after=None
[2025-07-11T00:01:48.884+0000] {processor.py:208} INFO - Processing /opt/airflow/dags/aws.py took 0.151 seconds
[2025-07-11T00:02:19.500+0000] {processor.py:186} INFO - Started process (PID=15109) to work on /opt/airflow/dags/aws.py
[2025-07-11T00:02:19.502+0000] {processor.py:914} INFO - Processing file /opt/airflow/dags/aws.py for tasks to queue
[2025-07-11T00:02:19.505+0000] {logging_mixin.py:190} INFO - [2025-07-11T00:02:19.505+0000] {dagbag.py:588} INFO - Filling up the DagBag from /opt/airflow/dags/aws.py
[2025-07-11T00:02:19.586+0000] {processor.py:925} INFO - DAG(s) 'list_s3_files' retrieved from /opt/airflow/dags/aws.py
[2025-07-11T00:02:19.608+0000] {logging_mixin.py:190} INFO - [2025-07-11T00:02:19.608+0000] {dag.py:3239} INFO - Sync 1 DAGs
[2025-07-11T00:02:19.623+0000] {logging_mixin.py:190} INFO - [2025-07-11T00:02:19.622+0000] {dag.py:4180} INFO - Setting next_dagrun for list_s3_files to None, run_after=None
[2025-07-11T00:02:19.639+0000] {processor.py:208} INFO - Processing /opt/airflow/dags/aws.py took 0.154 seconds
[2025-07-11T00:02:50.299+0000] {processor.py:186} INFO - Started process (PID=15145) to work on /opt/airflow/dags/aws.py
[2025-07-11T00:02:50.300+0000] {processor.py:914} INFO - Processing file /opt/airflow/dags/aws.py for tasks to queue
[2025-07-11T00:02:50.304+0000] {logging_mixin.py:190} INFO - [2025-07-11T00:02:50.304+0000] {dagbag.py:588} INFO - Filling up the DagBag from /opt/airflow/dags/aws.py
[2025-07-11T00:02:50.394+0000] {processor.py:925} INFO - DAG(s) 'list_s3_files' retrieved from /opt/airflow/dags/aws.py
[2025-07-11T00:02:50.416+0000] {logging_mixin.py:190} INFO - [2025-07-11T00:02:50.415+0000] {dag.py:3239} INFO - Sync 1 DAGs
[2025-07-11T00:02:50.432+0000] {logging_mixin.py:190} INFO - [2025-07-11T00:02:50.431+0000] {dag.py:4180} INFO - Setting next_dagrun for list_s3_files to None, run_after=None
[2025-07-11T00:02:50.449+0000] {processor.py:208} INFO - Processing /opt/airflow/dags/aws.py took 0.162 seconds
[2025-07-11T00:03:21.086+0000] {processor.py:186} INFO - Started process (PID=15181) to work on /opt/airflow/dags/aws.py
[2025-07-11T00:03:21.088+0000] {processor.py:914} INFO - Processing file /opt/airflow/dags/aws.py for tasks to queue
[2025-07-11T00:03:21.090+0000] {logging_mixin.py:190} INFO - [2025-07-11T00:03:21.090+0000] {dagbag.py:588} INFO - Filling up the DagBag from /opt/airflow/dags/aws.py
[2025-07-11T00:03:21.176+0000] {processor.py:925} INFO - DAG(s) 'list_s3_files' retrieved from /opt/airflow/dags/aws.py
[2025-07-11T00:03:21.199+0000] {logging_mixin.py:190} INFO - [2025-07-11T00:03:21.199+0000] {dag.py:3239} INFO - Sync 1 DAGs
[2025-07-11T00:03:21.215+0000] {logging_mixin.py:190} INFO - [2025-07-11T00:03:21.215+0000] {dag.py:4180} INFO - Setting next_dagrun for list_s3_files to None, run_after=None
[2025-07-11T00:03:21.234+0000] {processor.py:208} INFO - Processing /opt/airflow/dags/aws.py took 0.157 seconds
[2025-07-11T00:03:51.841+0000] {processor.py:186} INFO - Started process (PID=15217) to work on /opt/airflow/dags/aws.py
[2025-07-11T00:03:51.842+0000] {processor.py:914} INFO - Processing file /opt/airflow/dags/aws.py for tasks to queue
[2025-07-11T00:03:51.844+0000] {logging_mixin.py:190} INFO - [2025-07-11T00:03:51.844+0000] {dagbag.py:588} INFO - Filling up the DagBag from /opt/airflow/dags/aws.py
[2025-07-11T00:03:51.923+0000] {processor.py:925} INFO - DAG(s) 'list_s3_files' retrieved from /opt/airflow/dags/aws.py
[2025-07-11T00:03:51.947+0000] {logging_mixin.py:190} INFO - [2025-07-11T00:03:51.947+0000] {dag.py:3239} INFO - Sync 1 DAGs
[2025-07-11T00:03:51.962+0000] {logging_mixin.py:190} INFO - [2025-07-11T00:03:51.961+0000] {dag.py:4180} INFO - Setting next_dagrun for list_s3_files to None, run_after=None
[2025-07-11T00:03:51.980+0000] {processor.py:208} INFO - Processing /opt/airflow/dags/aws.py took 0.147 seconds
[2025-07-11T00:04:22.620+0000] {processor.py:186} INFO - Started process (PID=15253) to work on /opt/airflow/dags/aws.py
[2025-07-11T00:04:22.626+0000] {processor.py:914} INFO - Processing file /opt/airflow/dags/aws.py for tasks to queue
[2025-07-11T00:04:22.629+0000] {logging_mixin.py:190} INFO - [2025-07-11T00:04:22.628+0000] {dagbag.py:588} INFO - Filling up the DagBag from /opt/airflow/dags/aws.py
[2025-07-11T00:04:22.711+0000] {processor.py:925} INFO - DAG(s) 'list_s3_files' retrieved from /opt/airflow/dags/aws.py
[2025-07-11T00:04:22.739+0000] {logging_mixin.py:190} INFO - [2025-07-11T00:04:22.738+0000] {dag.py:3239} INFO - Sync 1 DAGs
[2025-07-11T00:04:22.761+0000] {logging_mixin.py:190} INFO - [2025-07-11T00:04:22.761+0000] {dag.py:4180} INFO - Setting next_dagrun for list_s3_files to None, run_after=None
[2025-07-11T00:04:22.778+0000] {processor.py:208} INFO - Processing /opt/airflow/dags/aws.py took 0.169 seconds
[2025-07-11T00:04:53.292+0000] {processor.py:186} INFO - Started process (PID=15289) to work on /opt/airflow/dags/aws.py
[2025-07-11T00:04:53.293+0000] {processor.py:914} INFO - Processing file /opt/airflow/dags/aws.py for tasks to queue
[2025-07-11T00:04:53.295+0000] {logging_mixin.py:190} INFO - [2025-07-11T00:04:53.295+0000] {dagbag.py:588} INFO - Filling up the DagBag from /opt/airflow/dags/aws.py
[2025-07-11T00:04:53.378+0000] {processor.py:925} INFO - DAG(s) 'list_s3_files' retrieved from /opt/airflow/dags/aws.py
[2025-07-11T00:04:53.399+0000] {logging_mixin.py:190} INFO - [2025-07-11T00:04:53.399+0000] {dag.py:3239} INFO - Sync 1 DAGs
[2025-07-11T00:04:53.414+0000] {logging_mixin.py:190} INFO - [2025-07-11T00:04:53.414+0000] {dag.py:4180} INFO - Setting next_dagrun for list_s3_files to None, run_after=None
[2025-07-11T00:04:53.431+0000] {processor.py:208} INFO - Processing /opt/airflow/dags/aws.py took 0.147 seconds
[2025-07-11T00:05:24.005+0000] {processor.py:186} INFO - Started process (PID=15325) to work on /opt/airflow/dags/aws.py
[2025-07-11T00:05:24.006+0000] {processor.py:914} INFO - Processing file /opt/airflow/dags/aws.py for tasks to queue
[2025-07-11T00:05:24.009+0000] {logging_mixin.py:190} INFO - [2025-07-11T00:05:24.008+0000] {dagbag.py:588} INFO - Filling up the DagBag from /opt/airflow/dags/aws.py
[2025-07-11T00:05:24.088+0000] {processor.py:925} INFO - DAG(s) 'list_s3_files' retrieved from /opt/airflow/dags/aws.py
[2025-07-11T00:05:24.111+0000] {logging_mixin.py:190} INFO - [2025-07-11T00:05:24.110+0000] {dag.py:3239} INFO - Sync 1 DAGs
[2025-07-11T00:05:24.129+0000] {logging_mixin.py:190} INFO - [2025-07-11T00:05:24.129+0000] {dag.py:4180} INFO - Setting next_dagrun for list_s3_files to None, run_after=None
[2025-07-11T00:05:24.148+0000] {processor.py:208} INFO - Processing /opt/airflow/dags/aws.py took 0.152 seconds
[2025-07-11T00:05:54.768+0000] {processor.py:186} INFO - Started process (PID=15361) to work on /opt/airflow/dags/aws.py
[2025-07-11T00:05:54.769+0000] {processor.py:914} INFO - Processing file /opt/airflow/dags/aws.py for tasks to queue
[2025-07-11T00:05:54.771+0000] {logging_mixin.py:190} INFO - [2025-07-11T00:05:54.771+0000] {dagbag.py:588} INFO - Filling up the DagBag from /opt/airflow/dags/aws.py
[2025-07-11T00:05:54.852+0000] {processor.py:925} INFO - DAG(s) 'list_s3_files' retrieved from /opt/airflow/dags/aws.py
[2025-07-11T00:05:54.875+0000] {logging_mixin.py:190} INFO - [2025-07-11T00:05:54.875+0000] {dag.py:3239} INFO - Sync 1 DAGs
[2025-07-11T00:05:54.890+0000] {logging_mixin.py:190} INFO - [2025-07-11T00:05:54.889+0000] {dag.py:4180} INFO - Setting next_dagrun for list_s3_files to None, run_after=None
[2025-07-11T00:05:54.907+0000] {processor.py:208} INFO - Processing /opt/airflow/dags/aws.py took 0.149 seconds
[2025-07-11T00:06:25.465+0000] {processor.py:186} INFO - Started process (PID=15397) to work on /opt/airflow/dags/aws.py
[2025-07-11T00:06:25.466+0000] {processor.py:914} INFO - Processing file /opt/airflow/dags/aws.py for tasks to queue
[2025-07-11T00:06:25.469+0000] {logging_mixin.py:190} INFO - [2025-07-11T00:06:25.469+0000] {dagbag.py:588} INFO - Filling up the DagBag from /opt/airflow/dags/aws.py
[2025-07-11T00:06:25.553+0000] {processor.py:925} INFO - DAG(s) 'list_s3_files' retrieved from /opt/airflow/dags/aws.py
[2025-07-11T00:06:25.575+0000] {logging_mixin.py:190} INFO - [2025-07-11T00:06:25.575+0000] {dag.py:3239} INFO - Sync 1 DAGs
[2025-07-11T00:06:25.590+0000] {logging_mixin.py:190} INFO - [2025-07-11T00:06:25.590+0000] {dag.py:4180} INFO - Setting next_dagrun for list_s3_files to None, run_after=None
[2025-07-11T00:06:25.608+0000] {processor.py:208} INFO - Processing /opt/airflow/dags/aws.py took 0.151 seconds
[2025-07-11T00:06:56.217+0000] {processor.py:186} INFO - Started process (PID=15433) to work on /opt/airflow/dags/aws.py
[2025-07-11T00:06:56.218+0000] {processor.py:914} INFO - Processing file /opt/airflow/dags/aws.py for tasks to queue
[2025-07-11T00:06:56.220+0000] {logging_mixin.py:190} INFO - [2025-07-11T00:06:56.220+0000] {dagbag.py:588} INFO - Filling up the DagBag from /opt/airflow/dags/aws.py
[2025-07-11T00:06:56.301+0000] {processor.py:925} INFO - DAG(s) 'list_s3_files' retrieved from /opt/airflow/dags/aws.py
[2025-07-11T00:06:56.323+0000] {logging_mixin.py:190} INFO - [2025-07-11T00:06:56.323+0000] {dag.py:3239} INFO - Sync 1 DAGs
[2025-07-11T00:06:56.338+0000] {logging_mixin.py:190} INFO - [2025-07-11T00:06:56.338+0000] {dag.py:4180} INFO - Setting next_dagrun for list_s3_files to None, run_after=None
[2025-07-11T00:06:56.356+0000] {processor.py:208} INFO - Processing /opt/airflow/dags/aws.py took 0.149 seconds
[2025-07-11T00:07:26.979+0000] {processor.py:186} INFO - Started process (PID=15469) to work on /opt/airflow/dags/aws.py
[2025-07-11T00:07:26.981+0000] {processor.py:914} INFO - Processing file /opt/airflow/dags/aws.py for tasks to queue
[2025-07-11T00:07:26.984+0000] {logging_mixin.py:190} INFO - [2025-07-11T00:07:26.983+0000] {dagbag.py:588} INFO - Filling up the DagBag from /opt/airflow/dags/aws.py
[2025-07-11T00:07:27.060+0000] {processor.py:925} INFO - DAG(s) 'list_s3_files' retrieved from /opt/airflow/dags/aws.py
[2025-07-11T00:07:27.085+0000] {logging_mixin.py:190} INFO - [2025-07-11T00:07:27.085+0000] {dag.py:3239} INFO - Sync 1 DAGs
[2025-07-11T00:07:27.101+0000] {logging_mixin.py:190} INFO - [2025-07-11T00:07:27.101+0000] {dag.py:4180} INFO - Setting next_dagrun for list_s3_files to None, run_after=None
[2025-07-11T00:07:27.119+0000] {processor.py:208} INFO - Processing /opt/airflow/dags/aws.py took 0.153 seconds
[2025-07-11T00:07:57.759+0000] {processor.py:186} INFO - Started process (PID=15505) to work on /opt/airflow/dags/aws.py
[2025-07-11T00:07:57.760+0000] {processor.py:914} INFO - Processing file /opt/airflow/dags/aws.py for tasks to queue
[2025-07-11T00:07:57.763+0000] {logging_mixin.py:190} INFO - [2025-07-11T00:07:57.763+0000] {dagbag.py:588} INFO - Filling up the DagBag from /opt/airflow/dags/aws.py
[2025-07-11T00:07:57.843+0000] {processor.py:925} INFO - DAG(s) 'list_s3_files' retrieved from /opt/airflow/dags/aws.py
[2025-07-11T00:07:57.867+0000] {logging_mixin.py:190} INFO - [2025-07-11T00:07:57.867+0000] {dag.py:3239} INFO - Sync 1 DAGs
[2025-07-11T00:07:57.882+0000] {logging_mixin.py:190} INFO - [2025-07-11T00:07:57.882+0000] {dag.py:4180} INFO - Setting next_dagrun for list_s3_files to None, run_after=None
[2025-07-11T00:07:57.899+0000] {processor.py:208} INFO - Processing /opt/airflow/dags/aws.py took 0.150 seconds
[2025-07-11T00:08:28.559+0000] {processor.py:186} INFO - Started process (PID=15541) to work on /opt/airflow/dags/aws.py
[2025-07-11T00:08:28.565+0000] {processor.py:914} INFO - Processing file /opt/airflow/dags/aws.py for tasks to queue
[2025-07-11T00:08:28.568+0000] {logging_mixin.py:190} INFO - [2025-07-11T00:08:28.567+0000] {dagbag.py:588} INFO - Filling up the DagBag from /opt/airflow/dags/aws.py
[2025-07-11T00:08:28.648+0000] {processor.py:925} INFO - DAG(s) 'list_s3_files' retrieved from /opt/airflow/dags/aws.py
[2025-07-11T00:08:28.670+0000] {logging_mixin.py:190} INFO - [2025-07-11T00:08:28.670+0000] {dag.py:3239} INFO - Sync 1 DAGs
[2025-07-11T00:08:28.686+0000] {logging_mixin.py:190} INFO - [2025-07-11T00:08:28.685+0000] {dag.py:4180} INFO - Setting next_dagrun for list_s3_files to None, run_after=None
[2025-07-11T00:08:28.703+0000] {processor.py:208} INFO - Processing /opt/airflow/dags/aws.py took 0.153 seconds
[2025-07-11T00:08:59.270+0000] {processor.py:186} INFO - Started process (PID=15577) to work on /opt/airflow/dags/aws.py
[2025-07-11T00:08:59.271+0000] {processor.py:914} INFO - Processing file /opt/airflow/dags/aws.py for tasks to queue
[2025-07-11T00:08:59.274+0000] {logging_mixin.py:190} INFO - [2025-07-11T00:08:59.274+0000] {dagbag.py:588} INFO - Filling up the DagBag from /opt/airflow/dags/aws.py
[2025-07-11T00:08:59.352+0000] {processor.py:925} INFO - DAG(s) 'list_s3_files' retrieved from /opt/airflow/dags/aws.py
[2025-07-11T00:08:59.373+0000] {logging_mixin.py:190} INFO - [2025-07-11T00:08:59.373+0000] {dag.py:3239} INFO - Sync 1 DAGs
[2025-07-11T00:08:59.388+0000] {logging_mixin.py:190} INFO - [2025-07-11T00:08:59.387+0000] {dag.py:4180} INFO - Setting next_dagrun for list_s3_files to None, run_after=None
[2025-07-11T00:08:59.404+0000] {processor.py:208} INFO - Processing /opt/airflow/dags/aws.py took 0.144 seconds
[2025-07-11T00:09:30.041+0000] {processor.py:186} INFO - Started process (PID=15613) to work on /opt/airflow/dags/aws.py
[2025-07-11T00:09:30.042+0000] {processor.py:914} INFO - Processing file /opt/airflow/dags/aws.py for tasks to queue
[2025-07-11T00:09:30.045+0000] {logging_mixin.py:190} INFO - [2025-07-11T00:09:30.045+0000] {dagbag.py:588} INFO - Filling up the DagBag from /opt/airflow/dags/aws.py
[2025-07-11T00:09:30.134+0000] {processor.py:925} INFO - DAG(s) 'list_s3_files' retrieved from /opt/airflow/dags/aws.py
[2025-07-11T00:09:30.162+0000] {logging_mixin.py:190} INFO - [2025-07-11T00:09:30.162+0000] {dag.py:3239} INFO - Sync 1 DAGs
[2025-07-11T00:09:30.181+0000] {logging_mixin.py:190} INFO - [2025-07-11T00:09:30.181+0000] {dag.py:4180} INFO - Setting next_dagrun for list_s3_files to None, run_after=None
[2025-07-11T00:09:30.197+0000] {processor.py:208} INFO - Processing /opt/airflow/dags/aws.py took 0.167 seconds
[2025-07-11T00:10:00.820+0000] {processor.py:186} INFO - Started process (PID=15655) to work on /opt/airflow/dags/aws.py
[2025-07-11T00:10:00.821+0000] {processor.py:914} INFO - Processing file /opt/airflow/dags/aws.py for tasks to queue
[2025-07-11T00:10:00.824+0000] {logging_mixin.py:190} INFO - [2025-07-11T00:10:00.823+0000] {dagbag.py:588} INFO - Filling up the DagBag from /opt/airflow/dags/aws.py
[2025-07-11T00:10:00.913+0000] {processor.py:925} INFO - DAG(s) 'list_s3_files' retrieved from /opt/airflow/dags/aws.py
[2025-07-11T00:10:00.936+0000] {logging_mixin.py:190} INFO - [2025-07-11T00:10:00.936+0000] {dag.py:3239} INFO - Sync 1 DAGs
[2025-07-11T00:10:00.951+0000] {logging_mixin.py:190} INFO - [2025-07-11T00:10:00.950+0000] {dag.py:4180} INFO - Setting next_dagrun for list_s3_files to None, run_after=None
[2025-07-11T00:10:00.968+0000] {processor.py:208} INFO - Processing /opt/airflow/dags/aws.py took 0.159 seconds
[2025-07-11T00:10:31.524+0000] {processor.py:186} INFO - Started process (PID=15691) to work on /opt/airflow/dags/aws.py
[2025-07-11T00:10:31.530+0000] {processor.py:914} INFO - Processing file /opt/airflow/dags/aws.py for tasks to queue
[2025-07-11T00:10:31.532+0000] {logging_mixin.py:190} INFO - [2025-07-11T00:10:31.532+0000] {dagbag.py:588} INFO - Filling up the DagBag from /opt/airflow/dags/aws.py
[2025-07-11T00:10:31.613+0000] {processor.py:925} INFO - DAG(s) 'list_s3_files' retrieved from /opt/airflow/dags/aws.py
[2025-07-11T00:10:31.635+0000] {logging_mixin.py:190} INFO - [2025-07-11T00:10:31.635+0000] {dag.py:3239} INFO - Sync 1 DAGs
[2025-07-11T00:10:31.650+0000] {logging_mixin.py:190} INFO - [2025-07-11T00:10:31.650+0000] {dag.py:4180} INFO - Setting next_dagrun for list_s3_files to None, run_after=None
[2025-07-11T00:10:31.668+0000] {processor.py:208} INFO - Processing /opt/airflow/dags/aws.py took 0.153 seconds
[2025-07-11T00:11:02.288+0000] {processor.py:186} INFO - Started process (PID=15727) to work on /opt/airflow/dags/aws.py
[2025-07-11T00:11:02.289+0000] {processor.py:914} INFO - Processing file /opt/airflow/dags/aws.py for tasks to queue
[2025-07-11T00:11:02.292+0000] {logging_mixin.py:190} INFO - [2025-07-11T00:11:02.291+0000] {dagbag.py:588} INFO - Filling up the DagBag from /opt/airflow/dags/aws.py
[2025-07-11T00:11:02.372+0000] {processor.py:925} INFO - DAG(s) 'list_s3_files' retrieved from /opt/airflow/dags/aws.py
[2025-07-11T00:11:02.394+0000] {logging_mixin.py:190} INFO - [2025-07-11T00:11:02.394+0000] {dag.py:3239} INFO - Sync 1 DAGs
[2025-07-11T00:11:02.409+0000] {logging_mixin.py:190} INFO - [2025-07-11T00:11:02.409+0000] {dag.py:4180} INFO - Setting next_dagrun for list_s3_files to None, run_after=None
[2025-07-11T00:11:02.426+0000] {processor.py:208} INFO - Processing /opt/airflow/dags/aws.py took 0.147 seconds
[2025-07-11T00:11:33.085+0000] {processor.py:186} INFO - Started process (PID=15763) to work on /opt/airflow/dags/aws.py
[2025-07-11T00:11:33.086+0000] {processor.py:914} INFO - Processing file /opt/airflow/dags/aws.py for tasks to queue
[2025-07-11T00:11:33.090+0000] {logging_mixin.py:190} INFO - [2025-07-11T00:11:33.090+0000] {dagbag.py:588} INFO - Filling up the DagBag from /opt/airflow/dags/aws.py
[2025-07-11T00:11:33.173+0000] {processor.py:925} INFO - DAG(s) 'list_s3_files' retrieved from /opt/airflow/dags/aws.py
[2025-07-11T00:11:33.195+0000] {logging_mixin.py:190} INFO - [2025-07-11T00:11:33.195+0000] {dag.py:3239} INFO - Sync 1 DAGs
[2025-07-11T00:11:33.212+0000] {logging_mixin.py:190} INFO - [2025-07-11T00:11:33.212+0000] {dag.py:4180} INFO - Setting next_dagrun for list_s3_files to None, run_after=None
[2025-07-11T00:11:33.230+0000] {processor.py:208} INFO - Processing /opt/airflow/dags/aws.py took 0.155 seconds
[2025-07-11T00:12:03.815+0000] {processor.py:186} INFO - Started process (PID=15799) to work on /opt/airflow/dags/aws.py
[2025-07-11T00:12:03.817+0000] {processor.py:914} INFO - Processing file /opt/airflow/dags/aws.py for tasks to queue
[2025-07-11T00:12:03.821+0000] {logging_mixin.py:190} INFO - [2025-07-11T00:12:03.820+0000] {dagbag.py:588} INFO - Filling up the DagBag from /opt/airflow/dags/aws.py
[2025-07-11T00:12:03.916+0000] {processor.py:925} INFO - DAG(s) 'list_s3_files' retrieved from /opt/airflow/dags/aws.py
[2025-07-11T00:12:03.939+0000] {logging_mixin.py:190} INFO - [2025-07-11T00:12:03.939+0000] {dag.py:3239} INFO - Sync 1 DAGs
[2025-07-11T00:12:03.954+0000] {logging_mixin.py:190} INFO - [2025-07-11T00:12:03.954+0000] {dag.py:4180} INFO - Setting next_dagrun for list_s3_files to None, run_after=None
[2025-07-11T00:12:03.971+0000] {processor.py:208} INFO - Processing /opt/airflow/dags/aws.py took 0.167 seconds
[2025-07-11T00:12:34.521+0000] {processor.py:186} INFO - Started process (PID=15835) to work on /opt/airflow/dags/aws.py
[2025-07-11T00:12:34.527+0000] {processor.py:914} INFO - Processing file /opt/airflow/dags/aws.py for tasks to queue
[2025-07-11T00:12:34.530+0000] {logging_mixin.py:190} INFO - [2025-07-11T00:12:34.529+0000] {dagbag.py:588} INFO - Filling up the DagBag from /opt/airflow/dags/aws.py
[2025-07-11T00:12:34.613+0000] {processor.py:925} INFO - DAG(s) 'list_s3_files' retrieved from /opt/airflow/dags/aws.py
[2025-07-11T00:12:34.635+0000] {logging_mixin.py:190} INFO - [2025-07-11T00:12:34.635+0000] {dag.py:3239} INFO - Sync 1 DAGs
[2025-07-11T00:12:34.650+0000] {logging_mixin.py:190} INFO - [2025-07-11T00:12:34.649+0000] {dag.py:4180} INFO - Setting next_dagrun for list_s3_files to None, run_after=None
[2025-07-11T00:12:34.667+0000] {processor.py:208} INFO - Processing /opt/airflow/dags/aws.py took 0.154 seconds
[2025-07-11T00:13:05.208+0000] {processor.py:186} INFO - Started process (PID=15871) to work on /opt/airflow/dags/aws.py
[2025-07-11T00:13:05.209+0000] {processor.py:914} INFO - Processing file /opt/airflow/dags/aws.py for tasks to queue
[2025-07-11T00:13:05.212+0000] {logging_mixin.py:190} INFO - [2025-07-11T00:13:05.211+0000] {dagbag.py:588} INFO - Filling up the DagBag from /opt/airflow/dags/aws.py
[2025-07-11T00:13:05.292+0000] {processor.py:925} INFO - DAG(s) 'list_s3_files' retrieved from /opt/airflow/dags/aws.py
[2025-07-11T00:13:05.314+0000] {logging_mixin.py:190} INFO - [2025-07-11T00:13:05.314+0000] {dag.py:3239} INFO - Sync 1 DAGs
[2025-07-11T00:13:05.329+0000] {logging_mixin.py:190} INFO - [2025-07-11T00:13:05.329+0000] {dag.py:4180} INFO - Setting next_dagrun for list_s3_files to None, run_after=None
[2025-07-11T00:13:05.346+0000] {processor.py:208} INFO - Processing /opt/airflow/dags/aws.py took 0.147 seconds
[2025-07-11T00:13:36.015+0000] {processor.py:186} INFO - Started process (PID=15907) to work on /opt/airflow/dags/aws.py
[2025-07-11T00:13:36.016+0000] {processor.py:914} INFO - Processing file /opt/airflow/dags/aws.py for tasks to queue
[2025-07-11T00:13:36.020+0000] {logging_mixin.py:190} INFO - [2025-07-11T00:13:36.020+0000] {dagbag.py:588} INFO - Filling up the DagBag from /opt/airflow/dags/aws.py
[2025-07-11T00:13:36.105+0000] {processor.py:925} INFO - DAG(s) 'list_s3_files' retrieved from /opt/airflow/dags/aws.py
[2025-07-11T00:13:36.129+0000] {logging_mixin.py:190} INFO - [2025-07-11T00:13:36.129+0000] {dag.py:3239} INFO - Sync 1 DAGs
[2025-07-11T00:13:36.146+0000] {logging_mixin.py:190} INFO - [2025-07-11T00:13:36.146+0000] {dag.py:4180} INFO - Setting next_dagrun for list_s3_files to None, run_after=None
[2025-07-11T00:13:36.163+0000] {processor.py:208} INFO - Processing /opt/airflow/dags/aws.py took 0.161 seconds
[2025-07-11T00:14:06.797+0000] {processor.py:186} INFO - Started process (PID=15943) to work on /opt/airflow/dags/aws.py
[2025-07-11T00:14:06.799+0000] {processor.py:914} INFO - Processing file /opt/airflow/dags/aws.py for tasks to queue
[2025-07-11T00:14:06.801+0000] {logging_mixin.py:190} INFO - [2025-07-11T00:14:06.801+0000] {dagbag.py:588} INFO - Filling up the DagBag from /opt/airflow/dags/aws.py
[2025-07-11T00:14:06.883+0000] {processor.py:925} INFO - DAG(s) 'list_s3_files' retrieved from /opt/airflow/dags/aws.py
[2025-07-11T00:14:06.907+0000] {logging_mixin.py:190} INFO - [2025-07-11T00:14:06.907+0000] {dag.py:3239} INFO - Sync 1 DAGs
[2025-07-11T00:14:06.922+0000] {logging_mixin.py:190} INFO - [2025-07-11T00:14:06.922+0000] {dag.py:4180} INFO - Setting next_dagrun for list_s3_files to None, run_after=None
[2025-07-11T00:14:06.940+0000] {processor.py:208} INFO - Processing /opt/airflow/dags/aws.py took 0.151 seconds
[2025-07-11T00:14:37.567+0000] {processor.py:186} INFO - Started process (PID=15979) to work on /opt/airflow/dags/aws.py
[2025-07-11T00:14:37.569+0000] {processor.py:914} INFO - Processing file /opt/airflow/dags/aws.py for tasks to queue
[2025-07-11T00:14:37.573+0000] {logging_mixin.py:190} INFO - [2025-07-11T00:14:37.572+0000] {dagbag.py:588} INFO - Filling up the DagBag from /opt/airflow/dags/aws.py
[2025-07-11T00:14:37.659+0000] {processor.py:925} INFO - DAG(s) 'list_s3_files' retrieved from /opt/airflow/dags/aws.py
[2025-07-11T00:14:37.687+0000] {logging_mixin.py:190} INFO - [2025-07-11T00:14:37.687+0000] {dag.py:3239} INFO - Sync 1 DAGs
[2025-07-11T00:14:37.711+0000] {logging_mixin.py:190} INFO - [2025-07-11T00:14:37.711+0000] {dag.py:4180} INFO - Setting next_dagrun for list_s3_files to None, run_after=None
[2025-07-11T00:14:37.731+0000] {processor.py:208} INFO - Processing /opt/airflow/dags/aws.py took 0.174 seconds
[2025-07-11T00:15:08.413+0000] {processor.py:186} INFO - Started process (PID=16015) to work on /opt/airflow/dags/aws.py
[2025-07-11T00:15:08.414+0000] {processor.py:914} INFO - Processing file /opt/airflow/dags/aws.py for tasks to queue
[2025-07-11T00:15:08.418+0000] {logging_mixin.py:190} INFO - [2025-07-11T00:15:08.417+0000] {dagbag.py:588} INFO - Filling up the DagBag from /opt/airflow/dags/aws.py
[2025-07-11T00:15:08.498+0000] {processor.py:925} INFO - DAG(s) 'list_s3_files' retrieved from /opt/airflow/dags/aws.py
[2025-07-11T00:15:08.520+0000] {logging_mixin.py:190} INFO - [2025-07-11T00:15:08.520+0000] {dag.py:3239} INFO - Sync 1 DAGs
[2025-07-11T00:15:08.535+0000] {logging_mixin.py:190} INFO - [2025-07-11T00:15:08.535+0000] {dag.py:4180} INFO - Setting next_dagrun for list_s3_files to None, run_after=None
[2025-07-11T00:15:08.553+0000] {processor.py:208} INFO - Processing /opt/airflow/dags/aws.py took 0.150 seconds
[2025-07-11T00:15:39.155+0000] {processor.py:186} INFO - Started process (PID=16051) to work on /opt/airflow/dags/aws.py
[2025-07-11T00:15:39.161+0000] {processor.py:914} INFO - Processing file /opt/airflow/dags/aws.py for tasks to queue
[2025-07-11T00:15:39.163+0000] {logging_mixin.py:190} INFO - [2025-07-11T00:15:39.163+0000] {dagbag.py:588} INFO - Filling up the DagBag from /opt/airflow/dags/aws.py
[2025-07-11T00:15:39.246+0000] {processor.py:925} INFO - DAG(s) 'list_s3_files' retrieved from /opt/airflow/dags/aws.py
[2025-07-11T00:15:39.268+0000] {logging_mixin.py:190} INFO - [2025-07-11T00:15:39.267+0000] {dag.py:3239} INFO - Sync 1 DAGs
[2025-07-11T00:15:39.283+0000] {logging_mixin.py:190} INFO - [2025-07-11T00:15:39.283+0000] {dag.py:4180} INFO - Setting next_dagrun for list_s3_files to None, run_after=None
[2025-07-11T00:15:39.300+0000] {processor.py:208} INFO - Processing /opt/airflow/dags/aws.py took 0.154 seconds
[2025-07-11T00:16:09.964+0000] {processor.py:186} INFO - Started process (PID=16087) to work on /opt/airflow/dags/aws.py
[2025-07-11T00:16:09.965+0000] {processor.py:914} INFO - Processing file /opt/airflow/dags/aws.py for tasks to queue
[2025-07-11T00:16:09.968+0000] {logging_mixin.py:190} INFO - [2025-07-11T00:16:09.968+0000] {dagbag.py:588} INFO - Filling up the DagBag from /opt/airflow/dags/aws.py
[2025-07-11T00:16:10.052+0000] {processor.py:925} INFO - DAG(s) 'list_s3_files' retrieved from /opt/airflow/dags/aws.py
[2025-07-11T00:16:10.079+0000] {logging_mixin.py:190} INFO - [2025-07-11T00:16:10.079+0000] {dag.py:3239} INFO - Sync 1 DAGs
[2025-07-11T00:16:10.095+0000] {logging_mixin.py:190} INFO - [2025-07-11T00:16:10.095+0000] {dag.py:4180} INFO - Setting next_dagrun for list_s3_files to None, run_after=None
[2025-07-11T00:16:10.112+0000] {processor.py:208} INFO - Processing /opt/airflow/dags/aws.py took 0.160 seconds
[2025-07-11T00:16:40.708+0000] {processor.py:186} INFO - Started process (PID=16123) to work on /opt/airflow/dags/aws.py
[2025-07-11T00:16:40.709+0000] {processor.py:914} INFO - Processing file /opt/airflow/dags/aws.py for tasks to queue
[2025-07-11T00:16:40.711+0000] {logging_mixin.py:190} INFO - [2025-07-11T00:16:40.711+0000] {dagbag.py:588} INFO - Filling up the DagBag from /opt/airflow/dags/aws.py
[2025-07-11T00:16:40.789+0000] {processor.py:925} INFO - DAG(s) 'list_s3_files' retrieved from /opt/airflow/dags/aws.py
[2025-07-11T00:16:40.810+0000] {logging_mixin.py:190} INFO - [2025-07-11T00:16:40.810+0000] {dag.py:3239} INFO - Sync 1 DAGs
[2025-07-11T00:16:40.825+0000] {logging_mixin.py:190} INFO - [2025-07-11T00:16:40.825+0000] {dag.py:4180} INFO - Setting next_dagrun for list_s3_files to None, run_after=None
[2025-07-11T00:16:40.843+0000] {processor.py:208} INFO - Processing /opt/airflow/dags/aws.py took 0.142 seconds
[2025-07-11T00:17:11.493+0000] {processor.py:186} INFO - Started process (PID=16159) to work on /opt/airflow/dags/aws.py
[2025-07-11T00:17:11.494+0000] {processor.py:914} INFO - Processing file /opt/airflow/dags/aws.py for tasks to queue
[2025-07-11T00:17:11.498+0000] {logging_mixin.py:190} INFO - [2025-07-11T00:17:11.498+0000] {dagbag.py:588} INFO - Filling up the DagBag from /opt/airflow/dags/aws.py
[2025-07-11T00:17:11.587+0000] {processor.py:925} INFO - DAG(s) 'list_s3_files' retrieved from /opt/airflow/dags/aws.py
[2025-07-11T00:17:11.609+0000] {logging_mixin.py:190} INFO - [2025-07-11T00:17:11.608+0000] {dag.py:3239} INFO - Sync 1 DAGs
[2025-07-11T00:17:11.623+0000] {logging_mixin.py:190} INFO - [2025-07-11T00:17:11.623+0000] {dag.py:4180} INFO - Setting next_dagrun for list_s3_files to None, run_after=None
[2025-07-11T00:17:11.640+0000] {processor.py:208} INFO - Processing /opt/airflow/dags/aws.py took 0.159 seconds
[2025-07-11T00:17:42.141+0000] {processor.py:186} INFO - Started process (PID=16195) to work on /opt/airflow/dags/aws.py
[2025-07-11T00:17:42.147+0000] {processor.py:914} INFO - Processing file /opt/airflow/dags/aws.py for tasks to queue
[2025-07-11T00:17:42.150+0000] {logging_mixin.py:190} INFO - [2025-07-11T00:17:42.149+0000] {dagbag.py:588} INFO - Filling up the DagBag from /opt/airflow/dags/aws.py
[2025-07-11T00:17:42.232+0000] {processor.py:925} INFO - DAG(s) 'list_s3_files' retrieved from /opt/airflow/dags/aws.py
[2025-07-11T00:17:42.255+0000] {logging_mixin.py:190} INFO - [2025-07-11T00:17:42.255+0000] {dag.py:3239} INFO - Sync 1 DAGs
[2025-07-11T00:17:42.272+0000] {logging_mixin.py:190} INFO - [2025-07-11T00:17:42.271+0000] {dag.py:4180} INFO - Setting next_dagrun for list_s3_files to None, run_after=None
[2025-07-11T00:17:42.291+0000] {processor.py:208} INFO - Processing /opt/airflow/dags/aws.py took 0.159 seconds
[2025-07-11T00:18:12.807+0000] {processor.py:186} INFO - Started process (PID=16231) to work on /opt/airflow/dags/aws.py
[2025-07-11T00:18:12.808+0000] {processor.py:914} INFO - Processing file /opt/airflow/dags/aws.py for tasks to queue
[2025-07-11T00:18:12.810+0000] {logging_mixin.py:190} INFO - [2025-07-11T00:18:12.810+0000] {dagbag.py:588} INFO - Filling up the DagBag from /opt/airflow/dags/aws.py
[2025-07-11T00:18:12.893+0000] {processor.py:925} INFO - DAG(s) 'list_s3_files' retrieved from /opt/airflow/dags/aws.py
[2025-07-11T00:18:12.916+0000] {logging_mixin.py:190} INFO - [2025-07-11T00:18:12.916+0000] {dag.py:3239} INFO - Sync 1 DAGs
[2025-07-11T00:18:12.931+0000] {logging_mixin.py:190} INFO - [2025-07-11T00:18:12.931+0000] {dag.py:4180} INFO - Setting next_dagrun for list_s3_files to None, run_after=None
[2025-07-11T00:18:12.948+0000] {processor.py:208} INFO - Processing /opt/airflow/dags/aws.py took 0.151 seconds
[2025-07-11T00:18:43.561+0000] {processor.py:186} INFO - Started process (PID=16267) to work on /opt/airflow/dags/aws.py
[2025-07-11T00:18:43.563+0000] {processor.py:914} INFO - Processing file /opt/airflow/dags/aws.py for tasks to queue
[2025-07-11T00:18:43.567+0000] {logging_mixin.py:190} INFO - [2025-07-11T00:18:43.566+0000] {dagbag.py:588} INFO - Filling up the DagBag from /opt/airflow/dags/aws.py
[2025-07-11T00:18:43.659+0000] {processor.py:925} INFO - DAG(s) 'list_s3_files' retrieved from /opt/airflow/dags/aws.py
[2025-07-11T00:18:43.681+0000] {logging_mixin.py:190} INFO - [2025-07-11T00:18:43.681+0000] {dag.py:3239} INFO - Sync 1 DAGs
[2025-07-11T00:18:43.697+0000] {logging_mixin.py:190} INFO - [2025-07-11T00:18:43.697+0000] {dag.py:4180} INFO - Setting next_dagrun for list_s3_files to None, run_after=None
[2025-07-11T00:18:43.714+0000] {processor.py:208} INFO - Processing /opt/airflow/dags/aws.py took 0.166 seconds
[2025-07-11T00:19:14.258+0000] {processor.py:186} INFO - Started process (PID=16303) to work on /opt/airflow/dags/aws.py
[2025-07-11T00:19:14.259+0000] {processor.py:914} INFO - Processing file /opt/airflow/dags/aws.py for tasks to queue
[2025-07-11T00:19:14.262+0000] {logging_mixin.py:190} INFO - [2025-07-11T00:19:14.262+0000] {dagbag.py:588} INFO - Filling up the DagBag from /opt/airflow/dags/aws.py
[2025-07-11T00:19:14.346+0000] {processor.py:925} INFO - DAG(s) 'list_s3_files' retrieved from /opt/airflow/dags/aws.py
[2025-07-11T00:19:14.368+0000] {logging_mixin.py:190} INFO - [2025-07-11T00:19:14.368+0000] {dag.py:3239} INFO - Sync 1 DAGs
[2025-07-11T00:19:14.383+0000] {logging_mixin.py:190} INFO - [2025-07-11T00:19:14.383+0000] {dag.py:4180} INFO - Setting next_dagrun for list_s3_files to None, run_after=None
[2025-07-11T00:19:14.400+0000] {processor.py:208} INFO - Processing /opt/airflow/dags/aws.py took 0.151 seconds
[2025-07-11T00:19:44.969+0000] {processor.py:186} INFO - Started process (PID=16340) to work on /opt/airflow/dags/aws.py
[2025-07-11T00:19:44.975+0000] {processor.py:914} INFO - Processing file /opt/airflow/dags/aws.py for tasks to queue
[2025-07-11T00:19:44.978+0000] {logging_mixin.py:190} INFO - [2025-07-11T00:19:44.978+0000] {dagbag.py:588} INFO - Filling up the DagBag from /opt/airflow/dags/aws.py
[2025-07-11T00:19:45.059+0000] {processor.py:925} INFO - DAG(s) 'list_s3_files' retrieved from /opt/airflow/dags/aws.py
[2025-07-11T00:19:45.081+0000] {logging_mixin.py:190} INFO - [2025-07-11T00:19:45.081+0000] {dag.py:3239} INFO - Sync 1 DAGs
[2025-07-11T00:19:45.098+0000] {logging_mixin.py:190} INFO - [2025-07-11T00:19:45.098+0000] {dag.py:4180} INFO - Setting next_dagrun for list_s3_files to None, run_after=None
[2025-07-11T00:19:45.115+0000] {processor.py:208} INFO - Processing /opt/airflow/dags/aws.py took 0.155 seconds
[2025-07-11T00:20:15.761+0000] {processor.py:186} INFO - Started process (PID=16376) to work on /opt/airflow/dags/aws.py
[2025-07-11T00:20:15.762+0000] {processor.py:914} INFO - Processing file /opt/airflow/dags/aws.py for tasks to queue
[2025-07-11T00:20:15.765+0000] {logging_mixin.py:190} INFO - [2025-07-11T00:20:15.765+0000] {dagbag.py:588} INFO - Filling up the DagBag from /opt/airflow/dags/aws.py
[2025-07-11T00:20:15.847+0000] {processor.py:925} INFO - DAG(s) 'list_s3_files' retrieved from /opt/airflow/dags/aws.py
[2025-07-11T00:20:15.871+0000] {logging_mixin.py:190} INFO - [2025-07-11T00:20:15.871+0000] {dag.py:3239} INFO - Sync 1 DAGs
[2025-07-11T00:20:15.886+0000] {logging_mixin.py:190} INFO - [2025-07-11T00:20:15.886+0000] {dag.py:4180} INFO - Setting next_dagrun for list_s3_files to None, run_after=None
[2025-07-11T00:20:15.903+0000] {processor.py:208} INFO - Processing /opt/airflow/dags/aws.py took 0.159 seconds
[2025-07-11T00:20:46.544+0000] {processor.py:186} INFO - Started process (PID=16412) to work on /opt/airflow/dags/aws.py
[2025-07-11T00:20:46.551+0000] {processor.py:914} INFO - Processing file /opt/airflow/dags/aws.py for tasks to queue
[2025-07-11T00:20:46.555+0000] {logging_mixin.py:190} INFO - [2025-07-11T00:20:46.554+0000] {dagbag.py:588} INFO - Filling up the DagBag from /opt/airflow/dags/aws.py
[2025-07-11T00:20:46.642+0000] {processor.py:925} INFO - DAG(s) 'list_s3_files' retrieved from /opt/airflow/dags/aws.py
[2025-07-11T00:20:46.664+0000] {logging_mixin.py:190} INFO - [2025-07-11T00:20:46.664+0000] {dag.py:3239} INFO - Sync 1 DAGs
[2025-07-11T00:20:46.679+0000] {logging_mixin.py:190} INFO - [2025-07-11T00:20:46.679+0000] {dag.py:4180} INFO - Setting next_dagrun for list_s3_files to None, run_after=None
[2025-07-11T00:20:46.697+0000] {processor.py:208} INFO - Processing /opt/airflow/dags/aws.py took 0.164 seconds
[2025-07-11T00:21:17.280+0000] {processor.py:186} INFO - Started process (PID=16448) to work on /opt/airflow/dags/aws.py
[2025-07-11T00:21:17.281+0000] {processor.py:914} INFO - Processing file /opt/airflow/dags/aws.py for tasks to queue
[2025-07-11T00:21:17.285+0000] {logging_mixin.py:190} INFO - [2025-07-11T00:21:17.285+0000] {dagbag.py:588} INFO - Filling up the DagBag from /opt/airflow/dags/aws.py
[2025-07-11T00:21:17.392+0000] {processor.py:925} INFO - DAG(s) 'list_s3_files' retrieved from /opt/airflow/dags/aws.py
[2025-07-11T00:21:17.416+0000] {logging_mixin.py:190} INFO - [2025-07-11T00:21:17.415+0000] {dag.py:3239} INFO - Sync 1 DAGs
[2025-07-11T00:21:17.431+0000] {logging_mixin.py:190} INFO - [2025-07-11T00:21:17.431+0000] {dag.py:4180} INFO - Setting next_dagrun for list_s3_files to None, run_after=None
[2025-07-11T00:21:17.450+0000] {processor.py:208} INFO - Processing /opt/airflow/dags/aws.py took 0.180 seconds
[2025-07-11T00:21:47.919+0000] {processor.py:186} INFO - Started process (PID=16484) to work on /opt/airflow/dags/aws.py
[2025-07-11T00:21:47.920+0000] {processor.py:914} INFO - Processing file /opt/airflow/dags/aws.py for tasks to queue
[2025-07-11T00:21:47.923+0000] {logging_mixin.py:190} INFO - [2025-07-11T00:21:47.923+0000] {dagbag.py:588} INFO - Filling up the DagBag from /opt/airflow/dags/aws.py
[2025-07-11T00:21:48.010+0000] {processor.py:925} INFO - DAG(s) 'list_s3_files' retrieved from /opt/airflow/dags/aws.py
[2025-07-11T00:21:48.032+0000] {logging_mixin.py:190} INFO - [2025-07-11T00:21:48.032+0000] {dag.py:3239} INFO - Sync 1 DAGs
[2025-07-11T00:21:48.050+0000] {logging_mixin.py:190} INFO - [2025-07-11T00:21:48.050+0000] {dag.py:4180} INFO - Setting next_dagrun for list_s3_files to None, run_after=None
[2025-07-11T00:21:48.068+0000] {processor.py:208} INFO - Processing /opt/airflow/dags/aws.py took 0.158 seconds
[2025-07-11T00:22:18.708+0000] {processor.py:186} INFO - Started process (PID=16520) to work on /opt/airflow/dags/aws.py
[2025-07-11T00:22:18.709+0000] {processor.py:914} INFO - Processing file /opt/airflow/dags/aws.py for tasks to queue
[2025-07-11T00:22:18.714+0000] {logging_mixin.py:190} INFO - [2025-07-11T00:22:18.713+0000] {dagbag.py:588} INFO - Filling up the DagBag from /opt/airflow/dags/aws.py
[2025-07-11T00:22:18.824+0000] {processor.py:925} INFO - DAG(s) 'list_s3_files' retrieved from /opt/airflow/dags/aws.py
[2025-07-11T00:22:18.850+0000] {logging_mixin.py:190} INFO - [2025-07-11T00:22:18.850+0000] {dag.py:3239} INFO - Sync 1 DAGs
[2025-07-11T00:22:18.868+0000] {logging_mixin.py:190} INFO - [2025-07-11T00:22:18.868+0000] {dag.py:4180} INFO - Setting next_dagrun for list_s3_files to None, run_after=None
[2025-07-11T00:22:18.894+0000] {processor.py:208} INFO - Processing /opt/airflow/dags/aws.py took 0.195 seconds
[2025-07-11T00:22:49.453+0000] {processor.py:186} INFO - Started process (PID=16556) to work on /opt/airflow/dags/aws.py
[2025-07-11T00:22:49.459+0000] {processor.py:914} INFO - Processing file /opt/airflow/dags/aws.py for tasks to queue
[2025-07-11T00:22:49.462+0000] {logging_mixin.py:190} INFO - [2025-07-11T00:22:49.461+0000] {dagbag.py:588} INFO - Filling up the DagBag from /opt/airflow/dags/aws.py
[2025-07-11T00:22:49.543+0000] {processor.py:925} INFO - DAG(s) 'list_s3_files' retrieved from /opt/airflow/dags/aws.py
[2025-07-11T00:22:49.571+0000] {logging_mixin.py:190} INFO - [2025-07-11T00:22:49.571+0000] {dag.py:3239} INFO - Sync 1 DAGs
[2025-07-11T00:22:49.595+0000] {logging_mixin.py:190} INFO - [2025-07-11T00:22:49.594+0000] {dag.py:4180} INFO - Setting next_dagrun for list_s3_files to None, run_after=None
[2025-07-11T00:22:49.613+0000] {processor.py:208} INFO - Processing /opt/airflow/dags/aws.py took 0.170 seconds
[2025-07-11T00:23:20.188+0000] {processor.py:186} INFO - Started process (PID=16593) to work on /opt/airflow/dags/aws.py
[2025-07-11T00:23:20.189+0000] {processor.py:914} INFO - Processing file /opt/airflow/dags/aws.py for tasks to queue
[2025-07-11T00:23:20.192+0000] {logging_mixin.py:190} INFO - [2025-07-11T00:23:20.191+0000] {dagbag.py:588} INFO - Filling up the DagBag from /opt/airflow/dags/aws.py
[2025-07-11T00:23:20.270+0000] {processor.py:925} INFO - DAG(s) 'list_s3_files' retrieved from /opt/airflow/dags/aws.py
[2025-07-11T00:23:20.299+0000] {logging_mixin.py:190} INFO - [2025-07-11T00:23:20.298+0000] {dag.py:3239} INFO - Sync 1 DAGs
[2025-07-11T00:23:20.321+0000] {logging_mixin.py:190} INFO - [2025-07-11T00:23:20.320+0000] {dag.py:4180} INFO - Setting next_dagrun for list_s3_files to None, run_after=None
[2025-07-11T00:23:20.339+0000] {processor.py:208} INFO - Processing /opt/airflow/dags/aws.py took 0.163 seconds
[2025-07-11T00:23:50.830+0000] {processor.py:186} INFO - Started process (PID=16629) to work on /opt/airflow/dags/aws.py
[2025-07-11T00:23:50.836+0000] {processor.py:914} INFO - Processing file /opt/airflow/dags/aws.py for tasks to queue
[2025-07-11T00:23:50.838+0000] {logging_mixin.py:190} INFO - [2025-07-11T00:23:50.838+0000] {dagbag.py:588} INFO - Filling up the DagBag from /opt/airflow/dags/aws.py
[2025-07-11T00:23:50.920+0000] {processor.py:925} INFO - DAG(s) 'list_s3_files' retrieved from /opt/airflow/dags/aws.py
[2025-07-11T00:23:50.944+0000] {logging_mixin.py:190} INFO - [2025-07-11T00:23:50.944+0000] {dag.py:3239} INFO - Sync 1 DAGs
[2025-07-11T00:23:50.960+0000] {logging_mixin.py:190} INFO - [2025-07-11T00:23:50.960+0000] {dag.py:4180} INFO - Setting next_dagrun for list_s3_files to None, run_after=None
[2025-07-11T00:23:50.978+0000] {processor.py:208} INFO - Processing /opt/airflow/dags/aws.py took 0.156 seconds
[2025-07-11T00:24:21.566+0000] {processor.py:186} INFO - Started process (PID=16665) to work on /opt/airflow/dags/aws.py
[2025-07-11T00:24:21.568+0000] {processor.py:914} INFO - Processing file /opt/airflow/dags/aws.py for tasks to queue
[2025-07-11T00:24:21.571+0000] {logging_mixin.py:190} INFO - [2025-07-11T00:24:21.571+0000] {dagbag.py:588} INFO - Filling up the DagBag from /opt/airflow/dags/aws.py
[2025-07-11T00:24:21.659+0000] {processor.py:925} INFO - DAG(s) 'list_s3_files' retrieved from /opt/airflow/dags/aws.py
[2025-07-11T00:24:21.683+0000] {logging_mixin.py:190} INFO - [2025-07-11T00:24:21.683+0000] {dag.py:3239} INFO - Sync 1 DAGs
[2025-07-11T00:24:21.700+0000] {logging_mixin.py:190} INFO - [2025-07-11T00:24:21.699+0000] {dag.py:4180} INFO - Setting next_dagrun for list_s3_files to None, run_after=None
[2025-07-11T00:24:21.724+0000] {processor.py:208} INFO - Processing /opt/airflow/dags/aws.py took 0.171 seconds
[2025-07-11T00:24:52.251+0000] {processor.py:186} INFO - Started process (PID=16701) to work on /opt/airflow/dags/aws.py
[2025-07-11T00:24:52.257+0000] {processor.py:914} INFO - Processing file /opt/airflow/dags/aws.py for tasks to queue
[2025-07-11T00:24:52.260+0000] {logging_mixin.py:190} INFO - [2025-07-11T00:24:52.259+0000] {dagbag.py:588} INFO - Filling up the DagBag from /opt/airflow/dags/aws.py
[2025-07-11T00:24:52.341+0000] {processor.py:925} INFO - DAG(s) 'list_s3_files' retrieved from /opt/airflow/dags/aws.py
[2025-07-11T00:24:52.363+0000] {logging_mixin.py:190} INFO - [2025-07-11T00:24:52.363+0000] {dag.py:3239} INFO - Sync 1 DAGs
[2025-07-11T00:24:52.378+0000] {logging_mixin.py:190} INFO - [2025-07-11T00:24:52.377+0000] {dag.py:4180} INFO - Setting next_dagrun for list_s3_files to None, run_after=None
[2025-07-11T00:24:52.395+0000] {processor.py:208} INFO - Processing /opt/airflow/dags/aws.py took 0.155 seconds
[2025-07-11T00:25:23.098+0000] {processor.py:186} INFO - Started process (PID=16737) to work on /opt/airflow/dags/aws.py
[2025-07-11T00:25:23.099+0000] {processor.py:914} INFO - Processing file /opt/airflow/dags/aws.py for tasks to queue
[2025-07-11T00:25:23.102+0000] {logging_mixin.py:190} INFO - [2025-07-11T00:25:23.102+0000] {dagbag.py:588} INFO - Filling up the DagBag from /opt/airflow/dags/aws.py
[2025-07-11T00:25:23.184+0000] {processor.py:925} INFO - DAG(s) 'list_s3_files' retrieved from /opt/airflow/dags/aws.py
[2025-07-11T00:25:23.206+0000] {logging_mixin.py:190} INFO - [2025-07-11T00:25:23.206+0000] {dag.py:3239} INFO - Sync 1 DAGs
[2025-07-11T00:25:23.221+0000] {logging_mixin.py:190} INFO - [2025-07-11T00:25:23.221+0000] {dag.py:4180} INFO - Setting next_dagrun for list_s3_files to None, run_after=None
[2025-07-11T00:25:23.237+0000] {processor.py:208} INFO - Processing /opt/airflow/dags/aws.py took 0.148 seconds
[2025-07-11T00:25:53.912+0000] {processor.py:186} INFO - Started process (PID=16773) to work on /opt/airflow/dags/aws.py
[2025-07-11T00:25:53.913+0000] {processor.py:914} INFO - Processing file /opt/airflow/dags/aws.py for tasks to queue
[2025-07-11T00:25:53.916+0000] {logging_mixin.py:190} INFO - [2025-07-11T00:25:53.916+0000] {dagbag.py:588} INFO - Filling up the DagBag from /opt/airflow/dags/aws.py
[2025-07-11T00:25:54.003+0000] {processor.py:925} INFO - DAG(s) 'list_s3_files' retrieved from /opt/airflow/dags/aws.py
[2025-07-11T00:25:54.025+0000] {logging_mixin.py:190} INFO - [2025-07-11T00:25:54.025+0000] {dag.py:3239} INFO - Sync 1 DAGs
[2025-07-11T00:25:54.041+0000] {logging_mixin.py:190} INFO - [2025-07-11T00:25:54.041+0000] {dag.py:4180} INFO - Setting next_dagrun for list_s3_files to None, run_after=None
[2025-07-11T00:25:54.058+0000] {processor.py:208} INFO - Processing /opt/airflow/dags/aws.py took 0.159 seconds
[2025-07-11T00:26:24.682+0000] {processor.py:186} INFO - Started process (PID=16809) to work on /opt/airflow/dags/aws.py
[2025-07-11T00:26:24.683+0000] {processor.py:914} INFO - Processing file /opt/airflow/dags/aws.py for tasks to queue
[2025-07-11T00:26:24.687+0000] {logging_mixin.py:190} INFO - [2025-07-11T00:26:24.686+0000] {dagbag.py:588} INFO - Filling up the DagBag from /opt/airflow/dags/aws.py
[2025-07-11T00:26:24.769+0000] {processor.py:925} INFO - DAG(s) 'list_s3_files' retrieved from /opt/airflow/dags/aws.py
[2025-07-11T00:26:24.792+0000] {logging_mixin.py:190} INFO - [2025-07-11T00:26:24.792+0000] {dag.py:3239} INFO - Sync 1 DAGs
[2025-07-11T00:26:24.808+0000] {logging_mixin.py:190} INFO - [2025-07-11T00:26:24.807+0000] {dag.py:4180} INFO - Setting next_dagrun for list_s3_files to None, run_after=None
[2025-07-11T00:26:24.826+0000] {processor.py:208} INFO - Processing /opt/airflow/dags/aws.py took 0.154 seconds
[2025-07-11T00:26:55.412+0000] {processor.py:186} INFO - Started process (PID=16845) to work on /opt/airflow/dags/aws.py
[2025-07-11T00:26:55.418+0000] {processor.py:914} INFO - Processing file /opt/airflow/dags/aws.py for tasks to queue
[2025-07-11T00:26:55.421+0000] {logging_mixin.py:190} INFO - [2025-07-11T00:26:55.421+0000] {dagbag.py:588} INFO - Filling up the DagBag from /opt/airflow/dags/aws.py
[2025-07-11T00:26:55.512+0000] {processor.py:925} INFO - DAG(s) 'list_s3_files' retrieved from /opt/airflow/dags/aws.py
[2025-07-11T00:26:55.536+0000] {logging_mixin.py:190} INFO - [2025-07-11T00:26:55.536+0000] {dag.py:3239} INFO - Sync 1 DAGs
[2025-07-11T00:26:55.558+0000] {logging_mixin.py:190} INFO - [2025-07-11T00:26:55.558+0000] {dag.py:4180} INFO - Setting next_dagrun for list_s3_files to None, run_after=None
[2025-07-11T00:26:55.579+0000] {processor.py:208} INFO - Processing /opt/airflow/dags/aws.py took 0.177 seconds
[2025-07-11T00:27:18.012+0000] {processor.py:186} INFO - Started process (PID=16881) to work on /opt/airflow/dags/aws.py
[2025-07-11T00:27:18.013+0000] {processor.py:914} INFO - Processing file /opt/airflow/dags/aws.py for tasks to queue
[2025-07-11T00:27:18.016+0000] {logging_mixin.py:190} INFO - [2025-07-11T00:27:18.016+0000] {dagbag.py:588} INFO - Filling up the DagBag from /opt/airflow/dags/aws.py
[2025-07-11T00:27:18.098+0000] {processor.py:925} INFO - DAG(s) 'list_s3_files' retrieved from /opt/airflow/dags/aws.py
[2025-07-11T00:27:18.334+0000] {logging_mixin.py:190} INFO - [2025-07-11T00:27:18.333+0000] {dag.py:3239} INFO - Sync 1 DAGs
[2025-07-11T00:27:18.363+0000] {logging_mixin.py:190} INFO - [2025-07-11T00:27:18.362+0000] {dag.py:4180} INFO - Setting next_dagrun for list_s3_files to 2025-07-11 00:00:00+00:00, run_after=2025-07-11 00:15:00+00:00
[2025-07-11T00:27:18.386+0000] {processor.py:208} INFO - Processing /opt/airflow/dags/aws.py took 0.384 seconds
