[2025-07-11T00:00:06.141+0000] {processor.py:186} INFO - Started process (PID=14673) to work on /opt/airflow/dags/poostgreSQL.py
[2025-07-11T00:00:06.142+0000] {processor.py:914} INFO - Processing file /opt/airflow/dags/poostgreSQL.py for tasks to queue
[2025-07-11T00:00:06.146+0000] {logging_mixin.py:190} INFO - [2025-07-11T00:00:06.145+0000] {dagbag.py:588} INFO - Filling up the DagBag from /opt/airflow/dags/poostgreSQL.py
[2025-07-11T00:00:06.162+0000] {processor.py:925} INFO - DAG(s) 'create_databse_and_add_new_row' retrieved from /opt/airflow/dags/poostgreSQL.py
[2025-07-11T00:00:06.188+0000] {logging_mixin.py:190} INFO - [2025-07-11T00:00:06.188+0000] {dag.py:3239} INFO - Sync 1 DAGs
[2025-07-11T00:00:06.218+0000] {logging_mixin.py:190} INFO - [2025-07-11T00:00:06.218+0000] {dag.py:4180} INFO - Setting next_dagrun for create_databse_and_add_new_row to 2025-03-01 00:00:00+00:00, run_after=2025-03-02 00:00:00+00:00
[2025-07-11T00:00:06.238+0000] {processor.py:208} INFO - Processing /opt/airflow/dags/poostgreSQL.py took 0.108 seconds
[2025-07-11T00:00:36.971+0000] {processor.py:186} INFO - Started process (PID=14991) to work on /opt/airflow/dags/poostgreSQL.py
[2025-07-11T00:00:36.972+0000] {processor.py:914} INFO - Processing file /opt/airflow/dags/poostgreSQL.py for tasks to queue
[2025-07-11T00:00:36.974+0000] {logging_mixin.py:190} INFO - [2025-07-11T00:00:36.974+0000] {dagbag.py:588} INFO - Filling up the DagBag from /opt/airflow/dags/poostgreSQL.py
[2025-07-11T00:00:36.986+0000] {processor.py:925} INFO - DAG(s) 'create_databse_and_add_new_row' retrieved from /opt/airflow/dags/poostgreSQL.py
[2025-07-11T00:00:37.011+0000] {logging_mixin.py:190} INFO - [2025-07-11T00:00:37.011+0000] {dag.py:3239} INFO - Sync 1 DAGs
[2025-07-11T00:00:37.037+0000] {logging_mixin.py:190} INFO - [2025-07-11T00:00:37.036+0000] {dag.py:4180} INFO - Setting next_dagrun for create_databse_and_add_new_row to 2025-03-01 00:00:00+00:00, run_after=2025-03-02 00:00:00+00:00
[2025-07-11T00:00:37.055+0000] {processor.py:208} INFO - Processing /opt/airflow/dags/poostgreSQL.py took 0.098 seconds
[2025-07-11T00:01:07.723+0000] {processor.py:186} INFO - Started process (PID=15027) to work on /opt/airflow/dags/poostgreSQL.py
[2025-07-11T00:01:07.729+0000] {processor.py:914} INFO - Processing file /opt/airflow/dags/poostgreSQL.py for tasks to queue
[2025-07-11T00:01:07.733+0000] {logging_mixin.py:190} INFO - [2025-07-11T00:01:07.733+0000] {dagbag.py:588} INFO - Filling up the DagBag from /opt/airflow/dags/poostgreSQL.py
[2025-07-11T00:01:07.752+0000] {processor.py:925} INFO - DAG(s) 'create_databse_and_add_new_row' retrieved from /opt/airflow/dags/poostgreSQL.py
[2025-07-11T00:01:07.778+0000] {logging_mixin.py:190} INFO - [2025-07-11T00:01:07.778+0000] {dag.py:3239} INFO - Sync 1 DAGs
[2025-07-11T00:01:07.804+0000] {logging_mixin.py:190} INFO - [2025-07-11T00:01:07.803+0000] {dag.py:4180} INFO - Setting next_dagrun for create_databse_and_add_new_row to 2025-03-01 00:00:00+00:00, run_after=2025-03-02 00:00:00+00:00
[2025-07-11T00:01:07.821+0000] {processor.py:208} INFO - Processing /opt/airflow/dags/poostgreSQL.py took 0.110 seconds
[2025-07-11T00:01:38.535+0000] {processor.py:186} INFO - Started process (PID=15063) to work on /opt/airflow/dags/poostgreSQL.py
[2025-07-11T00:01:38.536+0000] {processor.py:914} INFO - Processing file /opt/airflow/dags/poostgreSQL.py for tasks to queue
[2025-07-11T00:01:38.538+0000] {logging_mixin.py:190} INFO - [2025-07-11T00:01:38.538+0000] {dagbag.py:588} INFO - Filling up the DagBag from /opt/airflow/dags/poostgreSQL.py
[2025-07-11T00:01:38.550+0000] {processor.py:925} INFO - DAG(s) 'create_databse_and_add_new_row' retrieved from /opt/airflow/dags/poostgreSQL.py
[2025-07-11T00:01:38.574+0000] {logging_mixin.py:190} INFO - [2025-07-11T00:01:38.574+0000] {dag.py:3239} INFO - Sync 1 DAGs
[2025-07-11T00:01:38.599+0000] {logging_mixin.py:190} INFO - [2025-07-11T00:01:38.599+0000] {dag.py:4180} INFO - Setting next_dagrun for create_databse_and_add_new_row to 2025-03-01 00:00:00+00:00, run_after=2025-03-02 00:00:00+00:00
[2025-07-11T00:01:38.616+0000] {processor.py:208} INFO - Processing /opt/airflow/dags/poostgreSQL.py took 0.091 seconds
[2025-07-11T00:02:09.252+0000] {processor.py:186} INFO - Started process (PID=15099) to work on /opt/airflow/dags/poostgreSQL.py
[2025-07-11T00:02:09.253+0000] {processor.py:914} INFO - Processing file /opt/airflow/dags/poostgreSQL.py for tasks to queue
[2025-07-11T00:02:09.256+0000] {logging_mixin.py:190} INFO - [2025-07-11T00:02:09.256+0000] {dagbag.py:588} INFO - Filling up the DagBag from /opt/airflow/dags/poostgreSQL.py
[2025-07-11T00:02:09.268+0000] {processor.py:925} INFO - DAG(s) 'create_databse_and_add_new_row' retrieved from /opt/airflow/dags/poostgreSQL.py
[2025-07-11T00:02:09.293+0000] {logging_mixin.py:190} INFO - [2025-07-11T00:02:09.292+0000] {dag.py:3239} INFO - Sync 1 DAGs
[2025-07-11T00:02:09.317+0000] {logging_mixin.py:190} INFO - [2025-07-11T00:02:09.317+0000] {dag.py:4180} INFO - Setting next_dagrun for create_databse_and_add_new_row to 2025-03-01 00:00:00+00:00, run_after=2025-03-02 00:00:00+00:00
[2025-07-11T00:02:09.335+0000] {processor.py:208} INFO - Processing /opt/airflow/dags/poostgreSQL.py took 0.093 seconds
[2025-07-11T00:02:40.035+0000] {processor.py:186} INFO - Started process (PID=15135) to work on /opt/airflow/dags/poostgreSQL.py
[2025-07-11T00:02:40.036+0000] {processor.py:914} INFO - Processing file /opt/airflow/dags/poostgreSQL.py for tasks to queue
[2025-07-11T00:02:40.039+0000] {logging_mixin.py:190} INFO - [2025-07-11T00:02:40.038+0000] {dagbag.py:588} INFO - Filling up the DagBag from /opt/airflow/dags/poostgreSQL.py
[2025-07-11T00:02:40.050+0000] {processor.py:925} INFO - DAG(s) 'create_databse_and_add_new_row' retrieved from /opt/airflow/dags/poostgreSQL.py
[2025-07-11T00:02:40.075+0000] {logging_mixin.py:190} INFO - [2025-07-11T00:02:40.075+0000] {dag.py:3239} INFO - Sync 1 DAGs
[2025-07-11T00:02:40.101+0000] {logging_mixin.py:190} INFO - [2025-07-11T00:02:40.100+0000] {dag.py:4180} INFO - Setting next_dagrun for create_databse_and_add_new_row to 2025-03-01 00:00:00+00:00, run_after=2025-03-02 00:00:00+00:00
[2025-07-11T00:02:40.121+0000] {processor.py:208} INFO - Processing /opt/airflow/dags/poostgreSQL.py took 0.097 seconds
[2025-07-11T00:03:10.831+0000] {processor.py:186} INFO - Started process (PID=15171) to work on /opt/airflow/dags/poostgreSQL.py
[2025-07-11T00:03:10.833+0000] {processor.py:914} INFO - Processing file /opt/airflow/dags/poostgreSQL.py for tasks to queue
[2025-07-11T00:03:10.836+0000] {logging_mixin.py:190} INFO - [2025-07-11T00:03:10.835+0000] {dagbag.py:588} INFO - Filling up the DagBag from /opt/airflow/dags/poostgreSQL.py
[2025-07-11T00:03:10.848+0000] {processor.py:925} INFO - DAG(s) 'create_databse_and_add_new_row' retrieved from /opt/airflow/dags/poostgreSQL.py
[2025-07-11T00:03:10.875+0000] {logging_mixin.py:190} INFO - [2025-07-11T00:03:10.875+0000] {dag.py:3239} INFO - Sync 1 DAGs
[2025-07-11T00:03:10.902+0000] {logging_mixin.py:190} INFO - [2025-07-11T00:03:10.902+0000] {dag.py:4180} INFO - Setting next_dagrun for create_databse_and_add_new_row to 2025-03-01 00:00:00+00:00, run_after=2025-03-02 00:00:00+00:00
[2025-07-11T00:03:10.920+0000] {processor.py:208} INFO - Processing /opt/airflow/dags/poostgreSQL.py took 0.098 seconds
[2025-07-11T00:03:41.615+0000] {processor.py:186} INFO - Started process (PID=15207) to work on /opt/airflow/dags/poostgreSQL.py
[2025-07-11T00:03:41.616+0000] {processor.py:914} INFO - Processing file /opt/airflow/dags/poostgreSQL.py for tasks to queue
[2025-07-11T00:03:41.619+0000] {logging_mixin.py:190} INFO - [2025-07-11T00:03:41.618+0000] {dagbag.py:588} INFO - Filling up the DagBag from /opt/airflow/dags/poostgreSQL.py
[2025-07-11T00:03:41.630+0000] {processor.py:925} INFO - DAG(s) 'create_databse_and_add_new_row' retrieved from /opt/airflow/dags/poostgreSQL.py
[2025-07-11T00:03:41.655+0000] {logging_mixin.py:190} INFO - [2025-07-11T00:03:41.655+0000] {dag.py:3239} INFO - Sync 1 DAGs
[2025-07-11T00:03:41.679+0000] {logging_mixin.py:190} INFO - [2025-07-11T00:03:41.679+0000] {dag.py:4180} INFO - Setting next_dagrun for create_databse_and_add_new_row to 2025-03-01 00:00:00+00:00, run_after=2025-03-02 00:00:00+00:00
[2025-07-11T00:03:41.696+0000] {processor.py:208} INFO - Processing /opt/airflow/dags/poostgreSQL.py took 0.092 seconds
[2025-07-11T00:04:12.383+0000] {processor.py:186} INFO - Started process (PID=15243) to work on /opt/airflow/dags/poostgreSQL.py
[2025-07-11T00:04:12.384+0000] {processor.py:914} INFO - Processing file /opt/airflow/dags/poostgreSQL.py for tasks to queue
[2025-07-11T00:04:12.387+0000] {logging_mixin.py:190} INFO - [2025-07-11T00:04:12.386+0000] {dagbag.py:588} INFO - Filling up the DagBag from /opt/airflow/dags/poostgreSQL.py
[2025-07-11T00:04:12.398+0000] {processor.py:925} INFO - DAG(s) 'create_databse_and_add_new_row' retrieved from /opt/airflow/dags/poostgreSQL.py
[2025-07-11T00:04:12.424+0000] {logging_mixin.py:190} INFO - [2025-07-11T00:04:12.424+0000] {dag.py:3239} INFO - Sync 1 DAGs
[2025-07-11T00:04:12.449+0000] {logging_mixin.py:190} INFO - [2025-07-11T00:04:12.449+0000] {dag.py:4180} INFO - Setting next_dagrun for create_databse_and_add_new_row to 2025-03-01 00:00:00+00:00, run_after=2025-03-02 00:00:00+00:00
[2025-07-11T00:04:12.466+0000] {processor.py:208} INFO - Processing /opt/airflow/dags/poostgreSQL.py took 0.095 seconds
[2025-07-11T00:04:43.156+0000] {processor.py:186} INFO - Started process (PID=15279) to work on /opt/airflow/dags/poostgreSQL.py
[2025-07-11T00:04:43.157+0000] {processor.py:914} INFO - Processing file /opt/airflow/dags/poostgreSQL.py for tasks to queue
[2025-07-11T00:04:43.161+0000] {logging_mixin.py:190} INFO - [2025-07-11T00:04:43.161+0000] {dagbag.py:588} INFO - Filling up the DagBag from /opt/airflow/dags/poostgreSQL.py
[2025-07-11T00:04:43.174+0000] {processor.py:925} INFO - DAG(s) 'create_databse_and_add_new_row' retrieved from /opt/airflow/dags/poostgreSQL.py
[2025-07-11T00:04:43.199+0000] {logging_mixin.py:190} INFO - [2025-07-11T00:04:43.199+0000] {dag.py:3239} INFO - Sync 1 DAGs
[2025-07-11T00:04:43.225+0000] {logging_mixin.py:190} INFO - [2025-07-11T00:04:43.224+0000] {dag.py:4180} INFO - Setting next_dagrun for create_databse_and_add_new_row to 2025-03-01 00:00:00+00:00, run_after=2025-03-02 00:00:00+00:00
[2025-07-11T00:04:43.243+0000] {processor.py:208} INFO - Processing /opt/airflow/dags/poostgreSQL.py took 0.101 seconds
[2025-07-11T00:05:13.850+0000] {processor.py:186} INFO - Started process (PID=15315) to work on /opt/airflow/dags/poostgreSQL.py
[2025-07-11T00:05:13.851+0000] {processor.py:914} INFO - Processing file /opt/airflow/dags/poostgreSQL.py for tasks to queue
[2025-07-11T00:05:13.855+0000] {logging_mixin.py:190} INFO - [2025-07-11T00:05:13.855+0000] {dagbag.py:588} INFO - Filling up the DagBag from /opt/airflow/dags/poostgreSQL.py
[2025-07-11T00:05:13.866+0000] {processor.py:925} INFO - DAG(s) 'create_databse_and_add_new_row' retrieved from /opt/airflow/dags/poostgreSQL.py
[2025-07-11T00:05:13.889+0000] {logging_mixin.py:190} INFO - [2025-07-11T00:05:13.889+0000] {dag.py:3239} INFO - Sync 1 DAGs
[2025-07-11T00:05:13.913+0000] {logging_mixin.py:190} INFO - [2025-07-11T00:05:13.913+0000] {dag.py:4180} INFO - Setting next_dagrun for create_databse_and_add_new_row to 2025-03-01 00:00:00+00:00, run_after=2025-03-02 00:00:00+00:00
[2025-07-11T00:05:13.931+0000] {processor.py:208} INFO - Processing /opt/airflow/dags/poostgreSQL.py took 0.097 seconds
[2025-07-11T00:05:44.519+0000] {processor.py:186} INFO - Started process (PID=15351) to work on /opt/airflow/dags/poostgreSQL.py
[2025-07-11T00:05:44.520+0000] {processor.py:914} INFO - Processing file /opt/airflow/dags/poostgreSQL.py for tasks to queue
[2025-07-11T00:05:44.523+0000] {logging_mixin.py:190} INFO - [2025-07-11T00:05:44.522+0000] {dagbag.py:588} INFO - Filling up the DagBag from /opt/airflow/dags/poostgreSQL.py
[2025-07-11T00:05:44.535+0000] {processor.py:925} INFO - DAG(s) 'create_databse_and_add_new_row' retrieved from /opt/airflow/dags/poostgreSQL.py
[2025-07-11T00:05:44.559+0000] {logging_mixin.py:190} INFO - [2025-07-11T00:05:44.559+0000] {dag.py:3239} INFO - Sync 1 DAGs
[2025-07-11T00:05:44.584+0000] {logging_mixin.py:190} INFO - [2025-07-11T00:05:44.584+0000] {dag.py:4180} INFO - Setting next_dagrun for create_databse_and_add_new_row to 2025-03-01 00:00:00+00:00, run_after=2025-03-02 00:00:00+00:00
[2025-07-11T00:05:44.600+0000] {processor.py:208} INFO - Processing /opt/airflow/dags/poostgreSQL.py took 0.092 seconds
[2025-07-11T00:06:15.301+0000] {processor.py:186} INFO - Started process (PID=15387) to work on /opt/airflow/dags/poostgreSQL.py
[2025-07-11T00:06:15.308+0000] {processor.py:914} INFO - Processing file /opt/airflow/dags/poostgreSQL.py for tasks to queue
[2025-07-11T00:06:15.312+0000] {logging_mixin.py:190} INFO - [2025-07-11T00:06:15.311+0000] {dagbag.py:588} INFO - Filling up the DagBag from /opt/airflow/dags/poostgreSQL.py
[2025-07-11T00:06:15.327+0000] {processor.py:925} INFO - DAG(s) 'create_databse_and_add_new_row' retrieved from /opt/airflow/dags/poostgreSQL.py
[2025-07-11T00:06:15.351+0000] {logging_mixin.py:190} INFO - [2025-07-11T00:06:15.350+0000] {dag.py:3239} INFO - Sync 1 DAGs
[2025-07-11T00:06:15.375+0000] {logging_mixin.py:190} INFO - [2025-07-11T00:06:15.375+0000] {dag.py:4180} INFO - Setting next_dagrun for create_databse_and_add_new_row to 2025-03-01 00:00:00+00:00, run_after=2025-03-02 00:00:00+00:00
[2025-07-11T00:06:15.396+0000] {processor.py:208} INFO - Processing /opt/airflow/dags/poostgreSQL.py took 0.107 seconds
[2025-07-11T00:06:45.973+0000] {processor.py:186} INFO - Started process (PID=15423) to work on /opt/airflow/dags/poostgreSQL.py
[2025-07-11T00:06:45.974+0000] {processor.py:914} INFO - Processing file /opt/airflow/dags/poostgreSQL.py for tasks to queue
[2025-07-11T00:06:45.976+0000] {logging_mixin.py:190} INFO - [2025-07-11T00:06:45.976+0000] {dagbag.py:588} INFO - Filling up the DagBag from /opt/airflow/dags/poostgreSQL.py
[2025-07-11T00:06:45.986+0000] {processor.py:925} INFO - DAG(s) 'create_databse_and_add_new_row' retrieved from /opt/airflow/dags/poostgreSQL.py
[2025-07-11T00:06:46.009+0000] {logging_mixin.py:190} INFO - [2025-07-11T00:06:46.008+0000] {dag.py:3239} INFO - Sync 1 DAGs
[2025-07-11T00:06:46.034+0000] {logging_mixin.py:190} INFO - [2025-07-11T00:06:46.033+0000] {dag.py:4180} INFO - Setting next_dagrun for create_databse_and_add_new_row to 2025-03-01 00:00:00+00:00, run_after=2025-03-02 00:00:00+00:00
[2025-07-11T00:06:46.052+0000] {processor.py:208} INFO - Processing /opt/airflow/dags/poostgreSQL.py took 0.087 seconds
[2025-07-11T00:07:16.768+0000] {processor.py:186} INFO - Started process (PID=15459) to work on /opt/airflow/dags/poostgreSQL.py
[2025-07-11T00:07:16.769+0000] {processor.py:914} INFO - Processing file /opt/airflow/dags/poostgreSQL.py for tasks to queue
[2025-07-11T00:07:16.772+0000] {logging_mixin.py:190} INFO - [2025-07-11T00:07:16.772+0000] {dagbag.py:588} INFO - Filling up the DagBag from /opt/airflow/dags/poostgreSQL.py
[2025-07-11T00:07:16.783+0000] {processor.py:925} INFO - DAG(s) 'create_databse_and_add_new_row' retrieved from /opt/airflow/dags/poostgreSQL.py
[2025-07-11T00:07:16.807+0000] {logging_mixin.py:190} INFO - [2025-07-11T00:07:16.807+0000] {dag.py:3239} INFO - Sync 1 DAGs
[2025-07-11T00:07:16.834+0000] {logging_mixin.py:190} INFO - [2025-07-11T00:07:16.833+0000] {dag.py:4180} INFO - Setting next_dagrun for create_databse_and_add_new_row to 2025-03-01 00:00:00+00:00, run_after=2025-03-02 00:00:00+00:00
[2025-07-11T00:07:16.851+0000] {processor.py:208} INFO - Processing /opt/airflow/dags/poostgreSQL.py took 0.092 seconds
[2025-07-11T00:07:47.544+0000] {processor.py:186} INFO - Started process (PID=15495) to work on /opt/airflow/dags/poostgreSQL.py
[2025-07-11T00:07:47.545+0000] {processor.py:914} INFO - Processing file /opt/airflow/dags/poostgreSQL.py for tasks to queue
[2025-07-11T00:07:47.547+0000] {logging_mixin.py:190} INFO - [2025-07-11T00:07:47.547+0000] {dagbag.py:588} INFO - Filling up the DagBag from /opt/airflow/dags/poostgreSQL.py
[2025-07-11T00:07:47.559+0000] {processor.py:925} INFO - DAG(s) 'create_databse_and_add_new_row' retrieved from /opt/airflow/dags/poostgreSQL.py
[2025-07-11T00:07:47.585+0000] {logging_mixin.py:190} INFO - [2025-07-11T00:07:47.584+0000] {dag.py:3239} INFO - Sync 1 DAGs
[2025-07-11T00:07:47.610+0000] {logging_mixin.py:190} INFO - [2025-07-11T00:07:47.609+0000] {dag.py:4180} INFO - Setting next_dagrun for create_databse_and_add_new_row to 2025-03-01 00:00:00+00:00, run_after=2025-03-02 00:00:00+00:00
[2025-07-11T00:07:47.627+0000] {processor.py:208} INFO - Processing /opt/airflow/dags/poostgreSQL.py took 0.094 seconds
[2025-07-11T00:08:18.325+0000] {processor.py:186} INFO - Started process (PID=15531) to work on /opt/airflow/dags/poostgreSQL.py
[2025-07-11T00:08:18.327+0000] {processor.py:914} INFO - Processing file /opt/airflow/dags/poostgreSQL.py for tasks to queue
[2025-07-11T00:08:18.331+0000] {logging_mixin.py:190} INFO - [2025-07-11T00:08:18.330+0000] {dagbag.py:588} INFO - Filling up the DagBag from /opt/airflow/dags/poostgreSQL.py
[2025-07-11T00:08:18.349+0000] {processor.py:925} INFO - DAG(s) 'create_databse_and_add_new_row' retrieved from /opt/airflow/dags/poostgreSQL.py
[2025-07-11T00:08:18.373+0000] {logging_mixin.py:190} INFO - [2025-07-11T00:08:18.373+0000] {dag.py:3239} INFO - Sync 1 DAGs
[2025-07-11T00:08:18.398+0000] {logging_mixin.py:190} INFO - [2025-07-11T00:08:18.397+0000] {dag.py:4180} INFO - Setting next_dagrun for create_databse_and_add_new_row to 2025-03-01 00:00:00+00:00, run_after=2025-03-02 00:00:00+00:00
[2025-07-11T00:08:18.414+0000] {processor.py:208} INFO - Processing /opt/airflow/dags/poostgreSQL.py took 0.103 seconds
[2025-07-11T00:08:49.124+0000] {processor.py:186} INFO - Started process (PID=15567) to work on /opt/airflow/dags/poostgreSQL.py
[2025-07-11T00:08:49.125+0000] {processor.py:914} INFO - Processing file /opt/airflow/dags/poostgreSQL.py for tasks to queue
[2025-07-11T00:08:49.129+0000] {logging_mixin.py:190} INFO - [2025-07-11T00:08:49.128+0000] {dagbag.py:588} INFO - Filling up the DagBag from /opt/airflow/dags/poostgreSQL.py
[2025-07-11T00:08:49.142+0000] {processor.py:925} INFO - DAG(s) 'create_databse_and_add_new_row' retrieved from /opt/airflow/dags/poostgreSQL.py
[2025-07-11T00:08:49.167+0000] {logging_mixin.py:190} INFO - [2025-07-11T00:08:49.167+0000] {dag.py:3239} INFO - Sync 1 DAGs
[2025-07-11T00:08:49.192+0000] {logging_mixin.py:190} INFO - [2025-07-11T00:08:49.192+0000] {dag.py:4180} INFO - Setting next_dagrun for create_databse_and_add_new_row to 2025-03-01 00:00:00+00:00, run_after=2025-03-02 00:00:00+00:00
[2025-07-11T00:08:49.212+0000] {processor.py:208} INFO - Processing /opt/airflow/dags/poostgreSQL.py took 0.104 seconds
[2025-07-11T00:09:19.817+0000] {processor.py:186} INFO - Started process (PID=15603) to work on /opt/airflow/dags/poostgreSQL.py
[2025-07-11T00:09:19.819+0000] {processor.py:914} INFO - Processing file /opt/airflow/dags/poostgreSQL.py for tasks to queue
[2025-07-11T00:09:19.821+0000] {logging_mixin.py:190} INFO - [2025-07-11T00:09:19.821+0000] {dagbag.py:588} INFO - Filling up the DagBag from /opt/airflow/dags/poostgreSQL.py
[2025-07-11T00:09:19.834+0000] {processor.py:925} INFO - DAG(s) 'create_databse_and_add_new_row' retrieved from /opt/airflow/dags/poostgreSQL.py
[2025-07-11T00:09:19.862+0000] {logging_mixin.py:190} INFO - [2025-07-11T00:09:19.861+0000] {dag.py:3239} INFO - Sync 1 DAGs
[2025-07-11T00:09:19.886+0000] {logging_mixin.py:190} INFO - [2025-07-11T00:09:19.886+0000] {dag.py:4180} INFO - Setting next_dagrun for create_databse_and_add_new_row to 2025-03-01 00:00:00+00:00, run_after=2025-03-02 00:00:00+00:00
[2025-07-11T00:09:19.903+0000] {processor.py:208} INFO - Processing /opt/airflow/dags/poostgreSQL.py took 0.099 seconds
[2025-07-11T00:09:50.605+0000] {processor.py:186} INFO - Started process (PID=15639) to work on /opt/airflow/dags/poostgreSQL.py
[2025-07-11T00:09:50.606+0000] {processor.py:914} INFO - Processing file /opt/airflow/dags/poostgreSQL.py for tasks to queue
[2025-07-11T00:09:50.608+0000] {logging_mixin.py:190} INFO - [2025-07-11T00:09:50.608+0000] {dagbag.py:588} INFO - Filling up the DagBag from /opt/airflow/dags/poostgreSQL.py
[2025-07-11T00:09:50.620+0000] {processor.py:925} INFO - DAG(s) 'create_databse_and_add_new_row' retrieved from /opt/airflow/dags/poostgreSQL.py
[2025-07-11T00:09:50.644+0000] {logging_mixin.py:190} INFO - [2025-07-11T00:09:50.644+0000] {dag.py:3239} INFO - Sync 1 DAGs
[2025-07-11T00:09:50.668+0000] {logging_mixin.py:190} INFO - [2025-07-11T00:09:50.668+0000] {dag.py:4180} INFO - Setting next_dagrun for create_databse_and_add_new_row to 2025-03-01 00:00:00+00:00, run_after=2025-03-02 00:00:00+00:00
[2025-07-11T00:09:50.685+0000] {processor.py:208} INFO - Processing /opt/airflow/dags/poostgreSQL.py took 0.091 seconds
[2025-07-11T00:10:21.358+0000] {processor.py:186} INFO - Started process (PID=15675) to work on /opt/airflow/dags/poostgreSQL.py
[2025-07-11T00:10:21.364+0000] {processor.py:914} INFO - Processing file /opt/airflow/dags/poostgreSQL.py for tasks to queue
[2025-07-11T00:10:21.367+0000] {logging_mixin.py:190} INFO - [2025-07-11T00:10:21.367+0000] {dagbag.py:588} INFO - Filling up the DagBag from /opt/airflow/dags/poostgreSQL.py
[2025-07-11T00:10:21.379+0000] {processor.py:925} INFO - DAG(s) 'create_databse_and_add_new_row' retrieved from /opt/airflow/dags/poostgreSQL.py
[2025-07-11T00:10:21.404+0000] {logging_mixin.py:190} INFO - [2025-07-11T00:10:21.404+0000] {dag.py:3239} INFO - Sync 1 DAGs
[2025-07-11T00:10:21.431+0000] {logging_mixin.py:190} INFO - [2025-07-11T00:10:21.430+0000] {dag.py:4180} INFO - Setting next_dagrun for create_databse_and_add_new_row to 2025-03-01 00:00:00+00:00, run_after=2025-03-02 00:00:00+00:00
[2025-07-11T00:10:21.448+0000] {processor.py:208} INFO - Processing /opt/airflow/dags/poostgreSQL.py took 0.101 seconds
[2025-07-11T00:10:52.025+0000] {processor.py:186} INFO - Started process (PID=15711) to work on /opt/airflow/dags/poostgreSQL.py
[2025-07-11T00:10:52.026+0000] {processor.py:914} INFO - Processing file /opt/airflow/dags/poostgreSQL.py for tasks to queue
[2025-07-11T00:10:52.029+0000] {logging_mixin.py:190} INFO - [2025-07-11T00:10:52.028+0000] {dagbag.py:588} INFO - Filling up the DagBag from /opt/airflow/dags/poostgreSQL.py
[2025-07-11T00:10:52.041+0000] {processor.py:925} INFO - DAG(s) 'create_databse_and_add_new_row' retrieved from /opt/airflow/dags/poostgreSQL.py
[2025-07-11T00:10:52.065+0000] {logging_mixin.py:190} INFO - [2025-07-11T00:10:52.064+0000] {dag.py:3239} INFO - Sync 1 DAGs
[2025-07-11T00:10:52.090+0000] {logging_mixin.py:190} INFO - [2025-07-11T00:10:52.090+0000] {dag.py:4180} INFO - Setting next_dagrun for create_databse_and_add_new_row to 2025-03-01 00:00:00+00:00, run_after=2025-03-02 00:00:00+00:00
[2025-07-11T00:10:52.109+0000] {processor.py:208} INFO - Processing /opt/airflow/dags/poostgreSQL.py took 0.096 seconds
[2025-07-11T00:11:22.824+0000] {processor.py:186} INFO - Started process (PID=15747) to work on /opt/airflow/dags/poostgreSQL.py
[2025-07-11T00:11:22.830+0000] {processor.py:914} INFO - Processing file /opt/airflow/dags/poostgreSQL.py for tasks to queue
[2025-07-11T00:11:22.834+0000] {logging_mixin.py:190} INFO - [2025-07-11T00:11:22.833+0000] {dagbag.py:588} INFO - Filling up the DagBag from /opt/airflow/dags/poostgreSQL.py
[2025-07-11T00:11:22.846+0000] {processor.py:925} INFO - DAG(s) 'create_databse_and_add_new_row' retrieved from /opt/airflow/dags/poostgreSQL.py
[2025-07-11T00:11:22.871+0000] {logging_mixin.py:190} INFO - [2025-07-11T00:11:22.871+0000] {dag.py:3239} INFO - Sync 1 DAGs
[2025-07-11T00:11:22.898+0000] {logging_mixin.py:190} INFO - [2025-07-11T00:11:22.897+0000] {dag.py:4180} INFO - Setting next_dagrun for create_databse_and_add_new_row to 2025-03-01 00:00:00+00:00, run_after=2025-03-02 00:00:00+00:00
[2025-07-11T00:11:22.915+0000] {processor.py:208} INFO - Processing /opt/airflow/dags/poostgreSQL.py took 0.100 seconds
[2025-07-11T00:11:53.588+0000] {processor.py:186} INFO - Started process (PID=15783) to work on /opt/airflow/dags/poostgreSQL.py
[2025-07-11T00:11:53.589+0000] {processor.py:914} INFO - Processing file /opt/airflow/dags/poostgreSQL.py for tasks to queue
[2025-07-11T00:11:53.592+0000] {logging_mixin.py:190} INFO - [2025-07-11T00:11:53.592+0000] {dagbag.py:588} INFO - Filling up the DagBag from /opt/airflow/dags/poostgreSQL.py
[2025-07-11T00:11:53.604+0000] {processor.py:925} INFO - DAG(s) 'create_databse_and_add_new_row' retrieved from /opt/airflow/dags/poostgreSQL.py
[2025-07-11T00:11:53.630+0000] {logging_mixin.py:190} INFO - [2025-07-11T00:11:53.629+0000] {dag.py:3239} INFO - Sync 1 DAGs
[2025-07-11T00:11:53.656+0000] {logging_mixin.py:190} INFO - [2025-07-11T00:11:53.655+0000] {dag.py:4180} INFO - Setting next_dagrun for create_databse_and_add_new_row to 2025-03-01 00:00:00+00:00, run_after=2025-03-02 00:00:00+00:00
[2025-07-11T00:11:53.673+0000] {processor.py:208} INFO - Processing /opt/airflow/dags/poostgreSQL.py took 0.094 seconds
[2025-07-11T00:12:24.365+0000] {processor.py:186} INFO - Started process (PID=15819) to work on /opt/airflow/dags/poostgreSQL.py
[2025-07-11T00:12:24.371+0000] {processor.py:914} INFO - Processing file /opt/airflow/dags/poostgreSQL.py for tasks to queue
[2025-07-11T00:12:24.375+0000] {logging_mixin.py:190} INFO - [2025-07-11T00:12:24.375+0000] {dagbag.py:588} INFO - Filling up the DagBag from /opt/airflow/dags/poostgreSQL.py
[2025-07-11T00:12:24.392+0000] {processor.py:925} INFO - DAG(s) 'create_databse_and_add_new_row' retrieved from /opt/airflow/dags/poostgreSQL.py
[2025-07-11T00:12:24.417+0000] {logging_mixin.py:190} INFO - [2025-07-11T00:12:24.417+0000] {dag.py:3239} INFO - Sync 1 DAGs
[2025-07-11T00:12:24.442+0000] {logging_mixin.py:190} INFO - [2025-07-11T00:12:24.441+0000] {dag.py:4180} INFO - Setting next_dagrun for create_databse_and_add_new_row to 2025-03-01 00:00:00+00:00, run_after=2025-03-02 00:00:00+00:00
[2025-07-11T00:12:24.459+0000] {processor.py:208} INFO - Processing /opt/airflow/dags/poostgreSQL.py took 0.106 seconds
[2025-07-11T00:12:55.041+0000] {processor.py:186} INFO - Started process (PID=15855) to work on /opt/airflow/dags/poostgreSQL.py
[2025-07-11T00:12:55.042+0000] {processor.py:914} INFO - Processing file /opt/airflow/dags/poostgreSQL.py for tasks to queue
[2025-07-11T00:12:55.046+0000] {logging_mixin.py:190} INFO - [2025-07-11T00:12:55.045+0000] {dagbag.py:588} INFO - Filling up the DagBag from /opt/airflow/dags/poostgreSQL.py
[2025-07-11T00:12:55.062+0000] {processor.py:925} INFO - DAG(s) 'create_databse_and_add_new_row' retrieved from /opt/airflow/dags/poostgreSQL.py
[2025-07-11T00:12:55.088+0000] {logging_mixin.py:190} INFO - [2025-07-11T00:12:55.088+0000] {dag.py:3239} INFO - Sync 1 DAGs
[2025-07-11T00:12:55.113+0000] {logging_mixin.py:190} INFO - [2025-07-11T00:12:55.112+0000] {dag.py:4180} INFO - Setting next_dagrun for create_databse_and_add_new_row to 2025-03-01 00:00:00+00:00, run_after=2025-03-02 00:00:00+00:00
[2025-07-11T00:12:55.132+0000] {processor.py:208} INFO - Processing /opt/airflow/dags/poostgreSQL.py took 0.102 seconds
[2025-07-11T00:13:25.746+0000] {processor.py:186} INFO - Started process (PID=15891) to work on /opt/airflow/dags/poostgreSQL.py
[2025-07-11T00:13:25.749+0000] {processor.py:914} INFO - Processing file /opt/airflow/dags/poostgreSQL.py for tasks to queue
[2025-07-11T00:13:25.752+0000] {logging_mixin.py:190} INFO - [2025-07-11T00:13:25.752+0000] {dagbag.py:588} INFO - Filling up the DagBag from /opt/airflow/dags/poostgreSQL.py
[2025-07-11T00:13:25.764+0000] {processor.py:925} INFO - DAG(s) 'create_databse_and_add_new_row' retrieved from /opt/airflow/dags/poostgreSQL.py
[2025-07-11T00:13:25.797+0000] {logging_mixin.py:190} INFO - [2025-07-11T00:13:25.797+0000] {dag.py:3239} INFO - Sync 1 DAGs
[2025-07-11T00:13:25.835+0000] {logging_mixin.py:190} INFO - [2025-07-11T00:13:25.835+0000] {dag.py:4180} INFO - Setting next_dagrun for create_databse_and_add_new_row to 2025-03-01 00:00:00+00:00, run_after=2025-03-02 00:00:00+00:00
[2025-07-11T00:13:25.852+0000] {processor.py:208} INFO - Processing /opt/airflow/dags/poostgreSQL.py took 0.122 seconds
[2025-07-11T00:13:56.544+0000] {processor.py:186} INFO - Started process (PID=15927) to work on /opt/airflow/dags/poostgreSQL.py
[2025-07-11T00:13:56.544+0000] {processor.py:914} INFO - Processing file /opt/airflow/dags/poostgreSQL.py for tasks to queue
[2025-07-11T00:13:56.547+0000] {logging_mixin.py:190} INFO - [2025-07-11T00:13:56.546+0000] {dagbag.py:588} INFO - Filling up the DagBag from /opt/airflow/dags/poostgreSQL.py
[2025-07-11T00:13:56.558+0000] {processor.py:925} INFO - DAG(s) 'create_databse_and_add_new_row' retrieved from /opt/airflow/dags/poostgreSQL.py
[2025-07-11T00:13:56.584+0000] {logging_mixin.py:190} INFO - [2025-07-11T00:13:56.584+0000] {dag.py:3239} INFO - Sync 1 DAGs
[2025-07-11T00:13:56.608+0000] {logging_mixin.py:190} INFO - [2025-07-11T00:13:56.608+0000] {dag.py:4180} INFO - Setting next_dagrun for create_databse_and_add_new_row to 2025-03-01 00:00:00+00:00, run_after=2025-03-02 00:00:00+00:00
[2025-07-11T00:13:56.625+0000] {processor.py:208} INFO - Processing /opt/airflow/dags/poostgreSQL.py took 0.091 seconds
[2025-07-11T00:14:27.312+0000] {processor.py:186} INFO - Started process (PID=15963) to work on /opt/airflow/dags/poostgreSQL.py
[2025-07-11T00:14:27.318+0000] {processor.py:914} INFO - Processing file /opt/airflow/dags/poostgreSQL.py for tasks to queue
[2025-07-11T00:14:27.320+0000] {logging_mixin.py:190} INFO - [2025-07-11T00:14:27.320+0000] {dagbag.py:588} INFO - Filling up the DagBag from /opt/airflow/dags/poostgreSQL.py
[2025-07-11T00:14:27.330+0000] {processor.py:925} INFO - DAG(s) 'create_databse_and_add_new_row' retrieved from /opt/airflow/dags/poostgreSQL.py
[2025-07-11T00:14:27.358+0000] {logging_mixin.py:190} INFO - [2025-07-11T00:14:27.358+0000] {dag.py:3239} INFO - Sync 1 DAGs
[2025-07-11T00:14:27.385+0000] {logging_mixin.py:190} INFO - [2025-07-11T00:14:27.384+0000] {dag.py:4180} INFO - Setting next_dagrun for create_databse_and_add_new_row to 2025-03-01 00:00:00+00:00, run_after=2025-03-02 00:00:00+00:00
[2025-07-11T00:14:27.407+0000] {processor.py:208} INFO - Processing /opt/airflow/dags/poostgreSQL.py took 0.103 seconds
[2025-07-11T00:14:58.141+0000] {processor.py:186} INFO - Started process (PID=15999) to work on /opt/airflow/dags/poostgreSQL.py
[2025-07-11T00:14:58.142+0000] {processor.py:914} INFO - Processing file /opt/airflow/dags/poostgreSQL.py for tasks to queue
[2025-07-11T00:14:58.146+0000] {logging_mixin.py:190} INFO - [2025-07-11T00:14:58.145+0000] {dagbag.py:588} INFO - Filling up the DagBag from /opt/airflow/dags/poostgreSQL.py
[2025-07-11T00:14:58.158+0000] {processor.py:925} INFO - DAG(s) 'create_databse_and_add_new_row' retrieved from /opt/airflow/dags/poostgreSQL.py
[2025-07-11T00:14:58.189+0000] {logging_mixin.py:190} INFO - [2025-07-11T00:14:58.189+0000] {dag.py:3239} INFO - Sync 1 DAGs
[2025-07-11T00:14:58.221+0000] {logging_mixin.py:190} INFO - [2025-07-11T00:14:58.221+0000] {dag.py:4180} INFO - Setting next_dagrun for create_databse_and_add_new_row to 2025-03-01 00:00:00+00:00, run_after=2025-03-02 00:00:00+00:00
[2025-07-11T00:14:58.238+0000] {processor.py:208} INFO - Processing /opt/airflow/dags/poostgreSQL.py took 0.108 seconds
[2025-07-11T00:15:28.946+0000] {processor.py:186} INFO - Started process (PID=16035) to work on /opt/airflow/dags/poostgreSQL.py
[2025-07-11T00:15:28.947+0000] {processor.py:914} INFO - Processing file /opt/airflow/dags/poostgreSQL.py for tasks to queue
[2025-07-11T00:15:28.949+0000] {logging_mixin.py:190} INFO - [2025-07-11T00:15:28.949+0000] {dagbag.py:588} INFO - Filling up the DagBag from /opt/airflow/dags/poostgreSQL.py
[2025-07-11T00:15:28.960+0000] {processor.py:925} INFO - DAG(s) 'create_databse_and_add_new_row' retrieved from /opt/airflow/dags/poostgreSQL.py
[2025-07-11T00:15:28.984+0000] {logging_mixin.py:190} INFO - [2025-07-11T00:15:28.984+0000] {dag.py:3239} INFO - Sync 1 DAGs
[2025-07-11T00:15:29.009+0000] {logging_mixin.py:190} INFO - [2025-07-11T00:15:29.009+0000] {dag.py:4180} INFO - Setting next_dagrun for create_databse_and_add_new_row to 2025-03-01 00:00:00+00:00, run_after=2025-03-02 00:00:00+00:00
[2025-07-11T00:15:29.027+0000] {processor.py:208} INFO - Processing /opt/airflow/dags/poostgreSQL.py took 0.092 seconds
[2025-07-11T00:15:59.724+0000] {processor.py:186} INFO - Started process (PID=16071) to work on /opt/airflow/dags/poostgreSQL.py
[2025-07-11T00:15:59.725+0000] {processor.py:914} INFO - Processing file /opt/airflow/dags/poostgreSQL.py for tasks to queue
[2025-07-11T00:15:59.729+0000] {logging_mixin.py:190} INFO - [2025-07-11T00:15:59.729+0000] {dagbag.py:588} INFO - Filling up the DagBag from /opt/airflow/dags/poostgreSQL.py
[2025-07-11T00:15:59.748+0000] {processor.py:925} INFO - DAG(s) 'create_databse_and_add_new_row' retrieved from /opt/airflow/dags/poostgreSQL.py
[2025-07-11T00:15:59.783+0000] {logging_mixin.py:190} INFO - [2025-07-11T00:15:59.782+0000] {dag.py:3239} INFO - Sync 1 DAGs
[2025-07-11T00:15:59.812+0000] {logging_mixin.py:190} INFO - [2025-07-11T00:15:59.812+0000] {dag.py:4180} INFO - Setting next_dagrun for create_databse_and_add_new_row to 2025-03-01 00:00:00+00:00, run_after=2025-03-02 00:00:00+00:00
[2025-07-11T00:15:59.829+0000] {processor.py:208} INFO - Processing /opt/airflow/dags/poostgreSQL.py took 0.117 seconds
[2025-07-11T00:16:30.493+0000] {processor.py:186} INFO - Started process (PID=16107) to work on /opt/airflow/dags/poostgreSQL.py
[2025-07-11T00:16:30.495+0000] {processor.py:914} INFO - Processing file /opt/airflow/dags/poostgreSQL.py for tasks to queue
[2025-07-11T00:16:30.498+0000] {logging_mixin.py:190} INFO - [2025-07-11T00:16:30.498+0000] {dagbag.py:588} INFO - Filling up the DagBag from /opt/airflow/dags/poostgreSQL.py
[2025-07-11T00:16:30.512+0000] {processor.py:925} INFO - DAG(s) 'create_databse_and_add_new_row' retrieved from /opt/airflow/dags/poostgreSQL.py
[2025-07-11T00:16:30.536+0000] {logging_mixin.py:190} INFO - [2025-07-11T00:16:30.536+0000] {dag.py:3239} INFO - Sync 1 DAGs
[2025-07-11T00:16:30.560+0000] {logging_mixin.py:190} INFO - [2025-07-11T00:16:30.560+0000] {dag.py:4180} INFO - Setting next_dagrun for create_databse_and_add_new_row to 2025-03-01 00:00:00+00:00, run_after=2025-03-02 00:00:00+00:00
[2025-07-11T00:16:30.576+0000] {processor.py:208} INFO - Processing /opt/airflow/dags/poostgreSQL.py took 0.093 seconds
[2025-07-11T00:17:01.249+0000] {processor.py:186} INFO - Started process (PID=16143) to work on /opt/airflow/dags/poostgreSQL.py
[2025-07-11T00:17:01.250+0000] {processor.py:914} INFO - Processing file /opt/airflow/dags/poostgreSQL.py for tasks to queue
[2025-07-11T00:17:01.253+0000] {logging_mixin.py:190} INFO - [2025-07-11T00:17:01.252+0000] {dagbag.py:588} INFO - Filling up the DagBag from /opt/airflow/dags/poostgreSQL.py
[2025-07-11T00:17:01.265+0000] {processor.py:925} INFO - DAG(s) 'create_databse_and_add_new_row' retrieved from /opt/airflow/dags/poostgreSQL.py
[2025-07-11T00:17:01.291+0000] {logging_mixin.py:190} INFO - [2025-07-11T00:17:01.290+0000] {dag.py:3239} INFO - Sync 1 DAGs
[2025-07-11T00:17:01.317+0000] {logging_mixin.py:190} INFO - [2025-07-11T00:17:01.317+0000] {dag.py:4180} INFO - Setting next_dagrun for create_databse_and_add_new_row to 2025-03-01 00:00:00+00:00, run_after=2025-03-02 00:00:00+00:00
[2025-07-11T00:17:01.336+0000] {processor.py:208} INFO - Processing /opt/airflow/dags/poostgreSQL.py took 0.097 seconds
[2025-07-11T00:17:31.988+0000] {processor.py:186} INFO - Started process (PID=16179) to work on /opt/airflow/dags/poostgreSQL.py
[2025-07-11T00:17:31.989+0000] {processor.py:914} INFO - Processing file /opt/airflow/dags/poostgreSQL.py for tasks to queue
[2025-07-11T00:17:31.994+0000] {logging_mixin.py:190} INFO - [2025-07-11T00:17:31.993+0000] {dagbag.py:588} INFO - Filling up the DagBag from /opt/airflow/dags/poostgreSQL.py
[2025-07-11T00:17:32.011+0000] {processor.py:925} INFO - DAG(s) 'create_databse_and_add_new_row' retrieved from /opt/airflow/dags/poostgreSQL.py
[2025-07-11T00:17:32.038+0000] {logging_mixin.py:190} INFO - [2025-07-11T00:17:32.038+0000] {dag.py:3239} INFO - Sync 1 DAGs
[2025-07-11T00:17:32.068+0000] {logging_mixin.py:190} INFO - [2025-07-11T00:17:32.067+0000] {dag.py:4180} INFO - Setting next_dagrun for create_databse_and_add_new_row to 2025-03-01 00:00:00+00:00, run_after=2025-03-02 00:00:00+00:00
[2025-07-11T00:17:32.084+0000] {processor.py:208} INFO - Processing /opt/airflow/dags/poostgreSQL.py took 0.108 seconds
[2025-07-11T00:18:02.634+0000] {processor.py:186} INFO - Started process (PID=16221) to work on /opt/airflow/dags/poostgreSQL.py
[2025-07-11T00:18:02.635+0000] {processor.py:914} INFO - Processing file /opt/airflow/dags/poostgreSQL.py for tasks to queue
[2025-07-11T00:18:02.638+0000] {logging_mixin.py:190} INFO - [2025-07-11T00:18:02.638+0000] {dagbag.py:588} INFO - Filling up the DagBag from /opt/airflow/dags/poostgreSQL.py
[2025-07-11T00:18:02.650+0000] {processor.py:925} INFO - DAG(s) 'create_databse_and_add_new_row' retrieved from /opt/airflow/dags/poostgreSQL.py
[2025-07-11T00:18:02.680+0000] {logging_mixin.py:190} INFO - [2025-07-11T00:18:02.679+0000] {dag.py:3239} INFO - Sync 1 DAGs
[2025-07-11T00:18:02.720+0000] {logging_mixin.py:190} INFO - [2025-07-11T00:18:02.720+0000] {dag.py:4180} INFO - Setting next_dagrun for create_databse_and_add_new_row to 2025-03-01 00:00:00+00:00, run_after=2025-03-02 00:00:00+00:00
[2025-07-11T00:18:02.752+0000] {processor.py:208} INFO - Processing /opt/airflow/dags/poostgreSQL.py took 0.126 seconds
[2025-07-11T00:18:33.324+0000] {processor.py:186} INFO - Started process (PID=16257) to work on /opt/airflow/dags/poostgreSQL.py
[2025-07-11T00:18:33.326+0000] {processor.py:914} INFO - Processing file /opt/airflow/dags/poostgreSQL.py for tasks to queue
[2025-07-11T00:18:33.328+0000] {logging_mixin.py:190} INFO - [2025-07-11T00:18:33.328+0000] {dagbag.py:588} INFO - Filling up the DagBag from /opt/airflow/dags/poostgreSQL.py
[2025-07-11T00:18:33.341+0000] {processor.py:925} INFO - DAG(s) 'create_databse_and_add_new_row' retrieved from /opt/airflow/dags/poostgreSQL.py
[2025-07-11T00:18:33.366+0000] {logging_mixin.py:190} INFO - [2025-07-11T00:18:33.366+0000] {dag.py:3239} INFO - Sync 1 DAGs
[2025-07-11T00:18:33.391+0000] {logging_mixin.py:190} INFO - [2025-07-11T00:18:33.391+0000] {dag.py:4180} INFO - Setting next_dagrun for create_databse_and_add_new_row to 2025-03-01 00:00:00+00:00, run_after=2025-03-02 00:00:00+00:00
[2025-07-11T00:18:33.409+0000] {processor.py:208} INFO - Processing /opt/airflow/dags/poostgreSQL.py took 0.094 seconds
[2025-07-11T00:19:04.106+0000] {processor.py:186} INFO - Started process (PID=16293) to work on /opt/airflow/dags/poostgreSQL.py
[2025-07-11T00:19:04.108+0000] {processor.py:914} INFO - Processing file /opt/airflow/dags/poostgreSQL.py for tasks to queue
[2025-07-11T00:19:04.112+0000] {logging_mixin.py:190} INFO - [2025-07-11T00:19:04.112+0000] {dagbag.py:588} INFO - Filling up the DagBag from /opt/airflow/dags/poostgreSQL.py
[2025-07-11T00:19:04.126+0000] {processor.py:925} INFO - DAG(s) 'create_databse_and_add_new_row' retrieved from /opt/airflow/dags/poostgreSQL.py
[2025-07-11T00:19:04.156+0000] {logging_mixin.py:190} INFO - [2025-07-11T00:19:04.156+0000] {dag.py:3239} INFO - Sync 1 DAGs
[2025-07-11T00:19:04.190+0000] {logging_mixin.py:190} INFO - [2025-07-11T00:19:04.189+0000] {dag.py:4180} INFO - Setting next_dagrun for create_databse_and_add_new_row to 2025-03-01 00:00:00+00:00, run_after=2025-03-02 00:00:00+00:00
[2025-07-11T00:19:04.213+0000] {processor.py:208} INFO - Processing /opt/airflow/dags/poostgreSQL.py took 0.125 seconds
[2025-07-11T00:19:34.829+0000] {processor.py:186} INFO - Started process (PID=16330) to work on /opt/airflow/dags/poostgreSQL.py
[2025-07-11T00:19:34.835+0000] {processor.py:914} INFO - Processing file /opt/airflow/dags/poostgreSQL.py for tasks to queue
[2025-07-11T00:19:34.837+0000] {logging_mixin.py:190} INFO - [2025-07-11T00:19:34.837+0000] {dagbag.py:588} INFO - Filling up the DagBag from /opt/airflow/dags/poostgreSQL.py
[2025-07-11T00:19:34.850+0000] {processor.py:925} INFO - DAG(s) 'create_databse_and_add_new_row' retrieved from /opt/airflow/dags/poostgreSQL.py
[2025-07-11T00:19:34.875+0000] {logging_mixin.py:190} INFO - [2025-07-11T00:19:34.875+0000] {dag.py:3239} INFO - Sync 1 DAGs
[2025-07-11T00:19:34.904+0000] {logging_mixin.py:190} INFO - [2025-07-11T00:19:34.903+0000] {dag.py:4180} INFO - Setting next_dagrun for create_databse_and_add_new_row to 2025-03-01 00:00:00+00:00, run_after=2025-03-02 00:00:00+00:00
[2025-07-11T00:19:34.926+0000] {processor.py:208} INFO - Processing /opt/airflow/dags/poostgreSQL.py took 0.108 seconds
[2025-07-11T00:20:05.496+0000] {processor.py:186} INFO - Started process (PID=16366) to work on /opt/airflow/dags/poostgreSQL.py
[2025-07-11T00:20:05.497+0000] {processor.py:914} INFO - Processing file /opt/airflow/dags/poostgreSQL.py for tasks to queue
[2025-07-11T00:20:05.499+0000] {logging_mixin.py:190} INFO - [2025-07-11T00:20:05.499+0000] {dagbag.py:588} INFO - Filling up the DagBag from /opt/airflow/dags/poostgreSQL.py
[2025-07-11T00:20:05.510+0000] {processor.py:925} INFO - DAG(s) 'create_databse_and_add_new_row' retrieved from /opt/airflow/dags/poostgreSQL.py
[2025-07-11T00:20:05.536+0000] {logging_mixin.py:190} INFO - [2025-07-11T00:20:05.535+0000] {dag.py:3239} INFO - Sync 1 DAGs
[2025-07-11T00:20:05.560+0000] {logging_mixin.py:190} INFO - [2025-07-11T00:20:05.560+0000] {dag.py:4180} INFO - Setting next_dagrun for create_databse_and_add_new_row to 2025-03-01 00:00:00+00:00, run_after=2025-03-02 00:00:00+00:00
[2025-07-11T00:20:05.577+0000] {processor.py:208} INFO - Processing /opt/airflow/dags/poostgreSQL.py took 0.089 seconds
[2025-07-11T00:20:36.274+0000] {processor.py:186} INFO - Started process (PID=16402) to work on /opt/airflow/dags/poostgreSQL.py
[2025-07-11T00:20:36.275+0000] {processor.py:914} INFO - Processing file /opt/airflow/dags/poostgreSQL.py for tasks to queue
[2025-07-11T00:20:36.278+0000] {logging_mixin.py:190} INFO - [2025-07-11T00:20:36.278+0000] {dagbag.py:588} INFO - Filling up the DagBag from /opt/airflow/dags/poostgreSQL.py
[2025-07-11T00:20:36.291+0000] {processor.py:925} INFO - DAG(s) 'create_databse_and_add_new_row' retrieved from /opt/airflow/dags/poostgreSQL.py
[2025-07-11T00:20:36.318+0000] {logging_mixin.py:190} INFO - [2025-07-11T00:20:36.318+0000] {dag.py:3239} INFO - Sync 1 DAGs
[2025-07-11T00:20:36.345+0000] {logging_mixin.py:190} INFO - [2025-07-11T00:20:36.345+0000] {dag.py:4180} INFO - Setting next_dagrun for create_databse_and_add_new_row to 2025-03-01 00:00:00+00:00, run_after=2025-03-02 00:00:00+00:00
[2025-07-11T00:20:36.365+0000] {processor.py:208} INFO - Processing /opt/airflow/dags/poostgreSQL.py took 0.100 seconds
[2025-07-11T00:21:07.022+0000] {processor.py:186} INFO - Started process (PID=16438) to work on /opt/airflow/dags/poostgreSQL.py
[2025-07-11T00:21:07.023+0000] {processor.py:914} INFO - Processing file /opt/airflow/dags/poostgreSQL.py for tasks to queue
[2025-07-11T00:21:07.026+0000] {logging_mixin.py:190} INFO - [2025-07-11T00:21:07.026+0000] {dagbag.py:588} INFO - Filling up the DagBag from /opt/airflow/dags/poostgreSQL.py
[2025-07-11T00:21:07.039+0000] {processor.py:925} INFO - DAG(s) 'create_databse_and_add_new_row' retrieved from /opt/airflow/dags/poostgreSQL.py
[2025-07-11T00:21:07.076+0000] {logging_mixin.py:190} INFO - [2025-07-11T00:21:07.076+0000] {dag.py:3239} INFO - Sync 1 DAGs
[2025-07-11T00:21:07.112+0000] {logging_mixin.py:190} INFO - [2025-07-11T00:21:07.112+0000] {dag.py:4180} INFO - Setting next_dagrun for create_databse_and_add_new_row to 2025-03-01 00:00:00+00:00, run_after=2025-03-02 00:00:00+00:00
[2025-07-11T00:21:07.134+0000] {processor.py:208} INFO - Processing /opt/airflow/dags/poostgreSQL.py took 0.122 seconds
[2025-07-11T00:21:37.801+0000] {processor.py:186} INFO - Started process (PID=16474) to work on /opt/airflow/dags/poostgreSQL.py
[2025-07-11T00:21:37.802+0000] {processor.py:914} INFO - Processing file /opt/airflow/dags/poostgreSQL.py for tasks to queue
[2025-07-11T00:21:37.807+0000] {logging_mixin.py:190} INFO - [2025-07-11T00:21:37.806+0000] {dagbag.py:588} INFO - Filling up the DagBag from /opt/airflow/dags/poostgreSQL.py
[2025-07-11T00:21:37.828+0000] {processor.py:925} INFO - DAG(s) 'create_databse_and_add_new_row' retrieved from /opt/airflow/dags/poostgreSQL.py
[2025-07-11T00:21:37.862+0000] {logging_mixin.py:190} INFO - [2025-07-11T00:21:37.861+0000] {dag.py:3239} INFO - Sync 1 DAGs
[2025-07-11T00:21:37.953+0000] {logging_mixin.py:190} INFO - [2025-07-11T00:21:37.953+0000] {dag.py:4180} INFO - Setting next_dagrun for create_databse_and_add_new_row to 2025-03-01 00:00:00+00:00, run_after=2025-03-02 00:00:00+00:00
[2025-07-11T00:21:37.980+0000] {processor.py:208} INFO - Processing /opt/airflow/dags/poostgreSQL.py took 0.195 seconds
[2025-07-11T00:22:08.477+0000] {processor.py:186} INFO - Started process (PID=16510) to work on /opt/airflow/dags/poostgreSQL.py
[2025-07-11T00:22:08.478+0000] {processor.py:914} INFO - Processing file /opt/airflow/dags/poostgreSQL.py for tasks to queue
[2025-07-11T00:22:08.483+0000] {logging_mixin.py:190} INFO - [2025-07-11T00:22:08.482+0000] {dagbag.py:588} INFO - Filling up the DagBag from /opt/airflow/dags/poostgreSQL.py
[2025-07-11T00:22:08.499+0000] {processor.py:925} INFO - DAG(s) 'create_databse_and_add_new_row' retrieved from /opt/airflow/dags/poostgreSQL.py
[2025-07-11T00:22:08.545+0000] {logging_mixin.py:190} INFO - [2025-07-11T00:22:08.544+0000] {dag.py:3239} INFO - Sync 1 DAGs
[2025-07-11T00:22:08.604+0000] {logging_mixin.py:190} INFO - [2025-07-11T00:22:08.603+0000] {dag.py:4180} INFO - Setting next_dagrun for create_databse_and_add_new_row to 2025-03-01 00:00:00+00:00, run_after=2025-03-02 00:00:00+00:00
[2025-07-11T00:22:08.637+0000] {processor.py:208} INFO - Processing /opt/airflow/dags/poostgreSQL.py took 0.171 seconds
[2025-07-11T00:22:39.316+0000] {processor.py:186} INFO - Started process (PID=16546) to work on /opt/airflow/dags/poostgreSQL.py
[2025-07-11T00:22:39.322+0000] {processor.py:914} INFO - Processing file /opt/airflow/dags/poostgreSQL.py for tasks to queue
[2025-07-11T00:22:39.326+0000] {logging_mixin.py:190} INFO - [2025-07-11T00:22:39.326+0000] {dagbag.py:588} INFO - Filling up the DagBag from /opt/airflow/dags/poostgreSQL.py
[2025-07-11T00:22:39.344+0000] {processor.py:925} INFO - DAG(s) 'create_databse_and_add_new_row' retrieved from /opt/airflow/dags/poostgreSQL.py
[2025-07-11T00:22:39.368+0000] {logging_mixin.py:190} INFO - [2025-07-11T00:22:39.368+0000] {dag.py:3239} INFO - Sync 1 DAGs
[2025-07-11T00:22:39.394+0000] {logging_mixin.py:190} INFO - [2025-07-11T00:22:39.393+0000] {dag.py:4180} INFO - Setting next_dagrun for create_databse_and_add_new_row to 2025-03-01 00:00:00+00:00, run_after=2025-03-02 00:00:00+00:00
[2025-07-11T00:22:39.411+0000] {processor.py:208} INFO - Processing /opt/airflow/dags/poostgreSQL.py took 0.109 seconds
[2025-07-11T00:23:09.964+0000] {processor.py:186} INFO - Started process (PID=16583) to work on /opt/airflow/dags/poostgreSQL.py
[2025-07-11T00:23:09.965+0000] {processor.py:914} INFO - Processing file /opt/airflow/dags/poostgreSQL.py for tasks to queue
[2025-07-11T00:23:09.969+0000] {logging_mixin.py:190} INFO - [2025-07-11T00:23:09.968+0000] {dagbag.py:588} INFO - Filling up the DagBag from /opt/airflow/dags/poostgreSQL.py
[2025-07-11T00:23:09.981+0000] {processor.py:925} INFO - DAG(s) 'create_databse_and_add_new_row' retrieved from /opt/airflow/dags/poostgreSQL.py
[2025-07-11T00:23:10.007+0000] {logging_mixin.py:190} INFO - [2025-07-11T00:23:10.007+0000] {dag.py:3239} INFO - Sync 1 DAGs
[2025-07-11T00:23:10.032+0000] {logging_mixin.py:190} INFO - [2025-07-11T00:23:10.032+0000] {dag.py:4180} INFO - Setting next_dagrun for create_databse_and_add_new_row to 2025-03-01 00:00:00+00:00, run_after=2025-03-02 00:00:00+00:00
[2025-07-11T00:23:10.051+0000] {processor.py:208} INFO - Processing /opt/airflow/dags/poostgreSQL.py took 0.097 seconds
[2025-07-11T00:23:40.732+0000] {processor.py:186} INFO - Started process (PID=16619) to work on /opt/airflow/dags/poostgreSQL.py
[2025-07-11T00:23:40.738+0000] {processor.py:914} INFO - Processing file /opt/airflow/dags/poostgreSQL.py for tasks to queue
[2025-07-11T00:23:40.741+0000] {logging_mixin.py:190} INFO - [2025-07-11T00:23:40.741+0000] {dagbag.py:588} INFO - Filling up the DagBag from /opt/airflow/dags/poostgreSQL.py
[2025-07-11T00:23:40.757+0000] {processor.py:925} INFO - DAG(s) 'create_databse_and_add_new_row' retrieved from /opt/airflow/dags/poostgreSQL.py
[2025-07-11T00:23:40.785+0000] {logging_mixin.py:190} INFO - [2025-07-11T00:23:40.785+0000] {dag.py:3239} INFO - Sync 1 DAGs
[2025-07-11T00:23:40.813+0000] {logging_mixin.py:190} INFO - [2025-07-11T00:23:40.813+0000] {dag.py:4180} INFO - Setting next_dagrun for create_databse_and_add_new_row to 2025-03-01 00:00:00+00:00, run_after=2025-03-02 00:00:00+00:00
[2025-07-11T00:23:40.831+0000] {processor.py:208} INFO - Processing /opt/airflow/dags/poostgreSQL.py took 0.114 seconds
[2025-07-11T00:24:11.351+0000] {processor.py:186} INFO - Started process (PID=16655) to work on /opt/airflow/dags/poostgreSQL.py
[2025-07-11T00:24:11.352+0000] {processor.py:914} INFO - Processing file /opt/airflow/dags/poostgreSQL.py for tasks to queue
[2025-07-11T00:24:11.355+0000] {logging_mixin.py:190} INFO - [2025-07-11T00:24:11.354+0000] {dagbag.py:588} INFO - Filling up the DagBag from /opt/airflow/dags/poostgreSQL.py
[2025-07-11T00:24:11.367+0000] {processor.py:925} INFO - DAG(s) 'create_databse_and_add_new_row' retrieved from /opt/airflow/dags/poostgreSQL.py
[2025-07-11T00:24:11.392+0000] {logging_mixin.py:190} INFO - [2025-07-11T00:24:11.392+0000] {dag.py:3239} INFO - Sync 1 DAGs
[2025-07-11T00:24:11.417+0000] {logging_mixin.py:190} INFO - [2025-07-11T00:24:11.417+0000] {dag.py:4180} INFO - Setting next_dagrun for create_databse_and_add_new_row to 2025-03-01 00:00:00+00:00, run_after=2025-03-02 00:00:00+00:00
[2025-07-11T00:24:11.435+0000] {processor.py:208} INFO - Processing /opt/airflow/dags/poostgreSQL.py took 0.096 seconds
[2025-07-11T00:24:42.010+0000] {processor.py:186} INFO - Started process (PID=16691) to work on /opt/airflow/dags/poostgreSQL.py
[2025-07-11T00:24:42.011+0000] {processor.py:914} INFO - Processing file /opt/airflow/dags/poostgreSQL.py for tasks to queue
[2025-07-11T00:24:42.014+0000] {logging_mixin.py:190} INFO - [2025-07-11T00:24:42.014+0000] {dagbag.py:588} INFO - Filling up the DagBag from /opt/airflow/dags/poostgreSQL.py
[2025-07-11T00:24:42.027+0000] {processor.py:925} INFO - DAG(s) 'create_databse_and_add_new_row' retrieved from /opt/airflow/dags/poostgreSQL.py
[2025-07-11T00:24:42.053+0000] {logging_mixin.py:190} INFO - [2025-07-11T00:24:42.052+0000] {dag.py:3239} INFO - Sync 1 DAGs
[2025-07-11T00:24:42.081+0000] {logging_mixin.py:190} INFO - [2025-07-11T00:24:42.081+0000] {dag.py:4180} INFO - Setting next_dagrun for create_databse_and_add_new_row to 2025-03-01 00:00:00+00:00, run_after=2025-03-02 00:00:00+00:00
[2025-07-11T00:24:42.100+0000] {processor.py:208} INFO - Processing /opt/airflow/dags/poostgreSQL.py took 0.099 seconds
[2025-07-11T00:25:12.834+0000] {processor.py:186} INFO - Started process (PID=16727) to work on /opt/airflow/dags/poostgreSQL.py
[2025-07-11T00:25:12.835+0000] {processor.py:914} INFO - Processing file /opt/airflow/dags/poostgreSQL.py for tasks to queue
[2025-07-11T00:25:12.838+0000] {logging_mixin.py:190} INFO - [2025-07-11T00:25:12.838+0000] {dagbag.py:588} INFO - Filling up the DagBag from /opt/airflow/dags/poostgreSQL.py
[2025-07-11T00:25:12.851+0000] {processor.py:925} INFO - DAG(s) 'create_databse_and_add_new_row' retrieved from /opt/airflow/dags/poostgreSQL.py
[2025-07-11T00:25:12.878+0000] {logging_mixin.py:190} INFO - [2025-07-11T00:25:12.877+0000] {dag.py:3239} INFO - Sync 1 DAGs
[2025-07-11T00:25:12.904+0000] {logging_mixin.py:190} INFO - [2025-07-11T00:25:12.904+0000] {dag.py:4180} INFO - Setting next_dagrun for create_databse_and_add_new_row to 2025-03-01 00:00:00+00:00, run_after=2025-03-02 00:00:00+00:00
[2025-07-11T00:25:12.924+0000] {processor.py:208} INFO - Processing /opt/airflow/dags/poostgreSQL.py took 0.100 seconds
[2025-07-11T00:25:43.644+0000] {processor.py:186} INFO - Started process (PID=16763) to work on /opt/airflow/dags/poostgreSQL.py
[2025-07-11T00:25:43.650+0000] {processor.py:914} INFO - Processing file /opt/airflow/dags/poostgreSQL.py for tasks to queue
[2025-07-11T00:25:43.653+0000] {logging_mixin.py:190} INFO - [2025-07-11T00:25:43.653+0000] {dagbag.py:588} INFO - Filling up the DagBag from /opt/airflow/dags/poostgreSQL.py
[2025-07-11T00:25:43.666+0000] {processor.py:925} INFO - DAG(s) 'create_databse_and_add_new_row' retrieved from /opt/airflow/dags/poostgreSQL.py
[2025-07-11T00:25:43.693+0000] {logging_mixin.py:190} INFO - [2025-07-11T00:25:43.693+0000] {dag.py:3239} INFO - Sync 1 DAGs
[2025-07-11T00:25:43.726+0000] {logging_mixin.py:190} INFO - [2025-07-11T00:25:43.725+0000] {dag.py:4180} INFO - Setting next_dagrun for create_databse_and_add_new_row to 2025-03-01 00:00:00+00:00, run_after=2025-03-02 00:00:00+00:00
[2025-07-11T00:25:43.745+0000] {processor.py:208} INFO - Processing /opt/airflow/dags/poostgreSQL.py took 0.112 seconds
[2025-07-11T00:26:14.444+0000] {processor.py:186} INFO - Started process (PID=16799) to work on /opt/airflow/dags/poostgreSQL.py
[2025-07-11T00:26:14.446+0000] {processor.py:914} INFO - Processing file /opt/airflow/dags/poostgreSQL.py for tasks to queue
[2025-07-11T00:26:14.450+0000] {logging_mixin.py:190} INFO - [2025-07-11T00:26:14.450+0000] {dagbag.py:588} INFO - Filling up the DagBag from /opt/airflow/dags/poostgreSQL.py
[2025-07-11T00:26:14.469+0000] {processor.py:925} INFO - DAG(s) 'create_databse_and_add_new_row' retrieved from /opt/airflow/dags/poostgreSQL.py
[2025-07-11T00:26:14.498+0000] {logging_mixin.py:190} INFO - [2025-07-11T00:26:14.497+0000] {dag.py:3239} INFO - Sync 1 DAGs
[2025-07-11T00:26:14.524+0000] {logging_mixin.py:190} INFO - [2025-07-11T00:26:14.524+0000] {dag.py:4180} INFO - Setting next_dagrun for create_databse_and_add_new_row to 2025-03-01 00:00:00+00:00, run_after=2025-03-02 00:00:00+00:00
[2025-07-11T00:26:14.544+0000] {processor.py:208} INFO - Processing /opt/airflow/dags/poostgreSQL.py took 0.114 seconds
[2025-07-11T00:26:45.130+0000] {processor.py:186} INFO - Started process (PID=16835) to work on /opt/airflow/dags/poostgreSQL.py
[2025-07-11T00:26:45.136+0000] {processor.py:914} INFO - Processing file /opt/airflow/dags/poostgreSQL.py for tasks to queue
[2025-07-11T00:26:45.138+0000] {logging_mixin.py:190} INFO - [2025-07-11T00:26:45.138+0000] {dagbag.py:588} INFO - Filling up the DagBag from /opt/airflow/dags/poostgreSQL.py
[2025-07-11T00:26:45.150+0000] {processor.py:925} INFO - DAG(s) 'create_databse_and_add_new_row' retrieved from /opt/airflow/dags/poostgreSQL.py
[2025-07-11T00:26:45.185+0000] {logging_mixin.py:190} INFO - [2025-07-11T00:26:45.185+0000] {dag.py:3239} INFO - Sync 1 DAGs
[2025-07-11T00:26:45.221+0000] {logging_mixin.py:190} INFO - [2025-07-11T00:26:45.220+0000] {dag.py:4180} INFO - Setting next_dagrun for create_databse_and_add_new_row to 2025-03-01 00:00:00+00:00, run_after=2025-03-02 00:00:00+00:00
[2025-07-11T00:26:45.245+0000] {processor.py:208} INFO - Processing /opt/airflow/dags/poostgreSQL.py took 0.129 seconds
[2025-07-11T00:27:15.955+0000] {processor.py:186} INFO - Started process (PID=16871) to work on /opt/airflow/dags/poostgreSQL.py
[2025-07-11T00:27:15.956+0000] {processor.py:914} INFO - Processing file /opt/airflow/dags/poostgreSQL.py for tasks to queue
[2025-07-11T00:27:15.960+0000] {logging_mixin.py:190} INFO - [2025-07-11T00:27:15.960+0000] {dagbag.py:588} INFO - Filling up the DagBag from /opt/airflow/dags/poostgreSQL.py
[2025-07-11T00:27:15.973+0000] {processor.py:925} INFO - DAG(s) 'create_databse_and_add_new_row' retrieved from /opt/airflow/dags/poostgreSQL.py
[2025-07-11T00:27:16.001+0000] {logging_mixin.py:190} INFO - [2025-07-11T00:27:16.001+0000] {dag.py:3239} INFO - Sync 1 DAGs
[2025-07-11T00:27:16.029+0000] {logging_mixin.py:190} INFO - [2025-07-11T00:27:16.029+0000] {dag.py:4180} INFO - Setting next_dagrun for create_databse_and_add_new_row to 2025-03-01 00:00:00+00:00, run_after=2025-03-02 00:00:00+00:00
[2025-07-11T00:27:16.048+0000] {processor.py:208} INFO - Processing /opt/airflow/dags/poostgreSQL.py took 0.109 seconds
