[2025-07-11T00:00:05.017+0000] {processor.py:186} INFO - Started process (PID=14658) to work on /opt/airflow/dags/python_operator.py
[2025-07-11T00:00:05.018+0000] {processor.py:914} INFO - Processing file /opt/airflow/dags/python_operator.py for tasks to queue
[2025-07-11T00:00:05.021+0000] {logging_mixin.py:190} INFO - [2025-07-11T00:00:05.020+0000] {dagbag.py:588} INFO - Filling up the DagBag from /opt/airflow/dags/python_operator.py
[2025-07-11T00:00:05.037+0000] {processor.py:925} INFO - DAG(s) 'dag_with_py_operatorv01' retrieved from /opt/airflow/dags/python_operator.py
[2025-07-11T00:00:05.069+0000] {logging_mixin.py:190} INFO - [2025-07-11T00:00:05.069+0000] {dag.py:3239} INFO - Sync 1 DAGs
[2025-07-11T00:00:05.108+0000] {logging_mixin.py:190} INFO - [2025-07-11T00:00:05.108+0000] {dag.py:4180} INFO - Setting next_dagrun for dag_with_py_operatorv01 to 2025-03-02 00:00:00+00:00, run_after=2025-03-03 00:00:00+00:00
[2025-07-11T00:00:05.137+0000] {processor.py:208} INFO - Processing /opt/airflow/dags/python_operator.py took 0.130 seconds
[2025-07-11T00:00:35.835+0000] {processor.py:186} INFO - Started process (PID=14984) to work on /opt/airflow/dags/python_operator.py
[2025-07-11T00:00:35.836+0000] {processor.py:914} INFO - Processing file /opt/airflow/dags/python_operator.py for tasks to queue
[2025-07-11T00:00:35.839+0000] {logging_mixin.py:190} INFO - [2025-07-11T00:00:35.839+0000] {dagbag.py:588} INFO - Filling up the DagBag from /opt/airflow/dags/python_operator.py
[2025-07-11T00:00:35.851+0000] {processor.py:925} INFO - DAG(s) 'dag_with_py_operatorv01' retrieved from /opt/airflow/dags/python_operator.py
[2025-07-11T00:00:35.874+0000] {logging_mixin.py:190} INFO - [2025-07-11T00:00:35.874+0000] {dag.py:3239} INFO - Sync 1 DAGs
[2025-07-11T00:00:35.900+0000] {logging_mixin.py:190} INFO - [2025-07-11T00:00:35.899+0000] {dag.py:4180} INFO - Setting next_dagrun for dag_with_py_operatorv01 to 2025-03-02 00:00:00+00:00, run_after=2025-03-03 00:00:00+00:00
[2025-07-11T00:00:35.918+0000] {processor.py:208} INFO - Processing /opt/airflow/dags/python_operator.py took 0.090 seconds
[2025-07-11T00:01:06.612+0000] {processor.py:186} INFO - Started process (PID=15020) to work on /opt/airflow/dags/python_operator.py
[2025-07-11T00:01:06.614+0000] {processor.py:914} INFO - Processing file /opt/airflow/dags/python_operator.py for tasks to queue
[2025-07-11T00:01:06.618+0000] {logging_mixin.py:190} INFO - [2025-07-11T00:01:06.618+0000] {dagbag.py:588} INFO - Filling up the DagBag from /opt/airflow/dags/python_operator.py
[2025-07-11T00:01:06.630+0000] {processor.py:925} INFO - DAG(s) 'dag_with_py_operatorv01' retrieved from /opt/airflow/dags/python_operator.py
[2025-07-11T00:01:06.653+0000] {logging_mixin.py:190} INFO - [2025-07-11T00:01:06.652+0000] {dag.py:3239} INFO - Sync 1 DAGs
[2025-07-11T00:01:06.677+0000] {logging_mixin.py:190} INFO - [2025-07-11T00:01:06.677+0000] {dag.py:4180} INFO - Setting next_dagrun for dag_with_py_operatorv01 to 2025-03-02 00:00:00+00:00, run_after=2025-03-03 00:00:00+00:00
[2025-07-11T00:01:06.699+0000] {processor.py:208} INFO - Processing /opt/airflow/dags/python_operator.py took 0.099 seconds
[2025-07-11T00:01:37.407+0000] {processor.py:186} INFO - Started process (PID=15056) to work on /opt/airflow/dags/python_operator.py
[2025-07-11T00:01:37.408+0000] {processor.py:914} INFO - Processing file /opt/airflow/dags/python_operator.py for tasks to queue
[2025-07-11T00:01:37.411+0000] {logging_mixin.py:190} INFO - [2025-07-11T00:01:37.411+0000] {dagbag.py:588} INFO - Filling up the DagBag from /opt/airflow/dags/python_operator.py
[2025-07-11T00:01:37.423+0000] {processor.py:925} INFO - DAG(s) 'dag_with_py_operatorv01' retrieved from /opt/airflow/dags/python_operator.py
[2025-07-11T00:01:37.448+0000] {logging_mixin.py:190} INFO - [2025-07-11T00:01:37.448+0000] {dag.py:3239} INFO - Sync 1 DAGs
[2025-07-11T00:01:37.474+0000] {logging_mixin.py:190} INFO - [2025-07-11T00:01:37.474+0000] {dag.py:4180} INFO - Setting next_dagrun for dag_with_py_operatorv01 to 2025-03-02 00:00:00+00:00, run_after=2025-03-03 00:00:00+00:00
[2025-07-11T00:01:37.495+0000] {processor.py:208} INFO - Processing /opt/airflow/dags/python_operator.py took 0.097 seconds
[2025-07-11T00:02:08.129+0000] {processor.py:186} INFO - Started process (PID=15092) to work on /opt/airflow/dags/python_operator.py
[2025-07-11T00:02:08.130+0000] {processor.py:914} INFO - Processing file /opt/airflow/dags/python_operator.py for tasks to queue
[2025-07-11T00:02:08.133+0000] {logging_mixin.py:190} INFO - [2025-07-11T00:02:08.133+0000] {dagbag.py:588} INFO - Filling up the DagBag from /opt/airflow/dags/python_operator.py
[2025-07-11T00:02:08.145+0000] {processor.py:925} INFO - DAG(s) 'dag_with_py_operatorv01' retrieved from /opt/airflow/dags/python_operator.py
[2025-07-11T00:02:08.169+0000] {logging_mixin.py:190} INFO - [2025-07-11T00:02:08.169+0000] {dag.py:3239} INFO - Sync 1 DAGs
[2025-07-11T00:02:08.194+0000] {logging_mixin.py:190} INFO - [2025-07-11T00:02:08.194+0000] {dag.py:4180} INFO - Setting next_dagrun for dag_with_py_operatorv01 to 2025-03-02 00:00:00+00:00, run_after=2025-03-03 00:00:00+00:00
[2025-07-11T00:02:08.212+0000] {processor.py:208} INFO - Processing /opt/airflow/dags/python_operator.py took 0.090 seconds
[2025-07-11T00:02:38.904+0000] {processor.py:186} INFO - Started process (PID=15128) to work on /opt/airflow/dags/python_operator.py
[2025-07-11T00:02:38.905+0000] {processor.py:914} INFO - Processing file /opt/airflow/dags/python_operator.py for tasks to queue
[2025-07-11T00:02:38.908+0000] {logging_mixin.py:190} INFO - [2025-07-11T00:02:38.907+0000] {dagbag.py:588} INFO - Filling up the DagBag from /opt/airflow/dags/python_operator.py
[2025-07-11T00:02:38.920+0000] {processor.py:925} INFO - DAG(s) 'dag_with_py_operatorv01' retrieved from /opt/airflow/dags/python_operator.py
[2025-07-11T00:02:38.944+0000] {logging_mixin.py:190} INFO - [2025-07-11T00:02:38.944+0000] {dag.py:3239} INFO - Sync 1 DAGs
[2025-07-11T00:02:38.970+0000] {logging_mixin.py:190} INFO - [2025-07-11T00:02:38.970+0000] {dag.py:4180} INFO - Setting next_dagrun for dag_with_py_operatorv01 to 2025-03-02 00:00:00+00:00, run_after=2025-03-03 00:00:00+00:00
[2025-07-11T00:02:38.988+0000] {processor.py:208} INFO - Processing /opt/airflow/dags/python_operator.py took 0.093 seconds
[2025-07-11T00:03:09.698+0000] {processor.py:186} INFO - Started process (PID=15164) to work on /opt/airflow/dags/python_operator.py
[2025-07-11T00:03:09.699+0000] {processor.py:914} INFO - Processing file /opt/airflow/dags/python_operator.py for tasks to queue
[2025-07-11T00:03:09.703+0000] {logging_mixin.py:190} INFO - [2025-07-11T00:03:09.703+0000] {dagbag.py:588} INFO - Filling up the DagBag from /opt/airflow/dags/python_operator.py
[2025-07-11T00:03:09.717+0000] {processor.py:925} INFO - DAG(s) 'dag_with_py_operatorv01' retrieved from /opt/airflow/dags/python_operator.py
[2025-07-11T00:03:09.741+0000] {logging_mixin.py:190} INFO - [2025-07-11T00:03:09.741+0000] {dag.py:3239} INFO - Sync 1 DAGs
[2025-07-11T00:03:09.777+0000] {logging_mixin.py:190} INFO - [2025-07-11T00:03:09.776+0000] {dag.py:4180} INFO - Setting next_dagrun for dag_with_py_operatorv01 to 2025-03-02 00:00:00+00:00, run_after=2025-03-03 00:00:00+00:00
[2025-07-11T00:03:09.796+0000] {processor.py:208} INFO - Processing /opt/airflow/dags/python_operator.py took 0.108 seconds
[2025-07-11T00:03:40.477+0000] {processor.py:186} INFO - Started process (PID=15200) to work on /opt/airflow/dags/python_operator.py
[2025-07-11T00:03:40.478+0000] {processor.py:914} INFO - Processing file /opt/airflow/dags/python_operator.py for tasks to queue
[2025-07-11T00:03:40.482+0000] {logging_mixin.py:190} INFO - [2025-07-11T00:03:40.482+0000] {dagbag.py:588} INFO - Filling up the DagBag from /opt/airflow/dags/python_operator.py
[2025-07-11T00:03:40.496+0000] {processor.py:925} INFO - DAG(s) 'dag_with_py_operatorv01' retrieved from /opt/airflow/dags/python_operator.py
[2025-07-11T00:03:40.521+0000] {logging_mixin.py:190} INFO - [2025-07-11T00:03:40.521+0000] {dag.py:3239} INFO - Sync 1 DAGs
[2025-07-11T00:03:40.550+0000] {logging_mixin.py:190} INFO - [2025-07-11T00:03:40.550+0000] {dag.py:4180} INFO - Setting next_dagrun for dag_with_py_operatorv01 to 2025-03-02 00:00:00+00:00, run_after=2025-03-03 00:00:00+00:00
[2025-07-11T00:03:40.575+0000] {processor.py:208} INFO - Processing /opt/airflow/dags/python_operator.py took 0.110 seconds
[2025-07-11T00:04:11.242+0000] {processor.py:186} INFO - Started process (PID=15236) to work on /opt/airflow/dags/python_operator.py
[2025-07-11T00:04:11.243+0000] {processor.py:914} INFO - Processing file /opt/airflow/dags/python_operator.py for tasks to queue
[2025-07-11T00:04:11.246+0000] {logging_mixin.py:190} INFO - [2025-07-11T00:04:11.246+0000] {dagbag.py:588} INFO - Filling up the DagBag from /opt/airflow/dags/python_operator.py
[2025-07-11T00:04:11.259+0000] {processor.py:925} INFO - DAG(s) 'dag_with_py_operatorv01' retrieved from /opt/airflow/dags/python_operator.py
[2025-07-11T00:04:11.283+0000] {logging_mixin.py:190} INFO - [2025-07-11T00:04:11.283+0000] {dag.py:3239} INFO - Sync 1 DAGs
[2025-07-11T00:04:11.309+0000] {logging_mixin.py:190} INFO - [2025-07-11T00:04:11.308+0000] {dag.py:4180} INFO - Setting next_dagrun for dag_with_py_operatorv01 to 2025-03-02 00:00:00+00:00, run_after=2025-03-03 00:00:00+00:00
[2025-07-11T00:04:11.327+0000] {processor.py:208} INFO - Processing /opt/airflow/dags/python_operator.py took 0.094 seconds
[2025-07-11T00:04:42.017+0000] {processor.py:186} INFO - Started process (PID=15272) to work on /opt/airflow/dags/python_operator.py
[2025-07-11T00:04:42.017+0000] {processor.py:914} INFO - Processing file /opt/airflow/dags/python_operator.py for tasks to queue
[2025-07-11T00:04:42.020+0000] {logging_mixin.py:190} INFO - [2025-07-11T00:04:42.020+0000] {dagbag.py:588} INFO - Filling up the DagBag from /opt/airflow/dags/python_operator.py
[2025-07-11T00:04:42.032+0000] {processor.py:925} INFO - DAG(s) 'dag_with_py_operatorv01' retrieved from /opt/airflow/dags/python_operator.py
[2025-07-11T00:04:42.056+0000] {logging_mixin.py:190} INFO - [2025-07-11T00:04:42.056+0000] {dag.py:3239} INFO - Sync 1 DAGs
[2025-07-11T00:04:42.081+0000] {logging_mixin.py:190} INFO - [2025-07-11T00:04:42.080+0000] {dag.py:4180} INFO - Setting next_dagrun for dag_with_py_operatorv01 to 2025-03-02 00:00:00+00:00, run_after=2025-03-03 00:00:00+00:00
[2025-07-11T00:04:42.102+0000] {processor.py:208} INFO - Processing /opt/airflow/dags/python_operator.py took 0.094 seconds
[2025-07-11T00:05:12.736+0000] {processor.py:186} INFO - Started process (PID=15308) to work on /opt/airflow/dags/python_operator.py
[2025-07-11T00:05:12.738+0000] {processor.py:914} INFO - Processing file /opt/airflow/dags/python_operator.py for tasks to queue
[2025-07-11T00:05:12.742+0000] {logging_mixin.py:190} INFO - [2025-07-11T00:05:12.741+0000] {dagbag.py:588} INFO - Filling up the DagBag from /opt/airflow/dags/python_operator.py
[2025-07-11T00:05:12.756+0000] {processor.py:925} INFO - DAG(s) 'dag_with_py_operatorv01' retrieved from /opt/airflow/dags/python_operator.py
[2025-07-11T00:05:12.778+0000] {logging_mixin.py:190} INFO - [2025-07-11T00:05:12.778+0000] {dag.py:3239} INFO - Sync 1 DAGs
[2025-07-11T00:05:12.804+0000] {logging_mixin.py:190} INFO - [2025-07-11T00:05:12.804+0000] {dag.py:4180} INFO - Setting next_dagrun for dag_with_py_operatorv01 to 2025-03-02 00:00:00+00:00, run_after=2025-03-03 00:00:00+00:00
[2025-07-11T00:05:12.822+0000] {processor.py:208} INFO - Processing /opt/airflow/dags/python_operator.py took 0.099 seconds
[2025-07-11T00:05:43.399+0000] {processor.py:186} INFO - Started process (PID=15344) to work on /opt/airflow/dags/python_operator.py
[2025-07-11T00:05:43.400+0000] {processor.py:914} INFO - Processing file /opt/airflow/dags/python_operator.py for tasks to queue
[2025-07-11T00:05:43.403+0000] {logging_mixin.py:190} INFO - [2025-07-11T00:05:43.402+0000] {dagbag.py:588} INFO - Filling up the DagBag from /opt/airflow/dags/python_operator.py
[2025-07-11T00:05:43.414+0000] {processor.py:925} INFO - DAG(s) 'dag_with_py_operatorv01' retrieved from /opt/airflow/dags/python_operator.py
[2025-07-11T00:05:43.437+0000] {logging_mixin.py:190} INFO - [2025-07-11T00:05:43.437+0000] {dag.py:3239} INFO - Sync 1 DAGs
[2025-07-11T00:05:43.463+0000] {logging_mixin.py:190} INFO - [2025-07-11T00:05:43.463+0000] {dag.py:4180} INFO - Setting next_dagrun for dag_with_py_operatorv01 to 2025-03-02 00:00:00+00:00, run_after=2025-03-03 00:00:00+00:00
[2025-07-11T00:05:43.480+0000] {processor.py:208} INFO - Processing /opt/airflow/dags/python_operator.py took 0.091 seconds
[2025-07-11T00:06:14.173+0000] {processor.py:186} INFO - Started process (PID=15380) to work on /opt/airflow/dags/python_operator.py
[2025-07-11T00:06:14.174+0000] {processor.py:914} INFO - Processing file /opt/airflow/dags/python_operator.py for tasks to queue
[2025-07-11T00:06:14.177+0000] {logging_mixin.py:190} INFO - [2025-07-11T00:06:14.176+0000] {dagbag.py:588} INFO - Filling up the DagBag from /opt/airflow/dags/python_operator.py
[2025-07-11T00:06:14.188+0000] {processor.py:925} INFO - DAG(s) 'dag_with_py_operatorv01' retrieved from /opt/airflow/dags/python_operator.py
[2025-07-11T00:06:14.212+0000] {logging_mixin.py:190} INFO - [2025-07-11T00:06:14.212+0000] {dag.py:3239} INFO - Sync 1 DAGs
[2025-07-11T00:06:14.237+0000] {logging_mixin.py:190} INFO - [2025-07-11T00:06:14.237+0000] {dag.py:4180} INFO - Setting next_dagrun for dag_with_py_operatorv01 to 2025-03-02 00:00:00+00:00, run_after=2025-03-03 00:00:00+00:00
[2025-07-11T00:06:14.254+0000] {processor.py:208} INFO - Processing /opt/airflow/dags/python_operator.py took 0.089 seconds
[2025-07-11T00:06:44.874+0000] {processor.py:186} INFO - Started process (PID=15416) to work on /opt/airflow/dags/python_operator.py
[2025-07-11T00:06:44.875+0000] {processor.py:914} INFO - Processing file /opt/airflow/dags/python_operator.py for tasks to queue
[2025-07-11T00:06:44.879+0000] {logging_mixin.py:190} INFO - [2025-07-11T00:06:44.879+0000] {dagbag.py:588} INFO - Filling up the DagBag from /opt/airflow/dags/python_operator.py
[2025-07-11T00:06:44.892+0000] {processor.py:925} INFO - DAG(s) 'dag_with_py_operatorv01' retrieved from /opt/airflow/dags/python_operator.py
[2025-07-11T00:06:44.919+0000] {logging_mixin.py:190} INFO - [2025-07-11T00:06:44.919+0000] {dag.py:3239} INFO - Sync 1 DAGs
[2025-07-11T00:06:44.944+0000] {logging_mixin.py:190} INFO - [2025-07-11T00:06:44.943+0000] {dag.py:4180} INFO - Setting next_dagrun for dag_with_py_operatorv01 to 2025-03-02 00:00:00+00:00, run_after=2025-03-03 00:00:00+00:00
[2025-07-11T00:06:44.962+0000] {processor.py:208} INFO - Processing /opt/airflow/dags/python_operator.py took 0.099 seconds
[2025-07-11T00:07:15.658+0000] {processor.py:186} INFO - Started process (PID=15452) to work on /opt/airflow/dags/python_operator.py
[2025-07-11T00:07:15.659+0000] {processor.py:914} INFO - Processing file /opt/airflow/dags/python_operator.py for tasks to queue
[2025-07-11T00:07:15.662+0000] {logging_mixin.py:190} INFO - [2025-07-11T00:07:15.662+0000] {dagbag.py:588} INFO - Filling up the DagBag from /opt/airflow/dags/python_operator.py
[2025-07-11T00:07:15.674+0000] {processor.py:925} INFO - DAG(s) 'dag_with_py_operatorv01' retrieved from /opt/airflow/dags/python_operator.py
[2025-07-11T00:07:15.698+0000] {logging_mixin.py:190} INFO - [2025-07-11T00:07:15.698+0000] {dag.py:3239} INFO - Sync 1 DAGs
[2025-07-11T00:07:15.723+0000] {logging_mixin.py:190} INFO - [2025-07-11T00:07:15.723+0000] {dag.py:4180} INFO - Setting next_dagrun for dag_with_py_operatorv01 to 2025-03-02 00:00:00+00:00, run_after=2025-03-03 00:00:00+00:00
[2025-07-11T00:07:15.741+0000] {processor.py:208} INFO - Processing /opt/airflow/dags/python_operator.py took 0.091 seconds
[2025-07-11T00:07:46.418+0000] {processor.py:186} INFO - Started process (PID=15488) to work on /opt/airflow/dags/python_operator.py
[2025-07-11T00:07:46.419+0000] {processor.py:914} INFO - Processing file /opt/airflow/dags/python_operator.py for tasks to queue
[2025-07-11T00:07:46.422+0000] {logging_mixin.py:190} INFO - [2025-07-11T00:07:46.422+0000] {dagbag.py:588} INFO - Filling up the DagBag from /opt/airflow/dags/python_operator.py
[2025-07-11T00:07:46.434+0000] {processor.py:925} INFO - DAG(s) 'dag_with_py_operatorv01' retrieved from /opt/airflow/dags/python_operator.py
[2025-07-11T00:07:46.458+0000] {logging_mixin.py:190} INFO - [2025-07-11T00:07:46.457+0000] {dag.py:3239} INFO - Sync 1 DAGs
[2025-07-11T00:07:46.482+0000] {logging_mixin.py:190} INFO - [2025-07-11T00:07:46.482+0000] {dag.py:4180} INFO - Setting next_dagrun for dag_with_py_operatorv01 to 2025-03-02 00:00:00+00:00, run_after=2025-03-03 00:00:00+00:00
[2025-07-11T00:07:46.499+0000] {processor.py:208} INFO - Processing /opt/airflow/dags/python_operator.py took 0.089 seconds
[2025-07-11T00:08:17.189+0000] {processor.py:186} INFO - Started process (PID=15524) to work on /opt/airflow/dags/python_operator.py
[2025-07-11T00:08:17.190+0000] {processor.py:914} INFO - Processing file /opt/airflow/dags/python_operator.py for tasks to queue
[2025-07-11T00:08:17.193+0000] {logging_mixin.py:190} INFO - [2025-07-11T00:08:17.193+0000] {dagbag.py:588} INFO - Filling up the DagBag from /opt/airflow/dags/python_operator.py
[2025-07-11T00:08:17.205+0000] {processor.py:925} INFO - DAG(s) 'dag_with_py_operatorv01' retrieved from /opt/airflow/dags/python_operator.py
[2025-07-11T00:08:17.229+0000] {logging_mixin.py:190} INFO - [2025-07-11T00:08:17.228+0000] {dag.py:3239} INFO - Sync 1 DAGs
[2025-07-11T00:08:17.253+0000] {logging_mixin.py:190} INFO - [2025-07-11T00:08:17.253+0000] {dag.py:4180} INFO - Setting next_dagrun for dag_with_py_operatorv01 to 2025-03-02 00:00:00+00:00, run_after=2025-03-03 00:00:00+00:00
[2025-07-11T00:08:17.275+0000] {processor.py:208} INFO - Processing /opt/airflow/dags/python_operator.py took 0.100 seconds
[2025-07-11T00:08:47.982+0000] {processor.py:186} INFO - Started process (PID=15560) to work on /opt/airflow/dags/python_operator.py
[2025-07-11T00:08:47.983+0000] {processor.py:914} INFO - Processing file /opt/airflow/dags/python_operator.py for tasks to queue
[2025-07-11T00:08:47.987+0000] {logging_mixin.py:190} INFO - [2025-07-11T00:08:47.986+0000] {dagbag.py:588} INFO - Filling up the DagBag from /opt/airflow/dags/python_operator.py
[2025-07-11T00:08:48.000+0000] {processor.py:925} INFO - DAG(s) 'dag_with_py_operatorv01' retrieved from /opt/airflow/dags/python_operator.py
[2025-07-11T00:08:48.030+0000] {logging_mixin.py:190} INFO - [2025-07-11T00:08:48.029+0000] {dag.py:3239} INFO - Sync 1 DAGs
[2025-07-11T00:08:48.064+0000] {logging_mixin.py:190} INFO - [2025-07-11T00:08:48.064+0000] {dag.py:4180} INFO - Setting next_dagrun for dag_with_py_operatorv01 to 2025-03-02 00:00:00+00:00, run_after=2025-03-03 00:00:00+00:00
[2025-07-11T00:08:48.081+0000] {processor.py:208} INFO - Processing /opt/airflow/dags/python_operator.py took 0.109 seconds
[2025-07-11T00:09:18.681+0000] {processor.py:186} INFO - Started process (PID=15596) to work on /opt/airflow/dags/python_operator.py
[2025-07-11T00:09:18.683+0000] {processor.py:914} INFO - Processing file /opt/airflow/dags/python_operator.py for tasks to queue
[2025-07-11T00:09:18.687+0000] {logging_mixin.py:190} INFO - [2025-07-11T00:09:18.686+0000] {dagbag.py:588} INFO - Filling up the DagBag from /opt/airflow/dags/python_operator.py
[2025-07-11T00:09:18.699+0000] {processor.py:925} INFO - DAG(s) 'dag_with_py_operatorv01' retrieved from /opt/airflow/dags/python_operator.py
[2025-07-11T00:09:18.722+0000] {logging_mixin.py:190} INFO - [2025-07-11T00:09:18.722+0000] {dag.py:3239} INFO - Sync 1 DAGs
[2025-07-11T00:09:18.750+0000] {logging_mixin.py:190} INFO - [2025-07-11T00:09:18.749+0000] {dag.py:4180} INFO - Setting next_dagrun for dag_with_py_operatorv01 to 2025-03-02 00:00:00+00:00, run_after=2025-03-03 00:00:00+00:00
[2025-07-11T00:09:18.769+0000] {processor.py:208} INFO - Processing /opt/airflow/dags/python_operator.py took 0.099 seconds
[2025-07-11T00:09:49.476+0000] {processor.py:186} INFO - Started process (PID=15632) to work on /opt/airflow/dags/python_operator.py
[2025-07-11T00:09:49.477+0000] {processor.py:914} INFO - Processing file /opt/airflow/dags/python_operator.py for tasks to queue
[2025-07-11T00:09:49.479+0000] {logging_mixin.py:190} INFO - [2025-07-11T00:09:49.479+0000] {dagbag.py:588} INFO - Filling up the DagBag from /opt/airflow/dags/python_operator.py
[2025-07-11T00:09:49.492+0000] {processor.py:925} INFO - DAG(s) 'dag_with_py_operatorv01' retrieved from /opt/airflow/dags/python_operator.py
[2025-07-11T00:09:49.516+0000] {logging_mixin.py:190} INFO - [2025-07-11T00:09:49.515+0000] {dag.py:3239} INFO - Sync 1 DAGs
[2025-07-11T00:09:49.540+0000] {logging_mixin.py:190} INFO - [2025-07-11T00:09:49.540+0000] {dag.py:4180} INFO - Setting next_dagrun for dag_with_py_operatorv01 to 2025-03-02 00:00:00+00:00, run_after=2025-03-03 00:00:00+00:00
[2025-07-11T00:09:49.557+0000] {processor.py:208} INFO - Processing /opt/airflow/dags/python_operator.py took 0.090 seconds
[2025-07-11T00:10:20.222+0000] {processor.py:186} INFO - Started process (PID=15668) to work on /opt/airflow/dags/python_operator.py
[2025-07-11T00:10:20.223+0000] {processor.py:914} INFO - Processing file /opt/airflow/dags/python_operator.py for tasks to queue
[2025-07-11T00:10:20.225+0000] {logging_mixin.py:190} INFO - [2025-07-11T00:10:20.225+0000] {dagbag.py:588} INFO - Filling up the DagBag from /opt/airflow/dags/python_operator.py
[2025-07-11T00:10:20.237+0000] {processor.py:925} INFO - DAG(s) 'dag_with_py_operatorv01' retrieved from /opt/airflow/dags/python_operator.py
[2025-07-11T00:10:20.261+0000] {logging_mixin.py:190} INFO - [2025-07-11T00:10:20.261+0000] {dag.py:3239} INFO - Sync 1 DAGs
[2025-07-11T00:10:20.286+0000] {logging_mixin.py:190} INFO - [2025-07-11T00:10:20.285+0000] {dag.py:4180} INFO - Setting next_dagrun for dag_with_py_operatorv01 to 2025-03-02 00:00:00+00:00, run_after=2025-03-03 00:00:00+00:00
[2025-07-11T00:10:20.308+0000] {processor.py:208} INFO - Processing /opt/airflow/dags/python_operator.py took 0.094 seconds
[2025-07-11T00:10:50.893+0000] {processor.py:186} INFO - Started process (PID=15704) to work on /opt/airflow/dags/python_operator.py
[2025-07-11T00:10:50.894+0000] {processor.py:914} INFO - Processing file /opt/airflow/dags/python_operator.py for tasks to queue
[2025-07-11T00:10:50.897+0000] {logging_mixin.py:190} INFO - [2025-07-11T00:10:50.897+0000] {dagbag.py:588} INFO - Filling up the DagBag from /opt/airflow/dags/python_operator.py
[2025-07-11T00:10:50.910+0000] {processor.py:925} INFO - DAG(s) 'dag_with_py_operatorv01' retrieved from /opt/airflow/dags/python_operator.py
[2025-07-11T00:10:50.934+0000] {logging_mixin.py:190} INFO - [2025-07-11T00:10:50.934+0000] {dag.py:3239} INFO - Sync 1 DAGs
[2025-07-11T00:10:50.960+0000] {logging_mixin.py:190} INFO - [2025-07-11T00:10:50.960+0000] {dag.py:4180} INFO - Setting next_dagrun for dag_with_py_operatorv01 to 2025-03-02 00:00:00+00:00, run_after=2025-03-03 00:00:00+00:00
[2025-07-11T00:10:50.979+0000] {processor.py:208} INFO - Processing /opt/airflow/dags/python_operator.py took 0.094 seconds
[2025-07-11T00:11:21.686+0000] {processor.py:186} INFO - Started process (PID=15740) to work on /opt/airflow/dags/python_operator.py
[2025-07-11T00:11:21.687+0000] {processor.py:914} INFO - Processing file /opt/airflow/dags/python_operator.py for tasks to queue
[2025-07-11T00:11:21.690+0000] {logging_mixin.py:190} INFO - [2025-07-11T00:11:21.690+0000] {dagbag.py:588} INFO - Filling up the DagBag from /opt/airflow/dags/python_operator.py
[2025-07-11T00:11:21.703+0000] {processor.py:925} INFO - DAG(s) 'dag_with_py_operatorv01' retrieved from /opt/airflow/dags/python_operator.py
[2025-07-11T00:11:21.727+0000] {logging_mixin.py:190} INFO - [2025-07-11T00:11:21.726+0000] {dag.py:3239} INFO - Sync 1 DAGs
[2025-07-11T00:11:21.752+0000] {logging_mixin.py:190} INFO - [2025-07-11T00:11:21.752+0000] {dag.py:4180} INFO - Setting next_dagrun for dag_with_py_operatorv01 to 2025-03-02 00:00:00+00:00, run_after=2025-03-03 00:00:00+00:00
[2025-07-11T00:11:21.774+0000] {processor.py:208} INFO - Processing /opt/airflow/dags/python_operator.py took 0.096 seconds
[2025-07-11T00:11:52.463+0000] {processor.py:186} INFO - Started process (PID=15776) to work on /opt/airflow/dags/python_operator.py
[2025-07-11T00:11:52.464+0000] {processor.py:914} INFO - Processing file /opt/airflow/dags/python_operator.py for tasks to queue
[2025-07-11T00:11:52.468+0000] {logging_mixin.py:190} INFO - [2025-07-11T00:11:52.467+0000] {dagbag.py:588} INFO - Filling up the DagBag from /opt/airflow/dags/python_operator.py
[2025-07-11T00:11:52.481+0000] {processor.py:925} INFO - DAG(s) 'dag_with_py_operatorv01' retrieved from /opt/airflow/dags/python_operator.py
[2025-07-11T00:11:52.505+0000] {logging_mixin.py:190} INFO - [2025-07-11T00:11:52.505+0000] {dag.py:3239} INFO - Sync 1 DAGs
[2025-07-11T00:11:52.530+0000] {logging_mixin.py:190} INFO - [2025-07-11T00:11:52.530+0000] {dag.py:4180} INFO - Setting next_dagrun for dag_with_py_operatorv01 to 2025-03-02 00:00:00+00:00, run_after=2025-03-03 00:00:00+00:00
[2025-07-11T00:11:52.548+0000] {processor.py:208} INFO - Processing /opt/airflow/dags/python_operator.py took 0.095 seconds
[2025-07-11T00:12:23.237+0000] {processor.py:186} INFO - Started process (PID=15812) to work on /opt/airflow/dags/python_operator.py
[2025-07-11T00:12:23.238+0000] {processor.py:914} INFO - Processing file /opt/airflow/dags/python_operator.py for tasks to queue
[2025-07-11T00:12:23.241+0000] {logging_mixin.py:190} INFO - [2025-07-11T00:12:23.241+0000] {dagbag.py:588} INFO - Filling up the DagBag from /opt/airflow/dags/python_operator.py
[2025-07-11T00:12:23.253+0000] {processor.py:925} INFO - DAG(s) 'dag_with_py_operatorv01' retrieved from /opt/airflow/dags/python_operator.py
[2025-07-11T00:12:23.276+0000] {logging_mixin.py:190} INFO - [2025-07-11T00:12:23.276+0000] {dag.py:3239} INFO - Sync 1 DAGs
[2025-07-11T00:12:23.300+0000] {logging_mixin.py:190} INFO - [2025-07-11T00:12:23.300+0000] {dag.py:4180} INFO - Setting next_dagrun for dag_with_py_operatorv01 to 2025-03-02 00:00:00+00:00, run_after=2025-03-03 00:00:00+00:00
[2025-07-11T00:12:23.317+0000] {processor.py:208} INFO - Processing /opt/airflow/dags/python_operator.py took 0.087 seconds
[2025-07-11T00:12:53.917+0000] {processor.py:186} INFO - Started process (PID=15848) to work on /opt/airflow/dags/python_operator.py
[2025-07-11T00:12:53.918+0000] {processor.py:914} INFO - Processing file /opt/airflow/dags/python_operator.py for tasks to queue
[2025-07-11T00:12:53.921+0000] {logging_mixin.py:190} INFO - [2025-07-11T00:12:53.921+0000] {dagbag.py:588} INFO - Filling up the DagBag from /opt/airflow/dags/python_operator.py
[2025-07-11T00:12:53.933+0000] {processor.py:925} INFO - DAG(s) 'dag_with_py_operatorv01' retrieved from /opt/airflow/dags/python_operator.py
[2025-07-11T00:12:53.956+0000] {logging_mixin.py:190} INFO - [2025-07-11T00:12:53.956+0000] {dag.py:3239} INFO - Sync 1 DAGs
[2025-07-11T00:12:53.983+0000] {logging_mixin.py:190} INFO - [2025-07-11T00:12:53.983+0000] {dag.py:4180} INFO - Setting next_dagrun for dag_with_py_operatorv01 to 2025-03-02 00:00:00+00:00, run_after=2025-03-03 00:00:00+00:00
[2025-07-11T00:12:54.002+0000] {processor.py:208} INFO - Processing /opt/airflow/dags/python_operator.py took 0.093 seconds
[2025-07-11T00:13:24.604+0000] {processor.py:186} INFO - Started process (PID=15884) to work on /opt/airflow/dags/python_operator.py
[2025-07-11T00:13:24.605+0000] {processor.py:914} INFO - Processing file /opt/airflow/dags/python_operator.py for tasks to queue
[2025-07-11T00:13:24.610+0000] {logging_mixin.py:190} INFO - [2025-07-11T00:13:24.609+0000] {dagbag.py:588} INFO - Filling up the DagBag from /opt/airflow/dags/python_operator.py
[2025-07-11T00:13:24.626+0000] {processor.py:925} INFO - DAG(s) 'dag_with_py_operatorv01' retrieved from /opt/airflow/dags/python_operator.py
[2025-07-11T00:13:24.650+0000] {logging_mixin.py:190} INFO - [2025-07-11T00:13:24.650+0000] {dag.py:3239} INFO - Sync 1 DAGs
[2025-07-11T00:13:24.674+0000] {logging_mixin.py:190} INFO - [2025-07-11T00:13:24.674+0000] {dag.py:4180} INFO - Setting next_dagrun for dag_with_py_operatorv01 to 2025-03-02 00:00:00+00:00, run_after=2025-03-03 00:00:00+00:00
[2025-07-11T00:13:24.695+0000] {processor.py:208} INFO - Processing /opt/airflow/dags/python_operator.py took 0.103 seconds
[2025-07-11T00:13:55.428+0000] {processor.py:186} INFO - Started process (PID=15920) to work on /opt/airflow/dags/python_operator.py
[2025-07-11T00:13:55.429+0000] {processor.py:914} INFO - Processing file /opt/airflow/dags/python_operator.py for tasks to queue
[2025-07-11T00:13:55.432+0000] {logging_mixin.py:190} INFO - [2025-07-11T00:13:55.432+0000] {dagbag.py:588} INFO - Filling up the DagBag from /opt/airflow/dags/python_operator.py
[2025-07-11T00:13:55.446+0000] {processor.py:925} INFO - DAG(s) 'dag_with_py_operatorv01' retrieved from /opt/airflow/dags/python_operator.py
[2025-07-11T00:13:55.469+0000] {logging_mixin.py:190} INFO - [2025-07-11T00:13:55.468+0000] {dag.py:3239} INFO - Sync 1 DAGs
[2025-07-11T00:13:55.494+0000] {logging_mixin.py:190} INFO - [2025-07-11T00:13:55.494+0000] {dag.py:4180} INFO - Setting next_dagrun for dag_with_py_operatorv01 to 2025-03-02 00:00:00+00:00, run_after=2025-03-03 00:00:00+00:00
[2025-07-11T00:13:55.511+0000] {processor.py:208} INFO - Processing /opt/airflow/dags/python_operator.py took 0.093 seconds
[2025-07-11T00:14:26.215+0000] {processor.py:186} INFO - Started process (PID=15956) to work on /opt/airflow/dags/python_operator.py
[2025-07-11T00:14:26.216+0000] {processor.py:914} INFO - Processing file /opt/airflow/dags/python_operator.py for tasks to queue
[2025-07-11T00:14:26.219+0000] {logging_mixin.py:190} INFO - [2025-07-11T00:14:26.218+0000] {dagbag.py:588} INFO - Filling up the DagBag from /opt/airflow/dags/python_operator.py
[2025-07-11T00:14:26.231+0000] {processor.py:925} INFO - DAG(s) 'dag_with_py_operatorv01' retrieved from /opt/airflow/dags/python_operator.py
[2025-07-11T00:14:26.254+0000] {logging_mixin.py:190} INFO - [2025-07-11T00:14:26.254+0000] {dag.py:3239} INFO - Sync 1 DAGs
[2025-07-11T00:14:26.279+0000] {logging_mixin.py:190} INFO - [2025-07-11T00:14:26.279+0000] {dag.py:4180} INFO - Setting next_dagrun for dag_with_py_operatorv01 to 2025-03-02 00:00:00+00:00, run_after=2025-03-03 00:00:00+00:00
[2025-07-11T00:14:26.297+0000] {processor.py:208} INFO - Processing /opt/airflow/dags/python_operator.py took 0.090 seconds
[2025-07-11T00:14:57.006+0000] {processor.py:186} INFO - Started process (PID=15992) to work on /opt/airflow/dags/python_operator.py
[2025-07-11T00:14:57.007+0000] {processor.py:914} INFO - Processing file /opt/airflow/dags/python_operator.py for tasks to queue
[2025-07-11T00:14:57.012+0000] {logging_mixin.py:190} INFO - [2025-07-11T00:14:57.011+0000] {dagbag.py:588} INFO - Filling up the DagBag from /opt/airflow/dags/python_operator.py
[2025-07-11T00:14:57.025+0000] {processor.py:925} INFO - DAG(s) 'dag_with_py_operatorv01' retrieved from /opt/airflow/dags/python_operator.py
[2025-07-11T00:14:57.048+0000] {logging_mixin.py:190} INFO - [2025-07-11T00:14:57.048+0000] {dag.py:3239} INFO - Sync 1 DAGs
[2025-07-11T00:14:57.073+0000] {logging_mixin.py:190} INFO - [2025-07-11T00:14:57.073+0000] {dag.py:4180} INFO - Setting next_dagrun for dag_with_py_operatorv01 to 2025-03-02 00:00:00+00:00, run_after=2025-03-03 00:00:00+00:00
[2025-07-11T00:14:57.091+0000] {processor.py:208} INFO - Processing /opt/airflow/dags/python_operator.py took 0.099 seconds
[2025-07-11T00:15:27.821+0000] {processor.py:186} INFO - Started process (PID=16028) to work on /opt/airflow/dags/python_operator.py
[2025-07-11T00:15:27.822+0000] {processor.py:914} INFO - Processing file /opt/airflow/dags/python_operator.py for tasks to queue
[2025-07-11T00:15:27.827+0000] {logging_mixin.py:190} INFO - [2025-07-11T00:15:27.826+0000] {dagbag.py:588} INFO - Filling up the DagBag from /opt/airflow/dags/python_operator.py
[2025-07-11T00:15:27.840+0000] {processor.py:925} INFO - DAG(s) 'dag_with_py_operatorv01' retrieved from /opt/airflow/dags/python_operator.py
[2025-07-11T00:15:27.863+0000] {logging_mixin.py:190} INFO - [2025-07-11T00:15:27.863+0000] {dag.py:3239} INFO - Sync 1 DAGs
[2025-07-11T00:15:27.890+0000] {logging_mixin.py:190} INFO - [2025-07-11T00:15:27.890+0000] {dag.py:4180} INFO - Setting next_dagrun for dag_with_py_operatorv01 to 2025-03-02 00:00:00+00:00, run_after=2025-03-03 00:00:00+00:00
[2025-07-11T00:15:27.912+0000] {processor.py:208} INFO - Processing /opt/airflow/dags/python_operator.py took 0.105 seconds
[2025-07-11T00:15:58.594+0000] {processor.py:186} INFO - Started process (PID=16064) to work on /opt/airflow/dags/python_operator.py
[2025-07-11T00:15:58.595+0000] {processor.py:914} INFO - Processing file /opt/airflow/dags/python_operator.py for tasks to queue
[2025-07-11T00:15:58.598+0000] {logging_mixin.py:190} INFO - [2025-07-11T00:15:58.598+0000] {dagbag.py:588} INFO - Filling up the DagBag from /opt/airflow/dags/python_operator.py
[2025-07-11T00:15:58.610+0000] {processor.py:925} INFO - DAG(s) 'dag_with_py_operatorv01' retrieved from /opt/airflow/dags/python_operator.py
[2025-07-11T00:15:58.635+0000] {logging_mixin.py:190} INFO - [2025-07-11T00:15:58.634+0000] {dag.py:3239} INFO - Sync 1 DAGs
[2025-07-11T00:15:58.660+0000] {logging_mixin.py:190} INFO - [2025-07-11T00:15:58.659+0000] {dag.py:4180} INFO - Setting next_dagrun for dag_with_py_operatorv01 to 2025-03-02 00:00:00+00:00, run_after=2025-03-03 00:00:00+00:00
[2025-07-11T00:15:58.677+0000] {processor.py:208} INFO - Processing /opt/airflow/dags/python_operator.py took 0.090 seconds
[2025-07-11T00:16:29.388+0000] {processor.py:186} INFO - Started process (PID=16100) to work on /opt/airflow/dags/python_operator.py
[2025-07-11T00:16:29.389+0000] {processor.py:914} INFO - Processing file /opt/airflow/dags/python_operator.py for tasks to queue
[2025-07-11T00:16:29.392+0000] {logging_mixin.py:190} INFO - [2025-07-11T00:16:29.392+0000] {dagbag.py:588} INFO - Filling up the DagBag from /opt/airflow/dags/python_operator.py
[2025-07-11T00:16:29.404+0000] {processor.py:925} INFO - DAG(s) 'dag_with_py_operatorv01' retrieved from /opt/airflow/dags/python_operator.py
[2025-07-11T00:16:29.428+0000] {logging_mixin.py:190} INFO - [2025-07-11T00:16:29.427+0000] {dag.py:3239} INFO - Sync 1 DAGs
[2025-07-11T00:16:29.452+0000] {logging_mixin.py:190} INFO - [2025-07-11T00:16:29.452+0000] {dag.py:4180} INFO - Setting next_dagrun for dag_with_py_operatorv01 to 2025-03-02 00:00:00+00:00, run_after=2025-03-03 00:00:00+00:00
[2025-07-11T00:16:29.472+0000] {processor.py:208} INFO - Processing /opt/airflow/dags/python_operator.py took 0.092 seconds
[2025-07-11T00:17:00.122+0000] {processor.py:186} INFO - Started process (PID=16136) to work on /opt/airflow/dags/python_operator.py
[2025-07-11T00:17:00.123+0000] {processor.py:914} INFO - Processing file /opt/airflow/dags/python_operator.py for tasks to queue
[2025-07-11T00:17:00.126+0000] {logging_mixin.py:190} INFO - [2025-07-11T00:17:00.125+0000] {dagbag.py:588} INFO - Filling up the DagBag from /opt/airflow/dags/python_operator.py
[2025-07-11T00:17:00.138+0000] {processor.py:925} INFO - DAG(s) 'dag_with_py_operatorv01' retrieved from /opt/airflow/dags/python_operator.py
[2025-07-11T00:17:00.162+0000] {logging_mixin.py:190} INFO - [2025-07-11T00:17:00.162+0000] {dag.py:3239} INFO - Sync 1 DAGs
[2025-07-11T00:17:00.190+0000] {logging_mixin.py:190} INFO - [2025-07-11T00:17:00.190+0000] {dag.py:4180} INFO - Setting next_dagrun for dag_with_py_operatorv01 to 2025-03-02 00:00:00+00:00, run_after=2025-03-03 00:00:00+00:00
[2025-07-11T00:17:00.208+0000] {processor.py:208} INFO - Processing /opt/airflow/dags/python_operator.py took 0.100 seconds
[2025-07-11T00:17:30.872+0000] {processor.py:186} INFO - Started process (PID=16172) to work on /opt/airflow/dags/python_operator.py
[2025-07-11T00:17:30.873+0000] {processor.py:914} INFO - Processing file /opt/airflow/dags/python_operator.py for tasks to queue
[2025-07-11T00:17:30.876+0000] {logging_mixin.py:190} INFO - [2025-07-11T00:17:30.875+0000] {dagbag.py:588} INFO - Filling up the DagBag from /opt/airflow/dags/python_operator.py
[2025-07-11T00:17:30.888+0000] {processor.py:925} INFO - DAG(s) 'dag_with_py_operatorv01' retrieved from /opt/airflow/dags/python_operator.py
[2025-07-11T00:17:30.912+0000] {logging_mixin.py:190} INFO - [2025-07-11T00:17:30.911+0000] {dag.py:3239} INFO - Sync 1 DAGs
[2025-07-11T00:17:30.937+0000] {logging_mixin.py:190} INFO - [2025-07-11T00:17:30.937+0000] {dag.py:4180} INFO - Setting next_dagrun for dag_with_py_operatorv01 to 2025-03-02 00:00:00+00:00, run_after=2025-03-03 00:00:00+00:00
[2025-07-11T00:17:30.960+0000] {processor.py:208} INFO - Processing /opt/airflow/dags/python_operator.py took 0.097 seconds
[2025-07-11T00:18:01.525+0000] {processor.py:186} INFO - Started process (PID=16208) to work on /opt/airflow/dags/python_operator.py
[2025-07-11T00:18:01.526+0000] {processor.py:914} INFO - Processing file /opt/airflow/dags/python_operator.py for tasks to queue
[2025-07-11T00:18:01.530+0000] {logging_mixin.py:190} INFO - [2025-07-11T00:18:01.529+0000] {dagbag.py:588} INFO - Filling up the DagBag from /opt/airflow/dags/python_operator.py
[2025-07-11T00:18:01.542+0000] {processor.py:925} INFO - DAG(s) 'dag_with_py_operatorv01' retrieved from /opt/airflow/dags/python_operator.py
[2025-07-11T00:18:01.568+0000] {logging_mixin.py:190} INFO - [2025-07-11T00:18:01.567+0000] {dag.py:3239} INFO - Sync 1 DAGs
[2025-07-11T00:18:01.598+0000] {logging_mixin.py:190} INFO - [2025-07-11T00:18:01.597+0000] {dag.py:4180} INFO - Setting next_dagrun for dag_with_py_operatorv01 to 2025-03-02 00:00:00+00:00, run_after=2025-03-03 00:00:00+00:00
[2025-07-11T00:18:01.619+0000] {processor.py:208} INFO - Processing /opt/airflow/dags/python_operator.py took 0.102 seconds
[2025-07-11T00:18:32.199+0000] {processor.py:186} INFO - Started process (PID=16244) to work on /opt/airflow/dags/python_operator.py
[2025-07-11T00:18:32.200+0000] {processor.py:914} INFO - Processing file /opt/airflow/dags/python_operator.py for tasks to queue
[2025-07-11T00:18:32.203+0000] {logging_mixin.py:190} INFO - [2025-07-11T00:18:32.203+0000] {dagbag.py:588} INFO - Filling up the DagBag from /opt/airflow/dags/python_operator.py
[2025-07-11T00:18:32.215+0000] {processor.py:925} INFO - DAG(s) 'dag_with_py_operatorv01' retrieved from /opt/airflow/dags/python_operator.py
[2025-07-11T00:18:32.239+0000] {logging_mixin.py:190} INFO - [2025-07-11T00:18:32.239+0000] {dag.py:3239} INFO - Sync 1 DAGs
[2025-07-11T00:18:32.265+0000] {logging_mixin.py:190} INFO - [2025-07-11T00:18:32.265+0000] {dag.py:4180} INFO - Setting next_dagrun for dag_with_py_operatorv01 to 2025-03-02 00:00:00+00:00, run_after=2025-03-03 00:00:00+00:00
[2025-07-11T00:18:32.283+0000] {processor.py:208} INFO - Processing /opt/airflow/dags/python_operator.py took 0.092 seconds
[2025-07-11T00:19:02.965+0000] {processor.py:186} INFO - Started process (PID=16286) to work on /opt/airflow/dags/python_operator.py
[2025-07-11T00:19:02.966+0000] {processor.py:914} INFO - Processing file /opt/airflow/dags/python_operator.py for tasks to queue
[2025-07-11T00:19:02.969+0000] {logging_mixin.py:190} INFO - [2025-07-11T00:19:02.969+0000] {dagbag.py:588} INFO - Filling up the DagBag from /opt/airflow/dags/python_operator.py
[2025-07-11T00:19:02.982+0000] {processor.py:925} INFO - DAG(s) 'dag_with_py_operatorv01' retrieved from /opt/airflow/dags/python_operator.py
[2025-07-11T00:19:03.007+0000] {logging_mixin.py:190} INFO - [2025-07-11T00:19:03.007+0000] {dag.py:3239} INFO - Sync 1 DAGs
[2025-07-11T00:19:03.039+0000] {logging_mixin.py:190} INFO - [2025-07-11T00:19:03.039+0000] {dag.py:4180} INFO - Setting next_dagrun for dag_with_py_operatorv01 to 2025-03-02 00:00:00+00:00, run_after=2025-03-03 00:00:00+00:00
[2025-07-11T00:19:03.058+0000] {processor.py:208} INFO - Processing /opt/airflow/dags/python_operator.py took 0.103 seconds
[2025-07-11T00:19:33.657+0000] {processor.py:186} INFO - Started process (PID=16323) to work on /opt/airflow/dags/python_operator.py
[2025-07-11T00:19:33.658+0000] {processor.py:914} INFO - Processing file /opt/airflow/dags/python_operator.py for tasks to queue
[2025-07-11T00:19:33.664+0000] {logging_mixin.py:190} INFO - [2025-07-11T00:19:33.663+0000] {dagbag.py:588} INFO - Filling up the DagBag from /opt/airflow/dags/python_operator.py
[2025-07-11T00:19:33.684+0000] {processor.py:925} INFO - DAG(s) 'dag_with_py_operatorv01' retrieved from /opt/airflow/dags/python_operator.py
[2025-07-11T00:19:33.714+0000] {logging_mixin.py:190} INFO - [2025-07-11T00:19:33.713+0000] {dag.py:3239} INFO - Sync 1 DAGs
[2025-07-11T00:19:33.745+0000] {logging_mixin.py:190} INFO - [2025-07-11T00:19:33.745+0000] {dag.py:4180} INFO - Setting next_dagrun for dag_with_py_operatorv01 to 2025-03-02 00:00:00+00:00, run_after=2025-03-03 00:00:00+00:00
[2025-07-11T00:19:33.773+0000] {processor.py:208} INFO - Processing /opt/airflow/dags/python_operator.py took 0.127 seconds
[2025-07-11T00:20:04.356+0000] {processor.py:186} INFO - Started process (PID=16359) to work on /opt/airflow/dags/python_operator.py
[2025-07-11T00:20:04.357+0000] {processor.py:914} INFO - Processing file /opt/airflow/dags/python_operator.py for tasks to queue
[2025-07-11T00:20:04.360+0000] {logging_mixin.py:190} INFO - [2025-07-11T00:20:04.360+0000] {dagbag.py:588} INFO - Filling up the DagBag from /opt/airflow/dags/python_operator.py
[2025-07-11T00:20:04.375+0000] {processor.py:925} INFO - DAG(s) 'dag_with_py_operatorv01' retrieved from /opt/airflow/dags/python_operator.py
[2025-07-11T00:20:04.400+0000] {logging_mixin.py:190} INFO - [2025-07-11T00:20:04.400+0000] {dag.py:3239} INFO - Sync 1 DAGs
[2025-07-11T00:20:04.428+0000] {logging_mixin.py:190} INFO - [2025-07-11T00:20:04.427+0000] {dag.py:4180} INFO - Setting next_dagrun for dag_with_py_operatorv01 to 2025-03-02 00:00:00+00:00, run_after=2025-03-03 00:00:00+00:00
[2025-07-11T00:20:04.444+0000] {processor.py:208} INFO - Processing /opt/airflow/dags/python_operator.py took 0.097 seconds
[2025-07-11T00:20:35.167+0000] {processor.py:186} INFO - Started process (PID=16395) to work on /opt/airflow/dags/python_operator.py
[2025-07-11T00:20:35.168+0000] {processor.py:914} INFO - Processing file /opt/airflow/dags/python_operator.py for tasks to queue
[2025-07-11T00:20:35.171+0000] {logging_mixin.py:190} INFO - [2025-07-11T00:20:35.171+0000] {dagbag.py:588} INFO - Filling up the DagBag from /opt/airflow/dags/python_operator.py
[2025-07-11T00:20:35.183+0000] {processor.py:925} INFO - DAG(s) 'dag_with_py_operatorv01' retrieved from /opt/airflow/dags/python_operator.py
[2025-07-11T00:20:35.207+0000] {logging_mixin.py:190} INFO - [2025-07-11T00:20:35.206+0000] {dag.py:3239} INFO - Sync 1 DAGs
[2025-07-11T00:20:35.231+0000] {logging_mixin.py:190} INFO - [2025-07-11T00:20:35.231+0000] {dag.py:4180} INFO - Setting next_dagrun for dag_with_py_operatorv01 to 2025-03-02 00:00:00+00:00, run_after=2025-03-03 00:00:00+00:00
[2025-07-11T00:20:35.249+0000] {processor.py:208} INFO - Processing /opt/airflow/dags/python_operator.py took 0.090 seconds
[2025-07-11T00:21:05.917+0000] {processor.py:186} INFO - Started process (PID=16431) to work on /opt/airflow/dags/python_operator.py
[2025-07-11T00:21:05.918+0000] {processor.py:914} INFO - Processing file /opt/airflow/dags/python_operator.py for tasks to queue
[2025-07-11T00:21:05.922+0000] {logging_mixin.py:190} INFO - [2025-07-11T00:21:05.922+0000] {dagbag.py:588} INFO - Filling up the DagBag from /opt/airflow/dags/python_operator.py
[2025-07-11T00:21:05.934+0000] {processor.py:925} INFO - DAG(s) 'dag_with_py_operatorv01' retrieved from /opt/airflow/dags/python_operator.py
[2025-07-11T00:21:05.957+0000] {logging_mixin.py:190} INFO - [2025-07-11T00:21:05.957+0000] {dag.py:3239} INFO - Sync 1 DAGs
[2025-07-11T00:21:05.983+0000] {logging_mixin.py:190} INFO - [2025-07-11T00:21:05.983+0000] {dag.py:4180} INFO - Setting next_dagrun for dag_with_py_operatorv01 to 2025-03-02 00:00:00+00:00, run_after=2025-03-03 00:00:00+00:00
[2025-07-11T00:21:06.008+0000] {processor.py:208} INFO - Processing /opt/airflow/dags/python_operator.py took 0.101 seconds
[2025-07-11T00:21:36.647+0000] {processor.py:186} INFO - Started process (PID=16467) to work on /opt/airflow/dags/python_operator.py
[2025-07-11T00:21:36.648+0000] {processor.py:914} INFO - Processing file /opt/airflow/dags/python_operator.py for tasks to queue
[2025-07-11T00:21:36.652+0000] {logging_mixin.py:190} INFO - [2025-07-11T00:21:36.652+0000] {dagbag.py:588} INFO - Filling up the DagBag from /opt/airflow/dags/python_operator.py
[2025-07-11T00:21:36.668+0000] {processor.py:925} INFO - DAG(s) 'dag_with_py_operatorv01' retrieved from /opt/airflow/dags/python_operator.py
[2025-07-11T00:21:36.696+0000] {logging_mixin.py:190} INFO - [2025-07-11T00:21:36.696+0000] {dag.py:3239} INFO - Sync 1 DAGs
[2025-07-11T00:21:36.741+0000] {logging_mixin.py:190} INFO - [2025-07-11T00:21:36.741+0000] {dag.py:4180} INFO - Setting next_dagrun for dag_with_py_operatorv01 to 2025-03-02 00:00:00+00:00, run_after=2025-03-03 00:00:00+00:00
[2025-07-11T00:21:36.769+0000] {processor.py:208} INFO - Processing /opt/airflow/dags/python_operator.py took 0.130 seconds
[2025-07-11T00:22:07.346+0000] {processor.py:186} INFO - Started process (PID=16503) to work on /opt/airflow/dags/python_operator.py
[2025-07-11T00:22:07.346+0000] {processor.py:914} INFO - Processing file /opt/airflow/dags/python_operator.py for tasks to queue
[2025-07-11T00:22:07.350+0000] {logging_mixin.py:190} INFO - [2025-07-11T00:22:07.350+0000] {dagbag.py:588} INFO - Filling up the DagBag from /opt/airflow/dags/python_operator.py
[2025-07-11T00:22:07.365+0000] {processor.py:925} INFO - DAG(s) 'dag_with_py_operatorv01' retrieved from /opt/airflow/dags/python_operator.py
[2025-07-11T00:22:07.401+0000] {logging_mixin.py:190} INFO - [2025-07-11T00:22:07.400+0000] {dag.py:3239} INFO - Sync 1 DAGs
[2025-07-11T00:22:07.431+0000] {logging_mixin.py:190} INFO - [2025-07-11T00:22:07.430+0000] {dag.py:4180} INFO - Setting next_dagrun for dag_with_py_operatorv01 to 2025-03-02 00:00:00+00:00, run_after=2025-03-03 00:00:00+00:00
[2025-07-11T00:22:07.451+0000] {processor.py:208} INFO - Processing /opt/airflow/dags/python_operator.py took 0.114 seconds
[2025-07-11T00:22:38.165+0000] {processor.py:186} INFO - Started process (PID=16539) to work on /opt/airflow/dags/python_operator.py
[2025-07-11T00:22:38.166+0000] {processor.py:914} INFO - Processing file /opt/airflow/dags/python_operator.py for tasks to queue
[2025-07-11T00:22:38.171+0000] {logging_mixin.py:190} INFO - [2025-07-11T00:22:38.171+0000] {dagbag.py:588} INFO - Filling up the DagBag from /opt/airflow/dags/python_operator.py
[2025-07-11T00:22:38.190+0000] {processor.py:925} INFO - DAG(s) 'dag_with_py_operatorv01' retrieved from /opt/airflow/dags/python_operator.py
[2025-07-11T00:22:38.215+0000] {logging_mixin.py:190} INFO - [2025-07-11T00:22:38.215+0000] {dag.py:3239} INFO - Sync 1 DAGs
[2025-07-11T00:22:38.242+0000] {logging_mixin.py:190} INFO - [2025-07-11T00:22:38.241+0000] {dag.py:4180} INFO - Setting next_dagrun for dag_with_py_operatorv01 to 2025-03-02 00:00:00+00:00, run_after=2025-03-03 00:00:00+00:00
[2025-07-11T00:22:38.265+0000] {processor.py:208} INFO - Processing /opt/airflow/dags/python_operator.py took 0.112 seconds
[2025-07-11T00:23:08.838+0000] {processor.py:186} INFO - Started process (PID=16576) to work on /opt/airflow/dags/python_operator.py
[2025-07-11T00:23:08.838+0000] {processor.py:914} INFO - Processing file /opt/airflow/dags/python_operator.py for tasks to queue
[2025-07-11T00:23:08.842+0000] {logging_mixin.py:190} INFO - [2025-07-11T00:23:08.841+0000] {dagbag.py:588} INFO - Filling up the DagBag from /opt/airflow/dags/python_operator.py
[2025-07-11T00:23:08.854+0000] {processor.py:925} INFO - DAG(s) 'dag_with_py_operatorv01' retrieved from /opt/airflow/dags/python_operator.py
[2025-07-11T00:23:08.878+0000] {logging_mixin.py:190} INFO - [2025-07-11T00:23:08.878+0000] {dag.py:3239} INFO - Sync 1 DAGs
[2025-07-11T00:23:08.907+0000] {logging_mixin.py:190} INFO - [2025-07-11T00:23:08.907+0000] {dag.py:4180} INFO - Setting next_dagrun for dag_with_py_operatorv01 to 2025-03-02 00:00:00+00:00, run_after=2025-03-03 00:00:00+00:00
[2025-07-11T00:23:08.929+0000] {processor.py:208} INFO - Processing /opt/airflow/dags/python_operator.py took 0.100 seconds
[2025-07-11T00:23:39.591+0000] {processor.py:186} INFO - Started process (PID=16612) to work on /opt/airflow/dags/python_operator.py
[2025-07-11T00:23:39.592+0000] {processor.py:914} INFO - Processing file /opt/airflow/dags/python_operator.py for tasks to queue
[2025-07-11T00:23:39.596+0000] {logging_mixin.py:190} INFO - [2025-07-11T00:23:39.596+0000] {dagbag.py:588} INFO - Filling up the DagBag from /opt/airflow/dags/python_operator.py
[2025-07-11T00:23:39.610+0000] {processor.py:925} INFO - DAG(s) 'dag_with_py_operatorv01' retrieved from /opt/airflow/dags/python_operator.py
[2025-07-11T00:23:39.641+0000] {logging_mixin.py:190} INFO - [2025-07-11T00:23:39.640+0000] {dag.py:3239} INFO - Sync 1 DAGs
[2025-07-11T00:23:39.670+0000] {logging_mixin.py:190} INFO - [2025-07-11T00:23:39.670+0000] {dag.py:4180} INFO - Setting next_dagrun for dag_with_py_operatorv01 to 2025-03-02 00:00:00+00:00, run_after=2025-03-03 00:00:00+00:00
[2025-07-11T00:23:39.688+0000] {processor.py:208} INFO - Processing /opt/airflow/dags/python_operator.py took 0.109 seconds
[2025-07-11T00:24:10.206+0000] {processor.py:186} INFO - Started process (PID=16648) to work on /opt/airflow/dags/python_operator.py
[2025-07-11T00:24:10.207+0000] {processor.py:914} INFO - Processing file /opt/airflow/dags/python_operator.py for tasks to queue
[2025-07-11T00:24:10.212+0000] {logging_mixin.py:190} INFO - [2025-07-11T00:24:10.211+0000] {dagbag.py:588} INFO - Filling up the DagBag from /opt/airflow/dags/python_operator.py
[2025-07-11T00:24:10.226+0000] {processor.py:925} INFO - DAG(s) 'dag_with_py_operatorv01' retrieved from /opt/airflow/dags/python_operator.py
[2025-07-11T00:24:10.252+0000] {logging_mixin.py:190} INFO - [2025-07-11T00:24:10.251+0000] {dag.py:3239} INFO - Sync 1 DAGs
[2025-07-11T00:24:10.280+0000] {logging_mixin.py:190} INFO - [2025-07-11T00:24:10.280+0000] {dag.py:4180} INFO - Setting next_dagrun for dag_with_py_operatorv01 to 2025-03-02 00:00:00+00:00, run_after=2025-03-03 00:00:00+00:00
[2025-07-11T00:24:10.302+0000] {processor.py:208} INFO - Processing /opt/airflow/dags/python_operator.py took 0.109 seconds
[2025-07-11T00:24:40.898+0000] {processor.py:186} INFO - Started process (PID=16684) to work on /opt/airflow/dags/python_operator.py
[2025-07-11T00:24:40.899+0000] {processor.py:914} INFO - Processing file /opt/airflow/dags/python_operator.py for tasks to queue
[2025-07-11T00:24:40.902+0000] {logging_mixin.py:190} INFO - [2025-07-11T00:24:40.902+0000] {dagbag.py:588} INFO - Filling up the DagBag from /opt/airflow/dags/python_operator.py
[2025-07-11T00:24:40.917+0000] {processor.py:925} INFO - DAG(s) 'dag_with_py_operatorv01' retrieved from /opt/airflow/dags/python_operator.py
[2025-07-11T00:24:40.950+0000] {logging_mixin.py:190} INFO - [2025-07-11T00:24:40.949+0000] {dag.py:3239} INFO - Sync 1 DAGs
[2025-07-11T00:24:40.979+0000] {logging_mixin.py:190} INFO - [2025-07-11T00:24:40.978+0000] {dag.py:4180} INFO - Setting next_dagrun for dag_with_py_operatorv01 to 2025-03-02 00:00:00+00:00, run_after=2025-03-03 00:00:00+00:00
[2025-07-11T00:24:40.998+0000] {processor.py:208} INFO - Processing /opt/airflow/dags/python_operator.py took 0.109 seconds
[2025-07-11T00:25:11.698+0000] {processor.py:186} INFO - Started process (PID=16720) to work on /opt/airflow/dags/python_operator.py
[2025-07-11T00:25:11.699+0000] {processor.py:914} INFO - Processing file /opt/airflow/dags/python_operator.py for tasks to queue
[2025-07-11T00:25:11.702+0000] {logging_mixin.py:190} INFO - [2025-07-11T00:25:11.702+0000] {dagbag.py:588} INFO - Filling up the DagBag from /opt/airflow/dags/python_operator.py
[2025-07-11T00:25:11.715+0000] {processor.py:925} INFO - DAG(s) 'dag_with_py_operatorv01' retrieved from /opt/airflow/dags/python_operator.py
[2025-07-11T00:25:11.740+0000] {logging_mixin.py:190} INFO - [2025-07-11T00:25:11.739+0000] {dag.py:3239} INFO - Sync 1 DAGs
[2025-07-11T00:25:11.772+0000] {logging_mixin.py:190} INFO - [2025-07-11T00:25:11.771+0000] {dag.py:4180} INFO - Setting next_dagrun for dag_with_py_operatorv01 to 2025-03-02 00:00:00+00:00, run_after=2025-03-03 00:00:00+00:00
[2025-07-11T00:25:11.791+0000] {processor.py:208} INFO - Processing /opt/airflow/dags/python_operator.py took 0.101 seconds
[2025-07-11T00:25:42.506+0000] {processor.py:186} INFO - Started process (PID=16756) to work on /opt/airflow/dags/python_operator.py
[2025-07-11T00:25:42.507+0000] {processor.py:914} INFO - Processing file /opt/airflow/dags/python_operator.py for tasks to queue
[2025-07-11T00:25:42.510+0000] {logging_mixin.py:190} INFO - [2025-07-11T00:25:42.509+0000] {dagbag.py:588} INFO - Filling up the DagBag from /opt/airflow/dags/python_operator.py
[2025-07-11T00:25:42.522+0000] {processor.py:925} INFO - DAG(s) 'dag_with_py_operatorv01' retrieved from /opt/airflow/dags/python_operator.py
[2025-07-11T00:25:42.546+0000] {logging_mixin.py:190} INFO - [2025-07-11T00:25:42.546+0000] {dag.py:3239} INFO - Sync 1 DAGs
[2025-07-11T00:25:42.571+0000] {logging_mixin.py:190} INFO - [2025-07-11T00:25:42.571+0000] {dag.py:4180} INFO - Setting next_dagrun for dag_with_py_operatorv01 to 2025-03-02 00:00:00+00:00, run_after=2025-03-03 00:00:00+00:00
[2025-07-11T00:25:42.591+0000] {processor.py:208} INFO - Processing /opt/airflow/dags/python_operator.py took 0.094 seconds
[2025-07-11T00:26:13.305+0000] {processor.py:186} INFO - Started process (PID=16792) to work on /opt/airflow/dags/python_operator.py
[2025-07-11T00:26:13.306+0000] {processor.py:914} INFO - Processing file /opt/airflow/dags/python_operator.py for tasks to queue
[2025-07-11T00:26:13.309+0000] {logging_mixin.py:190} INFO - [2025-07-11T00:26:13.309+0000] {dagbag.py:588} INFO - Filling up the DagBag from /opt/airflow/dags/python_operator.py
[2025-07-11T00:26:13.324+0000] {processor.py:925} INFO - DAG(s) 'dag_with_py_operatorv01' retrieved from /opt/airflow/dags/python_operator.py
[2025-07-11T00:26:13.349+0000] {logging_mixin.py:190} INFO - [2025-07-11T00:26:13.349+0000] {dag.py:3239} INFO - Sync 1 DAGs
[2025-07-11T00:26:13.380+0000] {logging_mixin.py:190} INFO - [2025-07-11T00:26:13.379+0000] {dag.py:4180} INFO - Setting next_dagrun for dag_with_py_operatorv01 to 2025-03-02 00:00:00+00:00, run_after=2025-03-03 00:00:00+00:00
[2025-07-11T00:26:13.400+0000] {processor.py:208} INFO - Processing /opt/airflow/dags/python_operator.py took 0.104 seconds
[2025-07-11T00:26:44.003+0000] {processor.py:186} INFO - Started process (PID=16828) to work on /opt/airflow/dags/python_operator.py
[2025-07-11T00:26:44.004+0000] {processor.py:914} INFO - Processing file /opt/airflow/dags/python_operator.py for tasks to queue
[2025-07-11T00:26:44.009+0000] {logging_mixin.py:190} INFO - [2025-07-11T00:26:44.008+0000] {dagbag.py:588} INFO - Filling up the DagBag from /opt/airflow/dags/python_operator.py
[2025-07-11T00:26:44.027+0000] {processor.py:925} INFO - DAG(s) 'dag_with_py_operatorv01' retrieved from /opt/airflow/dags/python_operator.py
[2025-07-11T00:26:44.051+0000] {logging_mixin.py:190} INFO - [2025-07-11T00:26:44.051+0000] {dag.py:3239} INFO - Sync 1 DAGs
[2025-07-11T00:26:44.079+0000] {logging_mixin.py:190} INFO - [2025-07-11T00:26:44.079+0000] {dag.py:4180} INFO - Setting next_dagrun for dag_with_py_operatorv01 to 2025-03-02 00:00:00+00:00, run_after=2025-03-03 00:00:00+00:00
[2025-07-11T00:26:44.103+0000] {processor.py:208} INFO - Processing /opt/airflow/dags/python_operator.py took 0.109 seconds
[2025-07-11T00:27:14.810+0000] {processor.py:186} INFO - Started process (PID=16864) to work on /opt/airflow/dags/python_operator.py
[2025-07-11T00:27:14.811+0000] {processor.py:914} INFO - Processing file /opt/airflow/dags/python_operator.py for tasks to queue
[2025-07-11T00:27:14.814+0000] {logging_mixin.py:190} INFO - [2025-07-11T00:27:14.814+0000] {dagbag.py:588} INFO - Filling up the DagBag from /opt/airflow/dags/python_operator.py
[2025-07-11T00:27:14.827+0000] {processor.py:925} INFO - DAG(s) 'dag_with_py_operatorv01' retrieved from /opt/airflow/dags/python_operator.py
[2025-07-11T00:27:14.854+0000] {logging_mixin.py:190} INFO - [2025-07-11T00:27:14.854+0000] {dag.py:3239} INFO - Sync 1 DAGs
[2025-07-11T00:27:14.890+0000] {logging_mixin.py:190} INFO - [2025-07-11T00:27:14.890+0000] {dag.py:4180} INFO - Setting next_dagrun for dag_with_py_operatorv01 to 2025-03-02 00:00:00+00:00, run_after=2025-03-03 00:00:00+00:00
[2025-07-11T00:27:14.915+0000] {processor.py:208} INFO - Processing /opt/airflow/dags/python_operator.py took 0.114 seconds
