[2025-07-11T00:00:05.010+0000] {processor.py:186} INFO - Started process (PID=14652) to work on /opt/airflow/dags/SQL_Server.py
[2025-07-11T00:00:05.011+0000] {processor.py:914} INFO - Processing file /opt/airflow/dags/SQL_Server.py for tasks to queue
[2025-07-11T00:00:05.014+0000] {logging_mixin.py:190} INFO - [2025-07-11T00:00:05.013+0000] {dagbag.py:588} INFO - Filling up the DagBag from /opt/airflow/dags/SQL_Server.py
[2025-07-11T00:00:05.022+0000] {processor.py:925} INFO - DAG(s) 'test_local_sql_server' retrieved from /opt/airflow/dags/SQL_Server.py
[2025-07-11T00:00:05.053+0000] {logging_mixin.py:190} INFO - [2025-07-11T00:00:05.053+0000] {dag.py:3239} INFO - Sync 1 DAGs
[2025-07-11T00:00:05.073+0000] {logging_mixin.py:190} INFO - [2025-07-11T00:00:05.073+0000] {dag.py:4180} INFO - Setting next_dagrun for test_local_sql_server to None, run_after=None
[2025-07-11T00:00:05.096+0000] {processor.py:208} INFO - Processing /opt/airflow/dags/SQL_Server.py took 0.100 seconds
[2025-07-11T00:00:35.827+0000] {processor.py:186} INFO - Started process (PID=14981) to work on /opt/airflow/dags/SQL_Server.py
[2025-07-11T00:00:35.828+0000] {processor.py:914} INFO - Processing file /opt/airflow/dags/SQL_Server.py for tasks to queue
[2025-07-11T00:00:35.832+0000] {logging_mixin.py:190} INFO - [2025-07-11T00:00:35.831+0000] {dagbag.py:588} INFO - Filling up the DagBag from /opt/airflow/dags/SQL_Server.py
[2025-07-11T00:00:35.839+0000] {processor.py:925} INFO - DAG(s) 'test_local_sql_server' retrieved from /opt/airflow/dags/SQL_Server.py
[2025-07-11T00:00:35.863+0000] {logging_mixin.py:190} INFO - [2025-07-11T00:00:35.863+0000] {dag.py:3239} INFO - Sync 1 DAGs
[2025-07-11T00:00:35.878+0000] {logging_mixin.py:190} INFO - [2025-07-11T00:00:35.878+0000] {dag.py:4180} INFO - Setting next_dagrun for test_local_sql_server to None, run_after=None
[2025-07-11T00:00:35.895+0000] {processor.py:208} INFO - Processing /opt/airflow/dags/SQL_Server.py took 0.076 seconds
[2025-07-11T00:01:06.602+0000] {processor.py:186} INFO - Started process (PID=15017) to work on /opt/airflow/dags/SQL_Server.py
[2025-07-11T00:01:06.603+0000] {processor.py:914} INFO - Processing file /opt/airflow/dags/SQL_Server.py for tasks to queue
[2025-07-11T00:01:06.608+0000] {logging_mixin.py:190} INFO - [2025-07-11T00:01:06.608+0000] {dagbag.py:588} INFO - Filling up the DagBag from /opt/airflow/dags/SQL_Server.py
[2025-07-11T00:01:06.620+0000] {processor.py:925} INFO - DAG(s) 'test_local_sql_server' retrieved from /opt/airflow/dags/SQL_Server.py
[2025-07-11T00:01:06.643+0000] {logging_mixin.py:190} INFO - [2025-07-11T00:01:06.643+0000] {dag.py:3239} INFO - Sync 1 DAGs
[2025-07-11T00:01:06.659+0000] {logging_mixin.py:190} INFO - [2025-07-11T00:01:06.659+0000] {dag.py:4180} INFO - Setting next_dagrun for test_local_sql_server to None, run_after=None
[2025-07-11T00:01:06.676+0000] {processor.py:208} INFO - Processing /opt/airflow/dags/SQL_Server.py took 0.087 seconds
[2025-07-11T00:01:37.398+0000] {processor.py:186} INFO - Started process (PID=15053) to work on /opt/airflow/dags/SQL_Server.py
[2025-07-11T00:01:37.399+0000] {processor.py:914} INFO - Processing file /opt/airflow/dags/SQL_Server.py for tasks to queue
[2025-07-11T00:01:37.402+0000] {logging_mixin.py:190} INFO - [2025-07-11T00:01:37.402+0000] {dagbag.py:588} INFO - Filling up the DagBag from /opt/airflow/dags/SQL_Server.py
[2025-07-11T00:01:37.411+0000] {processor.py:925} INFO - DAG(s) 'test_local_sql_server' retrieved from /opt/airflow/dags/SQL_Server.py
[2025-07-11T00:01:37.437+0000] {logging_mixin.py:190} INFO - [2025-07-11T00:01:37.436+0000] {dag.py:3239} INFO - Sync 1 DAGs
[2025-07-11T00:01:37.452+0000] {logging_mixin.py:190} INFO - [2025-07-11T00:01:37.452+0000] {dag.py:4180} INFO - Setting next_dagrun for test_local_sql_server to None, run_after=None
[2025-07-11T00:01:37.469+0000] {processor.py:208} INFO - Processing /opt/airflow/dags/SQL_Server.py took 0.080 seconds
[2025-07-11T00:02:08.120+0000] {processor.py:186} INFO - Started process (PID=15089) to work on /opt/airflow/dags/SQL_Server.py
[2025-07-11T00:02:08.121+0000] {processor.py:914} INFO - Processing file /opt/airflow/dags/SQL_Server.py for tasks to queue
[2025-07-11T00:02:08.124+0000] {logging_mixin.py:190} INFO - [2025-07-11T00:02:08.123+0000] {dagbag.py:588} INFO - Filling up the DagBag from /opt/airflow/dags/SQL_Server.py
[2025-07-11T00:02:08.132+0000] {processor.py:925} INFO - DAG(s) 'test_local_sql_server' retrieved from /opt/airflow/dags/SQL_Server.py
[2025-07-11T00:02:08.157+0000] {logging_mixin.py:190} INFO - [2025-07-11T00:02:08.157+0000] {dag.py:3239} INFO - Sync 1 DAGs
[2025-07-11T00:02:08.172+0000] {logging_mixin.py:190} INFO - [2025-07-11T00:02:08.172+0000] {dag.py:4180} INFO - Setting next_dagrun for test_local_sql_server to None, run_after=None
[2025-07-11T00:02:08.189+0000] {processor.py:208} INFO - Processing /opt/airflow/dags/SQL_Server.py took 0.077 seconds
[2025-07-11T00:02:38.895+0000] {processor.py:186} INFO - Started process (PID=15125) to work on /opt/airflow/dags/SQL_Server.py
[2025-07-11T00:02:38.896+0000] {processor.py:914} INFO - Processing file /opt/airflow/dags/SQL_Server.py for tasks to queue
[2025-07-11T00:02:38.900+0000] {logging_mixin.py:190} INFO - [2025-07-11T00:02:38.900+0000] {dagbag.py:588} INFO - Filling up the DagBag from /opt/airflow/dags/SQL_Server.py
[2025-07-11T00:02:38.908+0000] {processor.py:925} INFO - DAG(s) 'test_local_sql_server' retrieved from /opt/airflow/dags/SQL_Server.py
[2025-07-11T00:02:38.934+0000] {logging_mixin.py:190} INFO - [2025-07-11T00:02:38.934+0000] {dag.py:3239} INFO - Sync 1 DAGs
[2025-07-11T00:02:38.949+0000] {logging_mixin.py:190} INFO - [2025-07-11T00:02:38.949+0000] {dag.py:4180} INFO - Setting next_dagrun for test_local_sql_server to None, run_after=None
[2025-07-11T00:02:38.967+0000] {processor.py:208} INFO - Processing /opt/airflow/dags/SQL_Server.py took 0.081 seconds
[2025-07-11T00:03:09.687+0000] {processor.py:186} INFO - Started process (PID=15161) to work on /opt/airflow/dags/SQL_Server.py
[2025-07-11T00:03:09.693+0000] {processor.py:914} INFO - Processing file /opt/airflow/dags/SQL_Server.py for tasks to queue
[2025-07-11T00:03:09.696+0000] {logging_mixin.py:190} INFO - [2025-07-11T00:03:09.696+0000] {dagbag.py:588} INFO - Filling up the DagBag from /opt/airflow/dags/SQL_Server.py
[2025-07-11T00:03:09.703+0000] {processor.py:925} INFO - DAG(s) 'test_local_sql_server' retrieved from /opt/airflow/dags/SQL_Server.py
[2025-07-11T00:03:09.729+0000] {logging_mixin.py:190} INFO - [2025-07-11T00:03:09.728+0000] {dag.py:3239} INFO - Sync 1 DAGs
[2025-07-11T00:03:09.745+0000] {logging_mixin.py:190} INFO - [2025-07-11T00:03:09.745+0000] {dag.py:4180} INFO - Setting next_dagrun for test_local_sql_server to None, run_after=None
[2025-07-11T00:03:09.766+0000] {processor.py:208} INFO - Processing /opt/airflow/dags/SQL_Server.py took 0.087 seconds
[2025-07-11T00:03:40.466+0000] {processor.py:186} INFO - Started process (PID=15197) to work on /opt/airflow/dags/SQL_Server.py
[2025-07-11T00:03:40.468+0000] {processor.py:914} INFO - Processing file /opt/airflow/dags/SQL_Server.py for tasks to queue
[2025-07-11T00:03:40.472+0000] {logging_mixin.py:190} INFO - [2025-07-11T00:03:40.472+0000] {dagbag.py:588} INFO - Filling up the DagBag from /opt/airflow/dags/SQL_Server.py
[2025-07-11T00:03:40.484+0000] {processor.py:925} INFO - DAG(s) 'test_local_sql_server' retrieved from /opt/airflow/dags/SQL_Server.py
[2025-07-11T00:03:40.509+0000] {logging_mixin.py:190} INFO - [2025-07-11T00:03:40.509+0000] {dag.py:3239} INFO - Sync 1 DAGs
[2025-07-11T00:03:40.525+0000] {logging_mixin.py:190} INFO - [2025-07-11T00:03:40.524+0000] {dag.py:4180} INFO - Setting next_dagrun for test_local_sql_server to None, run_after=None
[2025-07-11T00:03:40.541+0000] {processor.py:208} INFO - Processing /opt/airflow/dags/SQL_Server.py took 0.086 seconds
[2025-07-11T00:04:11.234+0000] {processor.py:186} INFO - Started process (PID=15233) to work on /opt/airflow/dags/SQL_Server.py
[2025-07-11T00:04:11.240+0000] {processor.py:914} INFO - Processing file /opt/airflow/dags/SQL_Server.py for tasks to queue
[2025-07-11T00:04:11.244+0000] {logging_mixin.py:190} INFO - [2025-07-11T00:04:11.244+0000] {dagbag.py:588} INFO - Filling up the DagBag from /opt/airflow/dags/SQL_Server.py
[2025-07-11T00:04:11.252+0000] {processor.py:925} INFO - DAG(s) 'test_local_sql_server' retrieved from /opt/airflow/dags/SQL_Server.py
[2025-07-11T00:04:11.277+0000] {logging_mixin.py:190} INFO - [2025-07-11T00:04:11.277+0000] {dag.py:3239} INFO - Sync 1 DAGs
[2025-07-11T00:04:11.293+0000] {logging_mixin.py:190} INFO - [2025-07-11T00:04:11.293+0000] {dag.py:4180} INFO - Setting next_dagrun for test_local_sql_server to None, run_after=None
[2025-07-11T00:04:11.310+0000] {processor.py:208} INFO - Processing /opt/airflow/dags/SQL_Server.py took 0.087 seconds
[2025-07-11T00:04:42.008+0000] {processor.py:186} INFO - Started process (PID=15269) to work on /opt/airflow/dags/SQL_Server.py
[2025-07-11T00:04:42.009+0000] {processor.py:914} INFO - Processing file /opt/airflow/dags/SQL_Server.py for tasks to queue
[2025-07-11T00:04:42.013+0000] {logging_mixin.py:190} INFO - [2025-07-11T00:04:42.012+0000] {dagbag.py:588} INFO - Filling up the DagBag from /opt/airflow/dags/SQL_Server.py
[2025-07-11T00:04:42.021+0000] {processor.py:925} INFO - DAG(s) 'test_local_sql_server' retrieved from /opt/airflow/dags/SQL_Server.py
[2025-07-11T00:04:42.046+0000] {logging_mixin.py:190} INFO - [2025-07-11T00:04:42.046+0000] {dag.py:3239} INFO - Sync 1 DAGs
[2025-07-11T00:04:42.062+0000] {logging_mixin.py:190} INFO - [2025-07-11T00:04:42.062+0000] {dag.py:4180} INFO - Setting next_dagrun for test_local_sql_server to None, run_after=None
[2025-07-11T00:04:42.080+0000] {processor.py:208} INFO - Processing /opt/airflow/dags/SQL_Server.py took 0.082 seconds
[2025-07-11T00:05:12.725+0000] {processor.py:186} INFO - Started process (PID=15305) to work on /opt/airflow/dags/SQL_Server.py
[2025-07-11T00:05:12.727+0000] {processor.py:914} INFO - Processing file /opt/airflow/dags/SQL_Server.py for tasks to queue
[2025-07-11T00:05:12.731+0000] {logging_mixin.py:190} INFO - [2025-07-11T00:05:12.730+0000] {dagbag.py:588} INFO - Filling up the DagBag from /opt/airflow/dags/SQL_Server.py
[2025-07-11T00:05:12.743+0000] {processor.py:925} INFO - DAG(s) 'test_local_sql_server' retrieved from /opt/airflow/dags/SQL_Server.py
[2025-07-11T00:05:12.769+0000] {logging_mixin.py:190} INFO - [2025-07-11T00:05:12.769+0000] {dag.py:3239} INFO - Sync 1 DAGs
[2025-07-11T00:05:12.785+0000] {logging_mixin.py:190} INFO - [2025-07-11T00:05:12.785+0000] {dag.py:4180} INFO - Setting next_dagrun for test_local_sql_server to None, run_after=None
[2025-07-11T00:05:12.802+0000] {processor.py:208} INFO - Processing /opt/airflow/dags/SQL_Server.py took 0.089 seconds
[2025-07-11T00:05:43.388+0000] {processor.py:186} INFO - Started process (PID=15341) to work on /opt/airflow/dags/SQL_Server.py
[2025-07-11T00:05:43.389+0000] {processor.py:914} INFO - Processing file /opt/airflow/dags/SQL_Server.py for tasks to queue
[2025-07-11T00:05:43.392+0000] {logging_mixin.py:190} INFO - [2025-07-11T00:05:43.392+0000] {dagbag.py:588} INFO - Filling up the DagBag from /opt/airflow/dags/SQL_Server.py
[2025-07-11T00:05:43.401+0000] {processor.py:925} INFO - DAG(s) 'test_local_sql_server' retrieved from /opt/airflow/dags/SQL_Server.py
[2025-07-11T00:05:43.426+0000] {logging_mixin.py:190} INFO - [2025-07-11T00:05:43.425+0000] {dag.py:3239} INFO - Sync 1 DAGs
[2025-07-11T00:05:43.440+0000] {logging_mixin.py:190} INFO - [2025-07-11T00:05:43.440+0000] {dag.py:4180} INFO - Setting next_dagrun for test_local_sql_server to None, run_after=None
[2025-07-11T00:05:43.457+0000] {processor.py:208} INFO - Processing /opt/airflow/dags/SQL_Server.py took 0.078 seconds
[2025-07-11T00:06:14.165+0000] {processor.py:186} INFO - Started process (PID=15377) to work on /opt/airflow/dags/SQL_Server.py
[2025-07-11T00:06:14.166+0000] {processor.py:914} INFO - Processing file /opt/airflow/dags/SQL_Server.py for tasks to queue
[2025-07-11T00:06:14.170+0000] {logging_mixin.py:190} INFO - [2025-07-11T00:06:14.169+0000] {dagbag.py:588} INFO - Filling up the DagBag from /opt/airflow/dags/SQL_Server.py
[2025-07-11T00:06:14.178+0000] {processor.py:925} INFO - DAG(s) 'test_local_sql_server' retrieved from /opt/airflow/dags/SQL_Server.py
[2025-07-11T00:06:14.203+0000] {logging_mixin.py:190} INFO - [2025-07-11T00:06:14.202+0000] {dag.py:3239} INFO - Sync 1 DAGs
[2025-07-11T00:06:14.218+0000] {logging_mixin.py:190} INFO - [2025-07-11T00:06:14.218+0000] {dag.py:4180} INFO - Setting next_dagrun for test_local_sql_server to None, run_after=None
[2025-07-11T00:06:14.235+0000] {processor.py:208} INFO - Processing /opt/airflow/dags/SQL_Server.py took 0.081 seconds
[2025-07-11T00:06:44.864+0000] {processor.py:186} INFO - Started process (PID=15413) to work on /opt/airflow/dags/SQL_Server.py
[2025-07-11T00:06:44.865+0000] {processor.py:914} INFO - Processing file /opt/airflow/dags/SQL_Server.py for tasks to queue
[2025-07-11T00:06:44.869+0000] {logging_mixin.py:190} INFO - [2025-07-11T00:06:44.869+0000] {dagbag.py:588} INFO - Filling up the DagBag from /opt/airflow/dags/SQL_Server.py
[2025-07-11T00:06:44.880+0000] {processor.py:925} INFO - DAG(s) 'test_local_sql_server' retrieved from /opt/airflow/dags/SQL_Server.py
[2025-07-11T00:06:44.906+0000] {logging_mixin.py:190} INFO - [2025-07-11T00:06:44.905+0000] {dag.py:3239} INFO - Sync 1 DAGs
[2025-07-11T00:06:44.921+0000] {logging_mixin.py:190} INFO - [2025-07-11T00:06:44.921+0000] {dag.py:4180} INFO - Setting next_dagrun for test_local_sql_server to None, run_after=None
[2025-07-11T00:06:44.937+0000] {processor.py:208} INFO - Processing /opt/airflow/dags/SQL_Server.py took 0.082 seconds
[2025-07-11T00:07:15.650+0000] {processor.py:186} INFO - Started process (PID=15449) to work on /opt/airflow/dags/SQL_Server.py
[2025-07-11T00:07:15.652+0000] {processor.py:914} INFO - Processing file /opt/airflow/dags/SQL_Server.py for tasks to queue
[2025-07-11T00:07:15.655+0000] {logging_mixin.py:190} INFO - [2025-07-11T00:07:15.655+0000] {dagbag.py:588} INFO - Filling up the DagBag from /opt/airflow/dags/SQL_Server.py
[2025-07-11T00:07:15.663+0000] {processor.py:925} INFO - DAG(s) 'test_local_sql_server' retrieved from /opt/airflow/dags/SQL_Server.py
[2025-07-11T00:07:15.688+0000] {logging_mixin.py:190} INFO - [2025-07-11T00:07:15.688+0000] {dag.py:3239} INFO - Sync 1 DAGs
[2025-07-11T00:07:15.706+0000] {logging_mixin.py:190} INFO - [2025-07-11T00:07:15.706+0000] {dag.py:4180} INFO - Setting next_dagrun for test_local_sql_server to None, run_after=None
[2025-07-11T00:07:15.724+0000] {processor.py:208} INFO - Processing /opt/airflow/dags/SQL_Server.py took 0.084 seconds
[2025-07-11T00:07:46.410+0000] {processor.py:186} INFO - Started process (PID=15485) to work on /opt/airflow/dags/SQL_Server.py
[2025-07-11T00:07:46.411+0000] {processor.py:914} INFO - Processing file /opt/airflow/dags/SQL_Server.py for tasks to queue
[2025-07-11T00:07:46.415+0000] {logging_mixin.py:190} INFO - [2025-07-11T00:07:46.414+0000] {dagbag.py:588} INFO - Filling up the DagBag from /opt/airflow/dags/SQL_Server.py
[2025-07-11T00:07:46.423+0000] {processor.py:925} INFO - DAG(s) 'test_local_sql_server' retrieved from /opt/airflow/dags/SQL_Server.py
[2025-07-11T00:07:46.448+0000] {logging_mixin.py:190} INFO - [2025-07-11T00:07:46.448+0000] {dag.py:3239} INFO - Sync 1 DAGs
[2025-07-11T00:07:46.464+0000] {logging_mixin.py:190} INFO - [2025-07-11T00:07:46.463+0000] {dag.py:4180} INFO - Setting next_dagrun for test_local_sql_server to None, run_after=None
[2025-07-11T00:07:46.481+0000] {processor.py:208} INFO - Processing /opt/airflow/dags/SQL_Server.py took 0.082 seconds
[2025-07-11T00:08:17.178+0000] {processor.py:186} INFO - Started process (PID=15521) to work on /opt/airflow/dags/SQL_Server.py
[2025-07-11T00:08:17.179+0000] {processor.py:914} INFO - Processing file /opt/airflow/dags/SQL_Server.py for tasks to queue
[2025-07-11T00:08:17.184+0000] {logging_mixin.py:190} INFO - [2025-07-11T00:08:17.184+0000] {dagbag.py:588} INFO - Filling up the DagBag from /opt/airflow/dags/SQL_Server.py
[2025-07-11T00:08:17.194+0000] {processor.py:925} INFO - DAG(s) 'test_local_sql_server' retrieved from /opt/airflow/dags/SQL_Server.py
[2025-07-11T00:08:17.219+0000] {logging_mixin.py:190} INFO - [2025-07-11T00:08:17.219+0000] {dag.py:3239} INFO - Sync 1 DAGs
[2025-07-11T00:08:17.234+0000] {logging_mixin.py:190} INFO - [2025-07-11T00:08:17.234+0000] {dag.py:4180} INFO - Setting next_dagrun for test_local_sql_server to None, run_after=None
[2025-07-11T00:08:17.252+0000] {processor.py:208} INFO - Processing /opt/airflow/dags/SQL_Server.py took 0.085 seconds
[2025-07-11T00:08:47.972+0000] {processor.py:186} INFO - Started process (PID=15557) to work on /opt/airflow/dags/SQL_Server.py
[2025-07-11T00:08:47.972+0000] {processor.py:914} INFO - Processing file /opt/airflow/dags/SQL_Server.py for tasks to queue
[2025-07-11T00:08:47.976+0000] {logging_mixin.py:190} INFO - [2025-07-11T00:08:47.975+0000] {dagbag.py:588} INFO - Filling up the DagBag from /opt/airflow/dags/SQL_Server.py
[2025-07-11T00:08:47.983+0000] {processor.py:925} INFO - DAG(s) 'test_local_sql_server' retrieved from /opt/airflow/dags/SQL_Server.py
[2025-07-11T00:08:48.007+0000] {logging_mixin.py:190} INFO - [2025-07-11T00:08:48.007+0000] {dag.py:3239} INFO - Sync 1 DAGs
[2025-07-11T00:08:48.032+0000] {logging_mixin.py:190} INFO - [2025-07-11T00:08:48.031+0000] {dag.py:4180} INFO - Setting next_dagrun for test_local_sql_server to None, run_after=None
[2025-07-11T00:08:48.055+0000] {processor.py:208} INFO - Processing /opt/airflow/dags/SQL_Server.py took 0.093 seconds
[2025-07-11T00:09:18.674+0000] {processor.py:186} INFO - Started process (PID=15593) to work on /opt/airflow/dags/SQL_Server.py
[2025-07-11T00:09:18.675+0000] {processor.py:914} INFO - Processing file /opt/airflow/dags/SQL_Server.py for tasks to queue
[2025-07-11T00:09:18.678+0000] {logging_mixin.py:190} INFO - [2025-07-11T00:09:18.678+0000] {dagbag.py:588} INFO - Filling up the DagBag from /opt/airflow/dags/SQL_Server.py
[2025-07-11T00:09:18.686+0000] {processor.py:925} INFO - DAG(s) 'test_local_sql_server' retrieved from /opt/airflow/dags/SQL_Server.py
[2025-07-11T00:09:18.711+0000] {logging_mixin.py:190} INFO - [2025-07-11T00:09:18.711+0000] {dag.py:3239} INFO - Sync 1 DAGs
[2025-07-11T00:09:18.726+0000] {logging_mixin.py:190} INFO - [2025-07-11T00:09:18.726+0000] {dag.py:4180} INFO - Setting next_dagrun for test_local_sql_server to None, run_after=None
[2025-07-11T00:09:18.743+0000] {processor.py:208} INFO - Processing /opt/airflow/dags/SQL_Server.py took 0.083 seconds
[2025-07-11T00:09:49.467+0000] {processor.py:186} INFO - Started process (PID=15629) to work on /opt/airflow/dags/SQL_Server.py
[2025-07-11T00:09:49.468+0000] {processor.py:914} INFO - Processing file /opt/airflow/dags/SQL_Server.py for tasks to queue
[2025-07-11T00:09:49.472+0000] {logging_mixin.py:190} INFO - [2025-07-11T00:09:49.472+0000] {dagbag.py:588} INFO - Filling up the DagBag from /opt/airflow/dags/SQL_Server.py
[2025-07-11T00:09:49.480+0000] {processor.py:925} INFO - DAG(s) 'test_local_sql_server' retrieved from /opt/airflow/dags/SQL_Server.py
[2025-07-11T00:09:49.506+0000] {logging_mixin.py:190} INFO - [2025-07-11T00:09:49.506+0000] {dag.py:3239} INFO - Sync 1 DAGs
[2025-07-11T00:09:49.522+0000] {logging_mixin.py:190} INFO - [2025-07-11T00:09:49.521+0000] {dag.py:4180} INFO - Setting next_dagrun for test_local_sql_server to None, run_after=None
[2025-07-11T00:09:49.539+0000] {processor.py:208} INFO - Processing /opt/airflow/dags/SQL_Server.py took 0.082 seconds
[2025-07-11T00:10:20.213+0000] {processor.py:186} INFO - Started process (PID=15665) to work on /opt/airflow/dags/SQL_Server.py
[2025-07-11T00:10:20.220+0000] {processor.py:914} INFO - Processing file /opt/airflow/dags/SQL_Server.py for tasks to queue
[2025-07-11T00:10:20.222+0000] {logging_mixin.py:190} INFO - [2025-07-11T00:10:20.222+0000] {dagbag.py:588} INFO - Filling up the DagBag from /opt/airflow/dags/SQL_Server.py
[2025-07-11T00:10:20.230+0000] {processor.py:925} INFO - DAG(s) 'test_local_sql_server' retrieved from /opt/airflow/dags/SQL_Server.py
[2025-07-11T00:10:20.255+0000] {logging_mixin.py:190} INFO - [2025-07-11T00:10:20.255+0000] {dag.py:3239} INFO - Sync 1 DAGs
[2025-07-11T00:10:20.270+0000] {logging_mixin.py:190} INFO - [2025-07-11T00:10:20.270+0000] {dag.py:4180} INFO - Setting next_dagrun for test_local_sql_server to None, run_after=None
[2025-07-11T00:10:20.287+0000] {processor.py:208} INFO - Processing /opt/airflow/dags/SQL_Server.py took 0.084 seconds
[2025-07-11T00:10:50.885+0000] {processor.py:186} INFO - Started process (PID=15701) to work on /opt/airflow/dags/SQL_Server.py
[2025-07-11T00:10:50.886+0000] {processor.py:914} INFO - Processing file /opt/airflow/dags/SQL_Server.py for tasks to queue
[2025-07-11T00:10:50.889+0000] {logging_mixin.py:190} INFO - [2025-07-11T00:10:50.889+0000] {dagbag.py:588} INFO - Filling up the DagBag from /opt/airflow/dags/SQL_Server.py
[2025-07-11T00:10:50.898+0000] {processor.py:925} INFO - DAG(s) 'test_local_sql_server' retrieved from /opt/airflow/dags/SQL_Server.py
[2025-07-11T00:10:50.924+0000] {logging_mixin.py:190} INFO - [2025-07-11T00:10:50.923+0000] {dag.py:3239} INFO - Sync 1 DAGs
[2025-07-11T00:10:50.939+0000] {logging_mixin.py:190} INFO - [2025-07-11T00:10:50.939+0000] {dag.py:4180} INFO - Setting next_dagrun for test_local_sql_server to None, run_after=None
[2025-07-11T00:10:50.957+0000] {processor.py:208} INFO - Processing /opt/airflow/dags/SQL_Server.py took 0.080 seconds
[2025-07-11T00:11:21.678+0000] {processor.py:186} INFO - Started process (PID=15737) to work on /opt/airflow/dags/SQL_Server.py
[2025-07-11T00:11:21.684+0000] {processor.py:914} INFO - Processing file /opt/airflow/dags/SQL_Server.py for tasks to queue
[2025-07-11T00:11:21.687+0000] {logging_mixin.py:190} INFO - [2025-07-11T00:11:21.687+0000] {dagbag.py:588} INFO - Filling up the DagBag from /opt/airflow/dags/SQL_Server.py
[2025-07-11T00:11:21.698+0000] {processor.py:925} INFO - DAG(s) 'test_local_sql_server' retrieved from /opt/airflow/dags/SQL_Server.py
[2025-07-11T00:11:21.724+0000] {logging_mixin.py:190} INFO - [2025-07-11T00:11:21.723+0000] {dag.py:3239} INFO - Sync 1 DAGs
[2025-07-11T00:11:21.739+0000] {logging_mixin.py:190} INFO - [2025-07-11T00:11:21.739+0000] {dag.py:4180} INFO - Setting next_dagrun for test_local_sql_server to None, run_after=None
[2025-07-11T00:11:21.758+0000] {processor.py:208} INFO - Processing /opt/airflow/dags/SQL_Server.py took 0.089 seconds
[2025-07-11T00:11:52.453+0000] {processor.py:186} INFO - Started process (PID=15773) to work on /opt/airflow/dags/SQL_Server.py
[2025-07-11T00:11:52.454+0000] {processor.py:914} INFO - Processing file /opt/airflow/dags/SQL_Server.py for tasks to queue
[2025-07-11T00:11:52.458+0000] {logging_mixin.py:190} INFO - [2025-07-11T00:11:52.458+0000] {dagbag.py:588} INFO - Filling up the DagBag from /opt/airflow/dags/SQL_Server.py
[2025-07-11T00:11:52.468+0000] {processor.py:925} INFO - DAG(s) 'test_local_sql_server' retrieved from /opt/airflow/dags/SQL_Server.py
[2025-07-11T00:11:52.494+0000] {logging_mixin.py:190} INFO - [2025-07-11T00:11:52.493+0000] {dag.py:3239} INFO - Sync 1 DAGs
[2025-07-11T00:11:52.509+0000] {logging_mixin.py:190} INFO - [2025-07-11T00:11:52.509+0000] {dag.py:4180} INFO - Setting next_dagrun for test_local_sql_server to None, run_after=None
[2025-07-11T00:11:52.526+0000] {processor.py:208} INFO - Processing /opt/airflow/dags/SQL_Server.py took 0.083 seconds
[2025-07-11T00:12:23.230+0000] {processor.py:186} INFO - Started process (PID=15809) to work on /opt/airflow/dags/SQL_Server.py
[2025-07-11T00:12:23.232+0000] {processor.py:914} INFO - Processing file /opt/airflow/dags/SQL_Server.py for tasks to queue
[2025-07-11T00:12:23.235+0000] {logging_mixin.py:190} INFO - [2025-07-11T00:12:23.235+0000] {dagbag.py:588} INFO - Filling up the DagBag from /opt/airflow/dags/SQL_Server.py
[2025-07-11T00:12:23.243+0000] {processor.py:925} INFO - DAG(s) 'test_local_sql_server' retrieved from /opt/airflow/dags/SQL_Server.py
[2025-07-11T00:12:23.267+0000] {logging_mixin.py:190} INFO - [2025-07-11T00:12:23.267+0000] {dag.py:3239} INFO - Sync 1 DAGs
[2025-07-11T00:12:23.282+0000] {logging_mixin.py:190} INFO - [2025-07-11T00:12:23.282+0000] {dag.py:4180} INFO - Setting next_dagrun for test_local_sql_server to None, run_after=None
[2025-07-11T00:12:23.299+0000] {processor.py:208} INFO - Processing /opt/airflow/dags/SQL_Server.py took 0.079 seconds
[2025-07-11T00:12:53.908+0000] {processor.py:186} INFO - Started process (PID=15845) to work on /opt/airflow/dags/SQL_Server.py
[2025-07-11T00:12:53.909+0000] {processor.py:914} INFO - Processing file /opt/airflow/dags/SQL_Server.py for tasks to queue
[2025-07-11T00:12:53.912+0000] {logging_mixin.py:190} INFO - [2025-07-11T00:12:53.912+0000] {dagbag.py:588} INFO - Filling up the DagBag from /opt/airflow/dags/SQL_Server.py
[2025-07-11T00:12:53.920+0000] {processor.py:925} INFO - DAG(s) 'test_local_sql_server' retrieved from /opt/airflow/dags/SQL_Server.py
[2025-07-11T00:12:53.945+0000] {logging_mixin.py:190} INFO - [2025-07-11T00:12:53.945+0000] {dag.py:3239} INFO - Sync 1 DAGs
[2025-07-11T00:12:53.960+0000] {logging_mixin.py:190} INFO - [2025-07-11T00:12:53.960+0000] {dag.py:4180} INFO - Setting next_dagrun for test_local_sql_server to None, run_after=None
[2025-07-11T00:12:53.978+0000] {processor.py:208} INFO - Processing /opt/airflow/dags/SQL_Server.py took 0.080 seconds
[2025-07-11T00:13:24.593+0000] {processor.py:186} INFO - Started process (PID=15881) to work on /opt/airflow/dags/SQL_Server.py
[2025-07-11T00:13:24.599+0000] {processor.py:914} INFO - Processing file /opt/airflow/dags/SQL_Server.py for tasks to queue
[2025-07-11T00:13:24.604+0000] {logging_mixin.py:190} INFO - [2025-07-11T00:13:24.603+0000] {dagbag.py:588} INFO - Filling up the DagBag from /opt/airflow/dags/SQL_Server.py
[2025-07-11T00:13:24.616+0000] {processor.py:925} INFO - DAG(s) 'test_local_sql_server' retrieved from /opt/airflow/dags/SQL_Server.py
[2025-07-11T00:13:24.642+0000] {logging_mixin.py:190} INFO - [2025-07-11T00:13:24.641+0000] {dag.py:3239} INFO - Sync 1 DAGs
[2025-07-11T00:13:24.657+0000] {logging_mixin.py:190} INFO - [2025-07-11T00:13:24.657+0000] {dag.py:4180} INFO - Setting next_dagrun for test_local_sql_server to None, run_after=None
[2025-07-11T00:13:24.675+0000] {processor.py:208} INFO - Processing /opt/airflow/dags/SQL_Server.py took 0.092 seconds
[2025-07-11T00:13:55.421+0000] {processor.py:186} INFO - Started process (PID=15917) to work on /opt/airflow/dags/SQL_Server.py
[2025-07-11T00:13:55.422+0000] {processor.py:914} INFO - Processing file /opt/airflow/dags/SQL_Server.py for tasks to queue
[2025-07-11T00:13:55.425+0000] {logging_mixin.py:190} INFO - [2025-07-11T00:13:55.425+0000] {dagbag.py:588} INFO - Filling up the DagBag from /opt/airflow/dags/SQL_Server.py
[2025-07-11T00:13:55.432+0000] {processor.py:925} INFO - DAG(s) 'test_local_sql_server' retrieved from /opt/airflow/dags/SQL_Server.py
[2025-07-11T00:13:55.455+0000] {logging_mixin.py:190} INFO - [2025-07-11T00:13:55.454+0000] {dag.py:3239} INFO - Sync 1 DAGs
[2025-07-11T00:13:55.469+0000] {logging_mixin.py:190} INFO - [2025-07-11T00:13:55.469+0000] {dag.py:4180} INFO - Setting next_dagrun for test_local_sql_server to None, run_after=None
[2025-07-11T00:13:55.486+0000] {processor.py:208} INFO - Processing /opt/airflow/dags/SQL_Server.py took 0.077 seconds
[2025-07-11T00:14:26.206+0000] {processor.py:186} INFO - Started process (PID=15953) to work on /opt/airflow/dags/SQL_Server.py
[2025-07-11T00:14:26.208+0000] {processor.py:914} INFO - Processing file /opt/airflow/dags/SQL_Server.py for tasks to queue
[2025-07-11T00:14:26.211+0000] {logging_mixin.py:190} INFO - [2025-07-11T00:14:26.211+0000] {dagbag.py:588} INFO - Filling up the DagBag from /opt/airflow/dags/SQL_Server.py
[2025-07-11T00:14:26.219+0000] {processor.py:925} INFO - DAG(s) 'test_local_sql_server' retrieved from /opt/airflow/dags/SQL_Server.py
[2025-07-11T00:14:26.244+0000] {logging_mixin.py:190} INFO - [2025-07-11T00:14:26.244+0000] {dag.py:3239} INFO - Sync 1 DAGs
[2025-07-11T00:14:26.259+0000] {logging_mixin.py:190} INFO - [2025-07-11T00:14:26.259+0000] {dag.py:4180} INFO - Setting next_dagrun for test_local_sql_server to None, run_after=None
[2025-07-11T00:14:26.275+0000] {processor.py:208} INFO - Processing /opt/airflow/dags/SQL_Server.py took 0.078 seconds
[2025-07-11T00:14:56.994+0000] {processor.py:186} INFO - Started process (PID=15989) to work on /opt/airflow/dags/SQL_Server.py
[2025-07-11T00:14:56.995+0000] {processor.py:914} INFO - Processing file /opt/airflow/dags/SQL_Server.py for tasks to queue
[2025-07-11T00:14:57.000+0000] {logging_mixin.py:190} INFO - [2025-07-11T00:14:57.000+0000] {dagbag.py:588} INFO - Filling up the DagBag from /opt/airflow/dags/SQL_Server.py
[2025-07-11T00:14:57.014+0000] {processor.py:925} INFO - DAG(s) 'test_local_sql_server' retrieved from /opt/airflow/dags/SQL_Server.py
[2025-07-11T00:14:57.039+0000] {logging_mixin.py:190} INFO - [2025-07-11T00:14:57.039+0000] {dag.py:3239} INFO - Sync 1 DAGs
[2025-07-11T00:14:57.054+0000] {logging_mixin.py:190} INFO - [2025-07-11T00:14:57.054+0000] {dag.py:4180} INFO - Setting next_dagrun for test_local_sql_server to None, run_after=None
[2025-07-11T00:14:57.074+0000] {processor.py:208} INFO - Processing /opt/airflow/dags/SQL_Server.py took 0.091 seconds
[2025-07-11T00:15:27.808+0000] {processor.py:186} INFO - Started process (PID=16025) to work on /opt/airflow/dags/SQL_Server.py
[2025-07-11T00:15:27.810+0000] {processor.py:914} INFO - Processing file /opt/airflow/dags/SQL_Server.py for tasks to queue
[2025-07-11T00:15:27.815+0000] {logging_mixin.py:190} INFO - [2025-07-11T00:15:27.815+0000] {dagbag.py:588} INFO - Filling up the DagBag from /opt/airflow/dags/SQL_Server.py
[2025-07-11T00:15:27.828+0000] {processor.py:925} INFO - DAG(s) 'test_local_sql_server' retrieved from /opt/airflow/dags/SQL_Server.py
[2025-07-11T00:15:27.853+0000] {logging_mixin.py:190} INFO - [2025-07-11T00:15:27.853+0000] {dag.py:3239} INFO - Sync 1 DAGs
[2025-07-11T00:15:27.871+0000] {logging_mixin.py:190} INFO - [2025-07-11T00:15:27.871+0000] {dag.py:4180} INFO - Setting next_dagrun for test_local_sql_server to None, run_after=None
[2025-07-11T00:15:27.888+0000] {processor.py:208} INFO - Processing /opt/airflow/dags/SQL_Server.py took 0.091 seconds
[2025-07-11T00:15:58.586+0000] {processor.py:186} INFO - Started process (PID=16061) to work on /opt/airflow/dags/SQL_Server.py
[2025-07-11T00:15:58.587+0000] {processor.py:914} INFO - Processing file /opt/airflow/dags/SQL_Server.py for tasks to queue
[2025-07-11T00:15:58.591+0000] {logging_mixin.py:190} INFO - [2025-07-11T00:15:58.590+0000] {dagbag.py:588} INFO - Filling up the DagBag from /opt/airflow/dags/SQL_Server.py
[2025-07-11T00:15:58.600+0000] {processor.py:925} INFO - DAG(s) 'test_local_sql_server' retrieved from /opt/airflow/dags/SQL_Server.py
[2025-07-11T00:15:58.625+0000] {logging_mixin.py:190} INFO - [2025-07-11T00:15:58.625+0000] {dag.py:3239} INFO - Sync 1 DAGs
[2025-07-11T00:15:58.641+0000] {logging_mixin.py:190} INFO - [2025-07-11T00:15:58.640+0000] {dag.py:4180} INFO - Setting next_dagrun for test_local_sql_server to None, run_after=None
[2025-07-11T00:15:58.658+0000] {processor.py:208} INFO - Processing /opt/airflow/dags/SQL_Server.py took 0.081 seconds
[2025-07-11T00:16:29.385+0000] {processor.py:186} INFO - Started process (PID=16097) to work on /opt/airflow/dags/SQL_Server.py
[2025-07-11T00:16:29.386+0000] {processor.py:914} INFO - Processing file /opt/airflow/dags/SQL_Server.py for tasks to queue
[2025-07-11T00:16:29.390+0000] {logging_mixin.py:190} INFO - [2025-07-11T00:16:29.389+0000] {dagbag.py:588} INFO - Filling up the DagBag from /opt/airflow/dags/SQL_Server.py
[2025-07-11T00:16:29.397+0000] {processor.py:925} INFO - DAG(s) 'test_local_sql_server' retrieved from /opt/airflow/dags/SQL_Server.py
[2025-07-11T00:16:29.422+0000] {logging_mixin.py:190} INFO - [2025-07-11T00:16:29.422+0000] {dag.py:3239} INFO - Sync 1 DAGs
[2025-07-11T00:16:29.437+0000] {logging_mixin.py:190} INFO - [2025-07-11T00:16:29.437+0000] {dag.py:4180} INFO - Setting next_dagrun for test_local_sql_server to None, run_after=None
[2025-07-11T00:16:29.454+0000] {processor.py:208} INFO - Processing /opt/airflow/dags/SQL_Server.py took 0.086 seconds
[2025-07-11T00:17:00.110+0000] {processor.py:186} INFO - Started process (PID=16133) to work on /opt/airflow/dags/SQL_Server.py
[2025-07-11T00:17:00.111+0000] {processor.py:914} INFO - Processing file /opt/airflow/dags/SQL_Server.py for tasks to queue
[2025-07-11T00:17:00.117+0000] {logging_mixin.py:190} INFO - [2025-07-11T00:17:00.116+0000] {dagbag.py:588} INFO - Filling up the DagBag from /opt/airflow/dags/SQL_Server.py
[2025-07-11T00:17:00.126+0000] {processor.py:925} INFO - DAG(s) 'test_local_sql_server' retrieved from /opt/airflow/dags/SQL_Server.py
[2025-07-11T00:17:00.152+0000] {logging_mixin.py:190} INFO - [2025-07-11T00:17:00.152+0000] {dag.py:3239} INFO - Sync 1 DAGs
[2025-07-11T00:17:00.169+0000] {logging_mixin.py:190} INFO - [2025-07-11T00:17:00.169+0000] {dag.py:4180} INFO - Setting next_dagrun for test_local_sql_server to None, run_after=None
[2025-07-11T00:17:00.187+0000] {processor.py:208} INFO - Processing /opt/airflow/dags/SQL_Server.py took 0.090 seconds
[2025-07-11T00:17:30.863+0000] {processor.py:186} INFO - Started process (PID=16169) to work on /opt/airflow/dags/SQL_Server.py
[2025-07-11T00:17:30.865+0000] {processor.py:914} INFO - Processing file /opt/airflow/dags/SQL_Server.py for tasks to queue
[2025-07-11T00:17:30.868+0000] {logging_mixin.py:190} INFO - [2025-07-11T00:17:30.868+0000] {dagbag.py:588} INFO - Filling up the DagBag from /opt/airflow/dags/SQL_Server.py
[2025-07-11T00:17:30.877+0000] {processor.py:925} INFO - DAG(s) 'test_local_sql_server' retrieved from /opt/airflow/dags/SQL_Server.py
[2025-07-11T00:17:30.902+0000] {logging_mixin.py:190} INFO - [2025-07-11T00:17:30.901+0000] {dag.py:3239} INFO - Sync 1 DAGs
[2025-07-11T00:17:30.918+0000] {logging_mixin.py:190} INFO - [2025-07-11T00:17:30.918+0000] {dag.py:4180} INFO - Setting next_dagrun for test_local_sql_server to None, run_after=None
[2025-07-11T00:17:30.939+0000] {processor.py:208} INFO - Processing /opt/airflow/dags/SQL_Server.py took 0.086 seconds
[2025-07-11T00:18:01.517+0000] {processor.py:186} INFO - Started process (PID=16205) to work on /opt/airflow/dags/SQL_Server.py
[2025-07-11T00:18:01.518+0000] {processor.py:914} INFO - Processing file /opt/airflow/dags/SQL_Server.py for tasks to queue
[2025-07-11T00:18:01.522+0000] {logging_mixin.py:190} INFO - [2025-07-11T00:18:01.521+0000] {dagbag.py:588} INFO - Filling up the DagBag from /opt/airflow/dags/SQL_Server.py
[2025-07-11T00:18:01.530+0000] {processor.py:925} INFO - DAG(s) 'test_local_sql_server' retrieved from /opt/airflow/dags/SQL_Server.py
[2025-07-11T00:18:01.556+0000] {logging_mixin.py:190} INFO - [2025-07-11T00:18:01.556+0000] {dag.py:3239} INFO - Sync 1 DAGs
[2025-07-11T00:18:01.572+0000] {logging_mixin.py:190} INFO - [2025-07-11T00:18:01.572+0000] {dag.py:4180} INFO - Setting next_dagrun for test_local_sql_server to None, run_after=None
[2025-07-11T00:18:01.593+0000] {processor.py:208} INFO - Processing /opt/airflow/dags/SQL_Server.py took 0.086 seconds
[2025-07-11T00:18:32.191+0000] {processor.py:186} INFO - Started process (PID=16241) to work on /opt/airflow/dags/SQL_Server.py
[2025-07-11T00:18:32.192+0000] {processor.py:914} INFO - Processing file /opt/airflow/dags/SQL_Server.py for tasks to queue
[2025-07-11T00:18:32.196+0000] {logging_mixin.py:190} INFO - [2025-07-11T00:18:32.195+0000] {dagbag.py:588} INFO - Filling up the DagBag from /opt/airflow/dags/SQL_Server.py
[2025-07-11T00:18:32.204+0000] {processor.py:925} INFO - DAG(s) 'test_local_sql_server' retrieved from /opt/airflow/dags/SQL_Server.py
[2025-07-11T00:18:32.229+0000] {logging_mixin.py:190} INFO - [2025-07-11T00:18:32.229+0000] {dag.py:3239} INFO - Sync 1 DAGs
[2025-07-11T00:18:32.245+0000] {logging_mixin.py:190} INFO - [2025-07-11T00:18:32.244+0000] {dag.py:4180} INFO - Setting next_dagrun for test_local_sql_server to None, run_after=None
[2025-07-11T00:18:32.261+0000] {processor.py:208} INFO - Processing /opt/airflow/dags/SQL_Server.py took 0.079 seconds
[2025-07-11T00:19:02.954+0000] {processor.py:186} INFO - Started process (PID=16283) to work on /opt/airflow/dags/SQL_Server.py
[2025-07-11T00:19:02.955+0000] {processor.py:914} INFO - Processing file /opt/airflow/dags/SQL_Server.py for tasks to queue
[2025-07-11T00:19:02.958+0000] {logging_mixin.py:190} INFO - [2025-07-11T00:19:02.958+0000] {dagbag.py:588} INFO - Filling up the DagBag from /opt/airflow/dags/SQL_Server.py
[2025-07-11T00:19:02.967+0000] {processor.py:925} INFO - DAG(s) 'test_local_sql_server' retrieved from /opt/airflow/dags/SQL_Server.py
[2025-07-11T00:19:02.991+0000] {logging_mixin.py:190} INFO - [2025-07-11T00:19:02.991+0000] {dag.py:3239} INFO - Sync 1 DAGs
[2025-07-11T00:19:03.007+0000] {logging_mixin.py:190} INFO - [2025-07-11T00:19:03.007+0000] {dag.py:4180} INFO - Setting next_dagrun for test_local_sql_server to None, run_after=None
[2025-07-11T00:19:03.027+0000] {processor.py:208} INFO - Processing /opt/airflow/dags/SQL_Server.py took 0.084 seconds
[2025-07-11T00:19:33.647+0000] {processor.py:186} INFO - Started process (PID=16320) to work on /opt/airflow/dags/SQL_Server.py
[2025-07-11T00:19:33.654+0000] {processor.py:914} INFO - Processing file /opt/airflow/dags/SQL_Server.py for tasks to queue
[2025-07-11T00:19:33.659+0000] {logging_mixin.py:190} INFO - [2025-07-11T00:19:33.659+0000] {dagbag.py:588} INFO - Filling up the DagBag from /opt/airflow/dags/SQL_Server.py
[2025-07-11T00:19:33.674+0000] {processor.py:925} INFO - DAG(s) 'test_local_sql_server' retrieved from /opt/airflow/dags/SQL_Server.py
[2025-07-11T00:19:33.706+0000] {logging_mixin.py:190} INFO - [2025-07-11T00:19:33.706+0000] {dag.py:3239} INFO - Sync 1 DAGs
[2025-07-11T00:19:33.726+0000] {logging_mixin.py:190} INFO - [2025-07-11T00:19:33.726+0000] {dag.py:4180} INFO - Setting next_dagrun for test_local_sql_server to None, run_after=None
[2025-07-11T00:19:33.750+0000] {processor.py:208} INFO - Processing /opt/airflow/dags/SQL_Server.py took 0.116 seconds
[2025-07-11T00:20:04.347+0000] {processor.py:186} INFO - Started process (PID=16356) to work on /opt/airflow/dags/SQL_Server.py
[2025-07-11T00:20:04.348+0000] {processor.py:914} INFO - Processing file /opt/airflow/dags/SQL_Server.py for tasks to queue
[2025-07-11T00:20:04.351+0000] {logging_mixin.py:190} INFO - [2025-07-11T00:20:04.351+0000] {dagbag.py:588} INFO - Filling up the DagBag from /opt/airflow/dags/SQL_Server.py
[2025-07-11T00:20:04.360+0000] {processor.py:925} INFO - DAG(s) 'test_local_sql_server' retrieved from /opt/airflow/dags/SQL_Server.py
[2025-07-11T00:20:04.387+0000] {logging_mixin.py:190} INFO - [2025-07-11T00:20:04.386+0000] {dag.py:3239} INFO - Sync 1 DAGs
[2025-07-11T00:20:04.403+0000] {logging_mixin.py:190} INFO - [2025-07-11T00:20:04.403+0000] {dag.py:4180} INFO - Setting next_dagrun for test_local_sql_server to None, run_after=None
[2025-07-11T00:20:04.421+0000] {processor.py:208} INFO - Processing /opt/airflow/dags/SQL_Server.py took 0.084 seconds
[2025-07-11T00:20:35.159+0000] {processor.py:186} INFO - Started process (PID=16392) to work on /opt/airflow/dags/SQL_Server.py
[2025-07-11T00:20:35.160+0000] {processor.py:914} INFO - Processing file /opt/airflow/dags/SQL_Server.py for tasks to queue
[2025-07-11T00:20:35.163+0000] {logging_mixin.py:190} INFO - [2025-07-11T00:20:35.163+0000] {dagbag.py:588} INFO - Filling up the DagBag from /opt/airflow/dags/SQL_Server.py
[2025-07-11T00:20:35.172+0000] {processor.py:925} INFO - DAG(s) 'test_local_sql_server' retrieved from /opt/airflow/dags/SQL_Server.py
[2025-07-11T00:20:35.197+0000] {logging_mixin.py:190} INFO - [2025-07-11T00:20:35.196+0000] {dag.py:3239} INFO - Sync 1 DAGs
[2025-07-11T00:20:35.212+0000] {logging_mixin.py:190} INFO - [2025-07-11T00:20:35.212+0000] {dag.py:4180} INFO - Setting next_dagrun for test_local_sql_server to None, run_after=None
[2025-07-11T00:20:35.229+0000] {processor.py:208} INFO - Processing /opt/airflow/dags/SQL_Server.py took 0.082 seconds
[2025-07-11T00:21:05.910+0000] {processor.py:186} INFO - Started process (PID=16428) to work on /opt/airflow/dags/SQL_Server.py
[2025-07-11T00:21:05.911+0000] {processor.py:914} INFO - Processing file /opt/airflow/dags/SQL_Server.py for tasks to queue
[2025-07-11T00:21:05.915+0000] {logging_mixin.py:190} INFO - [2025-07-11T00:21:05.914+0000] {dagbag.py:588} INFO - Filling up the DagBag from /opt/airflow/dags/SQL_Server.py
[2025-07-11T00:21:05.922+0000] {processor.py:925} INFO - DAG(s) 'test_local_sql_server' retrieved from /opt/airflow/dags/SQL_Server.py
[2025-07-11T00:21:05.946+0000] {logging_mixin.py:190} INFO - [2025-07-11T00:21:05.945+0000] {dag.py:3239} INFO - Sync 1 DAGs
[2025-07-11T00:21:05.962+0000] {logging_mixin.py:190} INFO - [2025-07-11T00:21:05.962+0000] {dag.py:4180} INFO - Setting next_dagrun for test_local_sql_server to None, run_after=None
[2025-07-11T00:21:05.980+0000] {processor.py:208} INFO - Processing /opt/airflow/dags/SQL_Server.py took 0.083 seconds
[2025-07-11T00:21:36.644+0000] {processor.py:186} INFO - Started process (PID=16464) to work on /opt/airflow/dags/SQL_Server.py
[2025-07-11T00:21:36.645+0000] {processor.py:914} INFO - Processing file /opt/airflow/dags/SQL_Server.py for tasks to queue
[2025-07-11T00:21:36.651+0000] {logging_mixin.py:190} INFO - [2025-07-11T00:21:36.650+0000] {dagbag.py:588} INFO - Filling up the DagBag from /opt/airflow/dags/SQL_Server.py
[2025-07-11T00:21:36.661+0000] {processor.py:925} INFO - DAG(s) 'test_local_sql_server' retrieved from /opt/airflow/dags/SQL_Server.py
[2025-07-11T00:21:36.694+0000] {logging_mixin.py:190} INFO - [2025-07-11T00:21:36.694+0000] {dag.py:3239} INFO - Sync 1 DAGs
[2025-07-11T00:21:36.714+0000] {logging_mixin.py:190} INFO - [2025-07-11T00:21:36.714+0000] {dag.py:4180} INFO - Setting next_dagrun for test_local_sql_server to None, run_after=None
[2025-07-11T00:21:36.745+0000] {processor.py:208} INFO - Processing /opt/airflow/dags/SQL_Server.py took 0.115 seconds
[2025-07-11T00:22:07.336+0000] {processor.py:186} INFO - Started process (PID=16500) to work on /opt/airflow/dags/SQL_Server.py
[2025-07-11T00:22:07.337+0000] {processor.py:914} INFO - Processing file /opt/airflow/dags/SQL_Server.py for tasks to queue
[2025-07-11T00:22:07.341+0000] {logging_mixin.py:190} INFO - [2025-07-11T00:22:07.341+0000] {dagbag.py:588} INFO - Filling up the DagBag from /opt/airflow/dags/SQL_Server.py
[2025-07-11T00:22:07.351+0000] {processor.py:925} INFO - DAG(s) 'test_local_sql_server' retrieved from /opt/airflow/dags/SQL_Server.py
[2025-07-11T00:22:07.387+0000] {logging_mixin.py:190} INFO - [2025-07-11T00:22:07.386+0000] {dag.py:3239} INFO - Sync 1 DAGs
[2025-07-11T00:22:07.411+0000] {logging_mixin.py:190} INFO - [2025-07-11T00:22:07.410+0000] {dag.py:4180} INFO - Setting next_dagrun for test_local_sql_server to None, run_after=None
[2025-07-11T00:22:07.431+0000] {processor.py:208} INFO - Processing /opt/airflow/dags/SQL_Server.py took 0.105 seconds
[2025-07-11T00:22:38.154+0000] {processor.py:186} INFO - Started process (PID=16536) to work on /opt/airflow/dags/SQL_Server.py
[2025-07-11T00:22:38.160+0000] {processor.py:914} INFO - Processing file /opt/airflow/dags/SQL_Server.py for tasks to queue
[2025-07-11T00:22:38.165+0000] {logging_mixin.py:190} INFO - [2025-07-11T00:22:38.165+0000] {dagbag.py:588} INFO - Filling up the DagBag from /opt/airflow/dags/SQL_Server.py
[2025-07-11T00:22:38.178+0000] {processor.py:925} INFO - DAG(s) 'test_local_sql_server' retrieved from /opt/airflow/dags/SQL_Server.py
[2025-07-11T00:22:38.207+0000] {logging_mixin.py:190} INFO - [2025-07-11T00:22:38.207+0000] {dag.py:3239} INFO - Sync 1 DAGs
[2025-07-11T00:22:38.223+0000] {logging_mixin.py:190} INFO - [2025-07-11T00:22:38.223+0000] {dag.py:4180} INFO - Setting next_dagrun for test_local_sql_server to None, run_after=None
[2025-07-11T00:22:38.242+0000] {processor.py:208} INFO - Processing /opt/airflow/dags/SQL_Server.py took 0.100 seconds
[2025-07-11T00:23:08.829+0000] {processor.py:186} INFO - Started process (PID=16573) to work on /opt/airflow/dags/SQL_Server.py
[2025-07-11T00:23:08.830+0000] {processor.py:914} INFO - Processing file /opt/airflow/dags/SQL_Server.py for tasks to queue
[2025-07-11T00:23:08.834+0000] {logging_mixin.py:190} INFO - [2025-07-11T00:23:08.833+0000] {dagbag.py:588} INFO - Filling up the DagBag from /opt/airflow/dags/SQL_Server.py
[2025-07-11T00:23:08.842+0000] {processor.py:925} INFO - DAG(s) 'test_local_sql_server' retrieved from /opt/airflow/dags/SQL_Server.py
[2025-07-11T00:23:08.869+0000] {logging_mixin.py:190} INFO - [2025-07-11T00:23:08.869+0000] {dag.py:3239} INFO - Sync 1 DAGs
[2025-07-11T00:23:08.885+0000] {logging_mixin.py:190} INFO - [2025-07-11T00:23:08.884+0000] {dag.py:4180} INFO - Setting next_dagrun for test_local_sql_server to None, run_after=None
[2025-07-11T00:23:08.902+0000] {processor.py:208} INFO - Processing /opt/airflow/dags/SQL_Server.py took 0.083 seconds
[2025-07-11T00:23:39.578+0000] {processor.py:186} INFO - Started process (PID=16609) to work on /opt/airflow/dags/SQL_Server.py
[2025-07-11T00:23:39.584+0000] {processor.py:914} INFO - Processing file /opt/airflow/dags/SQL_Server.py for tasks to queue
[2025-07-11T00:23:39.587+0000] {logging_mixin.py:190} INFO - [2025-07-11T00:23:39.587+0000] {dagbag.py:588} INFO - Filling up the DagBag from /opt/airflow/dags/SQL_Server.py
[2025-07-11T00:23:39.595+0000] {processor.py:925} INFO - DAG(s) 'test_local_sql_server' retrieved from /opt/airflow/dags/SQL_Server.py
[2025-07-11T00:23:39.621+0000] {logging_mixin.py:190} INFO - [2025-07-11T00:23:39.620+0000] {dag.py:3239} INFO - Sync 1 DAGs
[2025-07-11T00:23:39.640+0000] {logging_mixin.py:190} INFO - [2025-07-11T00:23:39.640+0000] {dag.py:4180} INFO - Setting next_dagrun for test_local_sql_server to None, run_after=None
[2025-07-11T00:23:39.660+0000] {processor.py:208} INFO - Processing /opt/airflow/dags/SQL_Server.py took 0.093 seconds
[2025-07-11T00:24:10.194+0000] {processor.py:186} INFO - Started process (PID=16645) to work on /opt/airflow/dags/SQL_Server.py
[2025-07-11T00:24:10.196+0000] {processor.py:914} INFO - Processing file /opt/airflow/dags/SQL_Server.py for tasks to queue
[2025-07-11T00:24:10.201+0000] {logging_mixin.py:190} INFO - [2025-07-11T00:24:10.200+0000] {dagbag.py:588} INFO - Filling up the DagBag from /opt/airflow/dags/SQL_Server.py
[2025-07-11T00:24:10.213+0000] {processor.py:925} INFO - DAG(s) 'test_local_sql_server' retrieved from /opt/airflow/dags/SQL_Server.py
[2025-07-11T00:24:10.241+0000] {logging_mixin.py:190} INFO - [2025-07-11T00:24:10.240+0000] {dag.py:3239} INFO - Sync 1 DAGs
[2025-07-11T00:24:10.257+0000] {logging_mixin.py:190} INFO - [2025-07-11T00:24:10.256+0000] {dag.py:4180} INFO - Setting next_dagrun for test_local_sql_server to None, run_after=None
[2025-07-11T00:24:10.276+0000] {processor.py:208} INFO - Processing /opt/airflow/dags/SQL_Server.py took 0.094 seconds
[2025-07-11T00:24:40.888+0000] {processor.py:186} INFO - Started process (PID=16681) to work on /opt/airflow/dags/SQL_Server.py
[2025-07-11T00:24:40.890+0000] {processor.py:914} INFO - Processing file /opt/airflow/dags/SQL_Server.py for tasks to queue
[2025-07-11T00:24:40.893+0000] {logging_mixin.py:190} INFO - [2025-07-11T00:24:40.892+0000] {dagbag.py:588} INFO - Filling up the DagBag from /opt/airflow/dags/SQL_Server.py
[2025-07-11T00:24:40.900+0000] {processor.py:925} INFO - DAG(s) 'test_local_sql_server' retrieved from /opt/airflow/dags/SQL_Server.py
[2025-07-11T00:24:40.932+0000] {logging_mixin.py:190} INFO - [2025-07-11T00:24:40.932+0000] {dag.py:3239} INFO - Sync 1 DAGs
[2025-07-11T00:24:40.952+0000] {logging_mixin.py:190} INFO - [2025-07-11T00:24:40.952+0000] {dag.py:4180} INFO - Setting next_dagrun for test_local_sql_server to None, run_after=None
[2025-07-11T00:24:40.971+0000] {processor.py:208} INFO - Processing /opt/airflow/dags/SQL_Server.py took 0.091 seconds
[2025-07-11T00:25:11.689+0000] {processor.py:186} INFO - Started process (PID=16717) to work on /opt/airflow/dags/SQL_Server.py
[2025-07-11T00:25:11.690+0000] {processor.py:914} INFO - Processing file /opt/airflow/dags/SQL_Server.py for tasks to queue
[2025-07-11T00:25:11.693+0000] {logging_mixin.py:190} INFO - [2025-07-11T00:25:11.693+0000] {dagbag.py:588} INFO - Filling up the DagBag from /opt/airflow/dags/SQL_Server.py
[2025-07-11T00:25:11.702+0000] {processor.py:925} INFO - DAG(s) 'test_local_sql_server' retrieved from /opt/airflow/dags/SQL_Server.py
[2025-07-11T00:25:11.728+0000] {logging_mixin.py:190} INFO - [2025-07-11T00:25:11.728+0000] {dag.py:3239} INFO - Sync 1 DAGs
[2025-07-11T00:25:11.745+0000] {logging_mixin.py:190} INFO - [2025-07-11T00:25:11.745+0000] {dag.py:4180} INFO - Setting next_dagrun for test_local_sql_server to None, run_after=None
[2025-07-11T00:25:11.766+0000] {processor.py:208} INFO - Processing /opt/airflow/dags/SQL_Server.py took 0.087 seconds
[2025-07-11T00:25:42.497+0000] {processor.py:186} INFO - Started process (PID=16753) to work on /opt/airflow/dags/SQL_Server.py
[2025-07-11T00:25:42.504+0000] {processor.py:914} INFO - Processing file /opt/airflow/dags/SQL_Server.py for tasks to queue
[2025-07-11T00:25:42.507+0000] {logging_mixin.py:190} INFO - [2025-07-11T00:25:42.507+0000] {dagbag.py:588} INFO - Filling up the DagBag from /opt/airflow/dags/SQL_Server.py
[2025-07-11T00:25:42.515+0000] {processor.py:925} INFO - DAG(s) 'test_local_sql_server' retrieved from /opt/airflow/dags/SQL_Server.py
[2025-07-11T00:25:42.541+0000] {logging_mixin.py:190} INFO - [2025-07-11T00:25:42.540+0000] {dag.py:3239} INFO - Sync 1 DAGs
[2025-07-11T00:25:42.557+0000] {logging_mixin.py:190} INFO - [2025-07-11T00:25:42.557+0000] {dag.py:4180} INFO - Setting next_dagrun for test_local_sql_server to None, run_after=None
[2025-07-11T00:25:42.574+0000] {processor.py:208} INFO - Processing /opt/airflow/dags/SQL_Server.py took 0.087 seconds
[2025-07-11T00:26:13.296+0000] {processor.py:186} INFO - Started process (PID=16789) to work on /opt/airflow/dags/SQL_Server.py
[2025-07-11T00:26:13.297+0000] {processor.py:914} INFO - Processing file /opt/airflow/dags/SQL_Server.py for tasks to queue
[2025-07-11T00:26:13.301+0000] {logging_mixin.py:190} INFO - [2025-07-11T00:26:13.300+0000] {dagbag.py:588} INFO - Filling up the DagBag from /opt/airflow/dags/SQL_Server.py
[2025-07-11T00:26:13.310+0000] {processor.py:925} INFO - DAG(s) 'test_local_sql_server' retrieved from /opt/airflow/dags/SQL_Server.py
[2025-07-11T00:26:13.337+0000] {logging_mixin.py:190} INFO - [2025-07-11T00:26:13.337+0000] {dag.py:3239} INFO - Sync 1 DAGs
[2025-07-11T00:26:13.355+0000] {logging_mixin.py:190} INFO - [2025-07-11T00:26:13.355+0000] {dag.py:4180} INFO - Setting next_dagrun for test_local_sql_server to None, run_after=None
[2025-07-11T00:26:13.374+0000] {processor.py:208} INFO - Processing /opt/airflow/dags/SQL_Server.py took 0.088 seconds
[2025-07-11T00:26:43.995+0000] {processor.py:186} INFO - Started process (PID=16825) to work on /opt/airflow/dags/SQL_Server.py
[2025-07-11T00:26:44.002+0000] {processor.py:914} INFO - Processing file /opt/airflow/dags/SQL_Server.py for tasks to queue
[2025-07-11T00:26:44.006+0000] {logging_mixin.py:190} INFO - [2025-07-11T00:26:44.006+0000] {dagbag.py:588} INFO - Filling up the DagBag from /opt/airflow/dags/SQL_Server.py
[2025-07-11T00:26:44.019+0000] {processor.py:925} INFO - DAG(s) 'test_local_sql_server' retrieved from /opt/airflow/dags/SQL_Server.py
[2025-07-11T00:26:44.046+0000] {logging_mixin.py:190} INFO - [2025-07-11T00:26:44.045+0000] {dag.py:3239} INFO - Sync 1 DAGs
[2025-07-11T00:26:44.061+0000] {logging_mixin.py:190} INFO - [2025-07-11T00:26:44.061+0000] {dag.py:4180} INFO - Setting next_dagrun for test_local_sql_server to None, run_after=None
[2025-07-11T00:26:44.083+0000] {processor.py:208} INFO - Processing /opt/airflow/dags/SQL_Server.py took 0.097 seconds
[2025-07-11T00:27:14.804+0000] {processor.py:186} INFO - Started process (PID=16861) to work on /opt/airflow/dags/SQL_Server.py
[2025-07-11T00:27:14.805+0000] {processor.py:914} INFO - Processing file /opt/airflow/dags/SQL_Server.py for tasks to queue
[2025-07-11T00:27:14.810+0000] {logging_mixin.py:190} INFO - [2025-07-11T00:27:14.809+0000] {dagbag.py:588} INFO - Filling up the DagBag from /opt/airflow/dags/SQL_Server.py
[2025-07-11T00:27:14.821+0000] {processor.py:925} INFO - DAG(s) 'test_local_sql_server' retrieved from /opt/airflow/dags/SQL_Server.py
[2025-07-11T00:27:14.855+0000] {logging_mixin.py:190} INFO - [2025-07-11T00:27:14.855+0000] {dag.py:3239} INFO - Sync 1 DAGs
[2025-07-11T00:27:14.874+0000] {logging_mixin.py:190} INFO - [2025-07-11T00:27:14.874+0000] {dag.py:4180} INFO - Setting next_dagrun for test_local_sql_server to None, run_after=None
[2025-07-11T00:27:14.900+0000] {processor.py:208} INFO - Processing /opt/airflow/dags/SQL_Server.py took 0.108 seconds
